[4.396s] DEBUG:colcon:Command line arguments: ['/usr/bin/colcon', 'build', '--symlink-install']
[4.396s] DEBUG:colcon:Parsed command line arguments: Namespace(log_base=None, log_level=None, verb_name='build', build_base='build', install_base='install', merge_install=False, symlink_install=True, test_result_base=None, continue_on_error=False, executor='parallel', parallel_workers=8, event_handlers=None, ignore_user_meta=False, metas=['./colcon.meta'], base_paths=['.'], packages_ignore=None, packages_ignore_regex=None, paths=None, packages_up_to=None, packages_up_to_regex=None, packages_above=None, packages_above_and_dependencies=None, packages_above_depth=None, packages_select_by_dep=None, packages_skip_by_dep=None, packages_skip_up_to=None, packages_select_build_failed=False, packages_skip_build_finished=False, packages_select_test_failures=False, packages_skip_test_passed=False, packages_select=None, packages_skip=None, packages_select_regex=None, packages_skip_regex=None, packages_start=None, packages_end=None, cmake_args=None, cmake_target=None, cmake_target_skip_unavailable=False, cmake_clean_cache=False, cmake_clean_first=False, cmake_force_configure=False, ament_cmake_args=None, catkin_cmake_args=None, catkin_skip_building_tests=False, mixin_files=None, mixin=None, verb_parser=<colcon_mixin.mixin.mixin_argument.MixinArgumentDecorator object at 0x7ba5edf92fb0>, verb_extension=<colcon_core.verb.build.BuildVerb object at 0x7ba5ee08bf10>, main=<bound method BuildVerb.main of <colcon_core.verb.build.BuildVerb object at 0x7ba5ee08bf10>>, mixin_verb=('build',))
[15.037s] Level 1:colcon.colcon_core.package_discovery:discover_packages(colcon_meta) check parameters
[15.037s] Level 1:colcon.colcon_core.package_discovery:discover_packages(recursive) check parameters
[15.037s] Level 1:colcon.colcon_core.package_discovery:discover_packages(ignore) check parameters
[15.037s] Level 1:colcon.colcon_core.package_discovery:discover_packages(path) check parameters
[15.037s] Level 1:colcon.colcon_core.package_discovery:discover_packages(colcon_meta) discover
[15.037s] Level 1:colcon.colcon_core.package_discovery:discover_packages(recursive) discover
[15.037s] INFO:colcon.colcon_core.package_discovery:Crawling recursively for packages in '/Drone_Sim/ros_ws'
[15.037s] Level 1:colcon.colcon_core.package_identification:_identify(.) by extensions ['ignore', 'ignore_ament_install']
[15.037s] Level 1:colcon.colcon_core.package_identification:_identify(.) by extension 'ignore'
[15.037s] Level 1:colcon.colcon_core.package_identification:_identify(.) by extension 'ignore_ament_install'
[15.037s] Level 1:colcon.colcon_core.package_identification:_identify(.) by extensions ['colcon_pkg']
[15.038s] Level 1:colcon.colcon_core.package_identification:_identify(.) by extension 'colcon_pkg'
[15.038s] Level 1:colcon.colcon_core.package_identification:_identify(.) by extensions ['colcon_meta']
[15.038s] Level 1:colcon.colcon_core.package_identification:_identify(.) by extension 'colcon_meta'
[15.038s] Level 1:colcon.colcon_core.package_identification:_identify(.) by extensions ['ros']
[15.038s] Level 1:colcon.colcon_core.package_identification:_identify(.) by extension 'ros'
[15.124s] Level 1:colcon.colcon_core.package_identification:_identify(.) by extensions ['cmake', 'python']
[15.124s] Level 1:colcon.colcon_core.package_identification:_identify(.) by extension 'cmake'
[15.124s] Level 1:colcon.colcon_core.package_identification:_identify(.) by extension 'python'
[15.124s] Level 1:colcon.colcon_core.package_identification:_identify(.) by extensions ['python_setup_py']
[15.124s] Level 1:colcon.colcon_core.package_identification:_identify(.) by extension 'python_setup_py'
[15.171s] Level 1:colcon.colcon_core.package_identification:_identify(build) by extensions ['ignore', 'ignore_ament_install']
[15.171s] Level 1:colcon.colcon_core.package_identification:_identify(build) by extension 'ignore'
[15.171s] Level 1:colcon.colcon_core.package_identification:_identify(build) ignored
[15.171s] Level 1:colcon.colcon_core.package_identification:_identify(install) by extensions ['ignore', 'ignore_ament_install']
[15.171s] Level 1:colcon.colcon_core.package_identification:_identify(install) by extension 'ignore'
[15.171s] Level 1:colcon.colcon_core.package_identification:_identify(install) ignored
[15.171s] Level 1:colcon.colcon_core.package_identification:_identify(log) by extensions ['ignore', 'ignore_ament_install']
[15.171s] Level 1:colcon.colcon_core.package_identification:_identify(log) by extension 'ignore'
[15.171s] Level 1:colcon.colcon_core.package_identification:_identify(log) ignored
[15.171s] Level 1:colcon.colcon_core.package_identification:_identify(src) by extensions ['ignore', 'ignore_ament_install']
[15.171s] Level 1:colcon.colcon_core.package_identification:_identify(src) by extension 'ignore'
[15.171s] Level 1:colcon.colcon_core.package_identification:_identify(src) by extension 'ignore_ament_install'
[15.171s] Level 1:colcon.colcon_core.package_identification:_identify(src) by extensions ['colcon_pkg']
[15.171s] Level 1:colcon.colcon_core.package_identification:_identify(src) by extension 'colcon_pkg'
[15.171s] Level 1:colcon.colcon_core.package_identification:_identify(src) by extensions ['colcon_meta']
[15.171s] Level 1:colcon.colcon_core.package_identification:_identify(src) by extension 'colcon_meta'
[15.171s] Level 1:colcon.colcon_core.package_identification:_identify(src) by extensions ['ros']
[15.171s] Level 1:colcon.colcon_core.package_identification:_identify(src) by extension 'ros'
[15.172s] Level 1:colcon.colcon_core.package_identification:_identify(src) by extensions ['cmake', 'python']
[15.172s] Level 1:colcon.colcon_core.package_identification:_identify(src) by extension 'cmake'
[15.172s] Level 1:colcon.colcon_core.package_identification:_identify(src) by extension 'python'
[15.172s] Level 1:colcon.colcon_core.package_identification:_identify(src) by extensions ['python_setup_py']
[15.172s] Level 1:colcon.colcon_core.package_identification:_identify(src) by extension 'python_setup_py'
[15.172s] Level 1:colcon.colcon_core.package_identification:_identify(src/ROS2_PX4_Offboard_Example) by extensions ['ignore', 'ignore_ament_install']
[15.172s] Level 1:colcon.colcon_core.package_identification:_identify(src/ROS2_PX4_Offboard_Example) by extension 'ignore'
[15.172s] Level 1:colcon.colcon_core.package_identification:_identify(src/ROS2_PX4_Offboard_Example) by extension 'ignore_ament_install'
[15.172s] Level 1:colcon.colcon_core.package_identification:_identify(src/ROS2_PX4_Offboard_Example) by extensions ['colcon_pkg']
[15.172s] Level 1:colcon.colcon_core.package_identification:_identify(src/ROS2_PX4_Offboard_Example) by extension 'colcon_pkg'
[15.172s] Level 1:colcon.colcon_core.package_identification:_identify(src/ROS2_PX4_Offboard_Example) by extensions ['colcon_meta']
[15.172s] Level 1:colcon.colcon_core.package_identification:_identify(src/ROS2_PX4_Offboard_Example) by extension 'colcon_meta'
[15.172s] Level 1:colcon.colcon_core.package_identification:_identify(src/ROS2_PX4_Offboard_Example) by extensions ['ros']
[15.172s] Level 1:colcon.colcon_core.package_identification:_identify(src/ROS2_PX4_Offboard_Example) by extension 'ros'
[15.172s] Level 1:colcon.colcon_core.package_identification:_identify(src/ROS2_PX4_Offboard_Example) by extensions ['cmake', 'python']
[15.172s] Level 1:colcon.colcon_core.package_identification:_identify(src/ROS2_PX4_Offboard_Example) by extension 'cmake'
[15.172s] Level 1:colcon.colcon_core.package_identification:_identify(src/ROS2_PX4_Offboard_Example) by extension 'python'
[15.172s] Level 1:colcon.colcon_core.package_identification:_identify(src/ROS2_PX4_Offboard_Example) by extensions ['python_setup_py']
[15.172s] Level 1:colcon.colcon_core.package_identification:_identify(src/ROS2_PX4_Offboard_Example) by extension 'python_setup_py'
[15.172s] Level 1:colcon.colcon_core.package_identification:_identify(src/ROS2_PX4_Offboard_Example/px4_offboard) by extensions ['ignore', 'ignore_ament_install']
[15.172s] Level 1:colcon.colcon_core.package_identification:_identify(src/ROS2_PX4_Offboard_Example/px4_offboard) by extension 'ignore'
[15.172s] Level 1:colcon.colcon_core.package_identification:_identify(src/ROS2_PX4_Offboard_Example/px4_offboard) by extension 'ignore_ament_install'
[15.172s] Level 1:colcon.colcon_core.package_identification:_identify(src/ROS2_PX4_Offboard_Example/px4_offboard) by extensions ['colcon_pkg']
[15.172s] Level 1:colcon.colcon_core.package_identification:_identify(src/ROS2_PX4_Offboard_Example/px4_offboard) by extension 'colcon_pkg'
[15.172s] Level 1:colcon.colcon_core.package_identification:_identify(src/ROS2_PX4_Offboard_Example/px4_offboard) by extensions ['colcon_meta']
[15.172s] Level 1:colcon.colcon_core.package_identification:_identify(src/ROS2_PX4_Offboard_Example/px4_offboard) by extension 'colcon_meta'
[15.172s] Level 1:colcon.colcon_core.package_identification:_identify(src/ROS2_PX4_Offboard_Example/px4_offboard) by extensions ['ros']
[15.172s] Level 1:colcon.colcon_core.package_identification:_identify(src/ROS2_PX4_Offboard_Example/px4_offboard) by extension 'ros'
[15.175s] DEBUG:colcon.colcon_core.package_identification:Package 'src/ROS2_PX4_Offboard_Example/px4_offboard' with type 'ros.ament_python' and name 'px4_offboard'
[15.175s] Level 1:colcon.colcon_core.package_identification:_identify(src/px4_microxrce_nav) by extensions ['ignore', 'ignore_ament_install']
[15.175s] Level 1:colcon.colcon_core.package_identification:_identify(src/px4_microxrce_nav) by extension 'ignore'
[15.175s] Level 1:colcon.colcon_core.package_identification:_identify(src/px4_microxrce_nav) by extension 'ignore_ament_install'
[15.176s] Level 1:colcon.colcon_core.package_identification:_identify(src/px4_microxrce_nav) by extensions ['colcon_pkg']
[15.176s] Level 1:colcon.colcon_core.package_identification:_identify(src/px4_microxrce_nav) by extension 'colcon_pkg'
[15.176s] Level 1:colcon.colcon_core.package_identification:_identify(src/px4_microxrce_nav) by extensions ['colcon_meta']
[15.176s] Level 1:colcon.colcon_core.package_identification:_identify(src/px4_microxrce_nav) by extension 'colcon_meta'
[15.176s] Level 1:colcon.colcon_core.package_identification:_identify(src/px4_microxrce_nav) by extensions ['ros']
[15.176s] Level 1:colcon.colcon_core.package_identification:_identify(src/px4_microxrce_nav) by extension 'ros'
[15.227s] DEBUG:colcon.colcon_core.package_identification:Package 'src/px4_microxrce_nav' with type 'ros.ament_python' and name 'px4_microxrce_nav'
[15.227s] Level 1:colcon.colcon_core.package_identification:_identify(src/px4_msgs) by extensions ['ignore', 'ignore_ament_install']
[15.227s] Level 1:colcon.colcon_core.package_identification:_identify(src/px4_msgs) by extension 'ignore'
[15.227s] Level 1:colcon.colcon_core.package_identification:_identify(src/px4_msgs) by extension 'ignore_ament_install'
[15.227s] Level 1:colcon.colcon_core.package_identification:_identify(src/px4_msgs) by extensions ['colcon_pkg']
[15.227s] Level 1:colcon.colcon_core.package_identification:_identify(src/px4_msgs) by extension 'colcon_pkg'
[15.227s] Level 1:colcon.colcon_core.package_identification:_identify(src/px4_msgs) by extensions ['colcon_meta']
[15.227s] Level 1:colcon.colcon_core.package_identification:_identify(src/px4_msgs) by extension 'colcon_meta'
[15.227s] Level 1:colcon.colcon_core.package_identification:_identify(src/px4_msgs) by extensions ['ros']
[15.227s] Level 1:colcon.colcon_core.package_identification:_identify(src/px4_msgs) by extension 'ros'
[15.261s] DEBUG:colcon.colcon_core.package_identification:Package 'src/px4_msgs' with type 'ros.ament_cmake' and name 'px4_msgs'
[15.282s] Level 1:colcon.colcon_core.package_identification:_identify(src/px4_ros_com) by extensions ['ignore', 'ignore_ament_install']
[15.282s] Level 1:colcon.colcon_core.package_identification:_identify(src/px4_ros_com) by extension 'ignore'
[15.283s] Level 1:colcon.colcon_core.package_identification:_identify(src/px4_ros_com) by extension 'ignore_ament_install'
[15.283s] Level 1:colcon.colcon_core.package_identification:_identify(src/px4_ros_com) by extensions ['colcon_pkg']
[15.283s] Level 1:colcon.colcon_core.package_identification:_identify(src/px4_ros_com) by extension 'colcon_pkg'
[15.283s] Level 1:colcon.colcon_core.package_identification:_identify(src/px4_ros_com) by extensions ['colcon_meta']
[15.283s] Level 1:colcon.colcon_core.package_identification:_identify(src/px4_ros_com) by extension 'colcon_meta'
[15.283s] Level 1:colcon.colcon_core.package_identification:_identify(src/px4_ros_com) by extensions ['ros']
[15.283s] Level 1:colcon.colcon_core.package_identification:_identify(src/px4_ros_com) by extension 'ros'
[15.284s] DEBUG:colcon.colcon_core.package_identification:Package 'src/px4_ros_com' with type 'ros.ament_cmake' and name 'px4_ros_com'
[15.284s] Level 1:colcon.colcon_core.package_discovery:discover_packages(recursive) using defaults
[15.284s] Level 1:colcon.colcon_core.package_discovery:discover_packages(ignore) discover
[15.284s] Level 1:colcon.colcon_core.package_discovery:discover_packages(ignore) using defaults
[15.284s] Level 1:colcon.colcon_core.package_discovery:discover_packages(path) discover
[15.284s] Level 1:colcon.colcon_core.package_discovery:discover_packages(path) using defaults
[15.471s] Level 5:colcon.colcon_core.verb:set package 'px4_msgs' build argument 'cmake_args' from command line to 'None'
[15.471s] Level 5:colcon.colcon_core.verb:set package 'px4_msgs' build argument 'cmake_target' from command line to 'None'
[15.471s] Level 5:colcon.colcon_core.verb:set package 'px4_msgs' build argument 'cmake_target_skip_unavailable' from command line to 'False'
[15.471s] Level 5:colcon.colcon_core.verb:set package 'px4_msgs' build argument 'cmake_clean_cache' from command line to 'False'
[15.471s] Level 5:colcon.colcon_core.verb:set package 'px4_msgs' build argument 'cmake_clean_first' from command line to 'False'
[15.471s] Level 5:colcon.colcon_core.verb:set package 'px4_msgs' build argument 'cmake_force_configure' from command line to 'False'
[15.471s] Level 5:colcon.colcon_core.verb:set package 'px4_msgs' build argument 'ament_cmake_args' from command line to 'None'
[15.471s] Level 5:colcon.colcon_core.verb:set package 'px4_msgs' build argument 'catkin_cmake_args' from command line to 'None'
[15.471s] Level 5:colcon.colcon_core.verb:set package 'px4_msgs' build argument 'catkin_skip_building_tests' from command line to 'False'
[15.471s] DEBUG:colcon.colcon_core.verb:Building package 'px4_msgs' with the following arguments: {'ament_cmake_args': None, 'build_base': '/Drone_Sim/ros_ws/build/px4_msgs', 'catkin_cmake_args': None, 'catkin_skip_building_tests': False, 'cmake_args': None, 'cmake_clean_cache': False, 'cmake_clean_first': False, 'cmake_force_configure': False, 'cmake_target': None, 'cmake_target_skip_unavailable': False, 'install_base': '/Drone_Sim/ros_ws/install/px4_msgs', 'merge_install': False, 'path': '/Drone_Sim/ros_ws/src/px4_msgs', 'symlink_install': True, 'test_result_base': None}
[15.471s] Level 5:colcon.colcon_core.verb:set package 'px4_microxrce_nav' build argument 'cmake_args' from command line to 'None'
[15.471s] Level 5:colcon.colcon_core.verb:set package 'px4_microxrce_nav' build argument 'cmake_target' from command line to 'None'
[15.471s] Level 5:colcon.colcon_core.verb:set package 'px4_microxrce_nav' build argument 'cmake_target_skip_unavailable' from command line to 'False'
[15.471s] Level 5:colcon.colcon_core.verb:set package 'px4_microxrce_nav' build argument 'cmake_clean_cache' from command line to 'False'
[15.471s] Level 5:colcon.colcon_core.verb:set package 'px4_microxrce_nav' build argument 'cmake_clean_first' from command line to 'False'
[15.471s] Level 5:colcon.colcon_core.verb:set package 'px4_microxrce_nav' build argument 'cmake_force_configure' from command line to 'False'
[15.471s] Level 5:colcon.colcon_core.verb:set package 'px4_microxrce_nav' build argument 'ament_cmake_args' from command line to 'None'
[15.471s] Level 5:colcon.colcon_core.verb:set package 'px4_microxrce_nav' build argument 'catkin_cmake_args' from command line to 'None'
[15.471s] Level 5:colcon.colcon_core.verb:set package 'px4_microxrce_nav' build argument 'catkin_skip_building_tests' from command line to 'False'
[15.471s] DEBUG:colcon.colcon_core.verb:Building package 'px4_microxrce_nav' with the following arguments: {'ament_cmake_args': None, 'build_base': '/Drone_Sim/ros_ws/build/px4_microxrce_nav', 'catkin_cmake_args': None, 'catkin_skip_building_tests': False, 'cmake_args': None, 'cmake_clean_cache': False, 'cmake_clean_first': False, 'cmake_force_configure': False, 'cmake_target': None, 'cmake_target_skip_unavailable': False, 'install_base': '/Drone_Sim/ros_ws/install/px4_microxrce_nav', 'merge_install': False, 'path': '/Drone_Sim/ros_ws/src/px4_microxrce_nav', 'symlink_install': True, 'test_result_base': None}
[15.472s] Level 5:colcon.colcon_core.verb:set package 'px4_offboard' build argument 'cmake_args' from command line to 'None'
[15.472s] Level 5:colcon.colcon_core.verb:set package 'px4_offboard' build argument 'cmake_target' from command line to 'None'
[15.472s] Level 5:colcon.colcon_core.verb:set package 'px4_offboard' build argument 'cmake_target_skip_unavailable' from command line to 'False'
[15.472s] Level 5:colcon.colcon_core.verb:set package 'px4_offboard' build argument 'cmake_clean_cache' from command line to 'False'
[15.472s] Level 5:colcon.colcon_core.verb:set package 'px4_offboard' build argument 'cmake_clean_first' from command line to 'False'
[15.472s] Level 5:colcon.colcon_core.verb:set package 'px4_offboard' build argument 'cmake_force_configure' from command line to 'False'
[15.472s] Level 5:colcon.colcon_core.verb:set package 'px4_offboard' build argument 'ament_cmake_args' from command line to 'None'
[15.472s] Level 5:colcon.colcon_core.verb:set package 'px4_offboard' build argument 'catkin_cmake_args' from command line to 'None'
[15.472s] Level 5:colcon.colcon_core.verb:set package 'px4_offboard' build argument 'catkin_skip_building_tests' from command line to 'False'
[15.472s] DEBUG:colcon.colcon_core.verb:Building package 'px4_offboard' with the following arguments: {'ament_cmake_args': None, 'build_base': '/Drone_Sim/ros_ws/build/px4_offboard', 'catkin_cmake_args': None, 'catkin_skip_building_tests': False, 'cmake_args': None, 'cmake_clean_cache': False, 'cmake_clean_first': False, 'cmake_force_configure': False, 'cmake_target': None, 'cmake_target_skip_unavailable': False, 'install_base': '/Drone_Sim/ros_ws/install/px4_offboard', 'merge_install': False, 'path': '/Drone_Sim/ros_ws/src/ROS2_PX4_Offboard_Example/px4_offboard', 'symlink_install': True, 'test_result_base': None}
[15.472s] Level 5:colcon.colcon_core.verb:set package 'px4_ros_com' build argument 'cmake_args' from command line to 'None'
[15.472s] Level 5:colcon.colcon_core.verb:set package 'px4_ros_com' build argument 'cmake_target' from command line to 'None'
[15.472s] Level 5:colcon.colcon_core.verb:set package 'px4_ros_com' build argument 'cmake_target_skip_unavailable' from command line to 'False'
[15.472s] Level 5:colcon.colcon_core.verb:set package 'px4_ros_com' build argument 'cmake_clean_cache' from command line to 'False'
[15.472s] Level 5:colcon.colcon_core.verb:set package 'px4_ros_com' build argument 'cmake_clean_first' from command line to 'False'
[15.472s] Level 5:colcon.colcon_core.verb:set package 'px4_ros_com' build argument 'cmake_force_configure' from command line to 'False'
[15.472s] Level 5:colcon.colcon_core.verb:set package 'px4_ros_com' build argument 'ament_cmake_args' from command line to 'None'
[15.472s] Level 5:colcon.colcon_core.verb:set package 'px4_ros_com' build argument 'catkin_cmake_args' from command line to 'None'
[15.472s] Level 5:colcon.colcon_core.verb:set package 'px4_ros_com' build argument 'catkin_skip_building_tests' from command line to 'False'
[15.472s] DEBUG:colcon.colcon_core.verb:Building package 'px4_ros_com' with the following arguments: {'ament_cmake_args': None, 'build_base': '/Drone_Sim/ros_ws/build/px4_ros_com', 'catkin_cmake_args': None, 'catkin_skip_building_tests': False, 'cmake_args': None, 'cmake_clean_cache': False, 'cmake_clean_first': False, 'cmake_force_configure': False, 'cmake_target': None, 'cmake_target_skip_unavailable': False, 'install_base': '/Drone_Sim/ros_ws/install/px4_ros_com', 'merge_install': False, 'path': '/Drone_Sim/ros_ws/src/px4_ros_com', 'symlink_install': True, 'test_result_base': None}
[15.472s] INFO:colcon.colcon_core.executor:Executing jobs using 'parallel' executor
[15.473s] DEBUG:colcon.colcon_parallel_executor.executor.parallel:run_until_complete
[15.473s] INFO:colcon.colcon_ros.task.ament_cmake.build:Building ROS package in '/Drone_Sim/ros_ws/src/px4_msgs' with build type 'ament_cmake'
[15.473s] INFO:colcon.colcon_cmake.task.cmake.build:Building CMake package in '/Drone_Sim/ros_ws/src/px4_msgs'
[15.590s] INFO:colcon.colcon_core.plugin_system:Skipping extension 'colcon_core.shell.bat': Not used on non-Windows systems
[15.590s] INFO:colcon.colcon_core.shell:Skip shell extension 'powershell' for command environment: Not usable outside of PowerShell
[15.590s] DEBUG:colcon.colcon_core.shell:Skip shell extension 'dsv' for command environment
[15.940s] DEBUG:colcon.colcon_core.event_handler.log_command:Invoking command in '/Drone_Sim/ros_ws/build/px4_msgs': CMAKE_PREFIX_PATH=${CMAKE_PREFIX_PATH}:/Drone_Sim/ros_ws/install/px4_offboard:/Drone_Sim/ros_ws/install/px4_microxrce_nav:/Drone_Sim/ros_ws/install/my_px4_package:/Drone_Sim/ros_ws/install/autonomous_waypoint_nav:/opt/ros/humble /usr/bin/cmake --build /Drone_Sim/ros_ws/build/px4_msgs -- -j8 -l8
[20.741s] DEBUG:colcon.colcon_core.event_handler.log_command:Invoked command in '/Drone_Sim/ros_ws/build/px4_msgs' returned '0': CMAKE_PREFIX_PATH=${CMAKE_PREFIX_PATH}:/Drone_Sim/ros_ws/install/px4_offboard:/Drone_Sim/ros_ws/install/px4_microxrce_nav:/Drone_Sim/ros_ws/install/my_px4_package:/Drone_Sim/ros_ws/install/autonomous_waypoint_nav:/opt/ros/humble /usr/bin/cmake --build /Drone_Sim/ros_ws/build/px4_msgs -- -j8 -l8
[20.798s] DEBUG:colcon.colcon_core.event_handler.log_command:Invoking command in '/Drone_Sim/ros_ws/build/px4_msgs': CMAKE_PREFIX_PATH=${CMAKE_PREFIX_PATH}:/Drone_Sim/ros_ws/install/px4_offboard:/Drone_Sim/ros_ws/install/px4_microxrce_nav:/Drone_Sim/ros_ws/install/my_px4_package:/Drone_Sim/ros_ws/install/autonomous_waypoint_nav:/opt/ros/humble /usr/bin/cmake --install /Drone_Sim/ros_ws/build/px4_msgs
[23.920s] Level 1:colcon.colcon_core.environment:create_environment_scripts_only(px4_msgs)
[23.920s] DEBUG:colcon.colcon_core.event_handler.log_command:Invoked command in '/Drone_Sim/ros_ws/build/px4_msgs' returned '0': CMAKE_PREFIX_PATH=${CMAKE_PREFIX_PATH}:/Drone_Sim/ros_ws/install/px4_offboard:/Drone_Sim/ros_ws/install/px4_microxrce_nav:/Drone_Sim/ros_ws/install/my_px4_package:/Drone_Sim/ros_ws/install/autonomous_waypoint_nav:/opt/ros/humble /usr/bin/cmake --install /Drone_Sim/ros_ws/build/px4_msgs
[24.180s] Level 1:colcon.colcon_core.environment:checking '/Drone_Sim/ros_ws/install/px4_msgs' for CMake module files
[24.181s] Level 1:colcon.colcon_core.environment:checking '/Drone_Sim/ros_ws/install/px4_msgs' for CMake config files
[24.325s] Level 1:colcon.colcon_core.shell:create_environment_hook('px4_msgs', 'cmake_prefix_path')
[24.326s] INFO:colcon.colcon_core.shell:Creating environment hook '/Drone_Sim/ros_ws/install/px4_msgs/share/px4_msgs/hook/cmake_prefix_path.ps1'
[24.337s] INFO:colcon.colcon_core.shell:Creating environment descriptor '/Drone_Sim/ros_ws/install/px4_msgs/share/px4_msgs/hook/cmake_prefix_path.dsv'
[24.348s] INFO:colcon.colcon_core.shell:Creating environment hook '/Drone_Sim/ros_ws/install/px4_msgs/share/px4_msgs/hook/cmake_prefix_path.sh'
[24.404s] Level 1:colcon.colcon_core.environment:checking '/Drone_Sim/ros_ws/install/px4_msgs/lib'
[24.404s] Level 1:colcon.colcon_core.shell:create_environment_hook('px4_msgs', 'ld_library_path_lib')
[24.404s] INFO:colcon.colcon_core.shell:Creating environment hook '/Drone_Sim/ros_ws/install/px4_msgs/share/px4_msgs/hook/ld_library_path_lib.ps1'
[24.404s] INFO:colcon.colcon_core.shell:Creating environment descriptor '/Drone_Sim/ros_ws/install/px4_msgs/share/px4_msgs/hook/ld_library_path_lib.dsv'
[24.404s] INFO:colcon.colcon_core.shell:Creating environment hook '/Drone_Sim/ros_ws/install/px4_msgs/share/px4_msgs/hook/ld_library_path_lib.sh'
[24.405s] Level 1:colcon.colcon_core.environment:checking '/Drone_Sim/ros_ws/install/px4_msgs/bin'
[24.405s] Level 1:colcon.colcon_core.environment:checking '/Drone_Sim/ros_ws/install/px4_msgs/lib/pkgconfig/px4_msgs.pc'
[24.416s] Level 1:colcon.colcon_core.environment:checking '/Drone_Sim/ros_ws/install/px4_msgs/lib/python3.10/site-packages'
[24.416s] Level 1:colcon.colcon_core.environment:checking '/Drone_Sim/ros_ws/install/px4_msgs/bin'
[24.417s] INFO:colcon.colcon_core.shell:Creating package script '/Drone_Sim/ros_ws/install/px4_msgs/share/px4_msgs/package.ps1'
[24.417s] INFO:colcon.colcon_core.shell:Creating package descriptor '/Drone_Sim/ros_ws/install/px4_msgs/share/px4_msgs/package.dsv'
[24.418s] INFO:colcon.colcon_core.shell:Creating package script '/Drone_Sim/ros_ws/install/px4_msgs/share/px4_msgs/package.sh'
[24.419s] INFO:colcon.colcon_core.shell:Creating package script '/Drone_Sim/ros_ws/install/px4_msgs/share/px4_msgs/package.bash'
[24.434s] INFO:colcon.colcon_core.shell:Creating package script '/Drone_Sim/ros_ws/install/px4_msgs/share/px4_msgs/package.zsh'
[24.449s] Level 1:colcon.colcon_core.environment:create_file_with_runtime_dependencies(/Drone_Sim/ros_ws/install/px4_msgs/share/colcon-core/packages/px4_msgs)
[24.449s] Level 1:colcon.colcon_core.environment:create_environment_scripts_only(px4_msgs)
[24.449s] Level 1:colcon.colcon_core.environment:checking '/Drone_Sim/ros_ws/install/px4_msgs' for CMake module files
[24.450s] Level 1:colcon.colcon_core.environment:checking '/Drone_Sim/ros_ws/install/px4_msgs' for CMake config files
[24.464s] Level 1:colcon.colcon_core.shell:create_environment_hook('px4_msgs', 'cmake_prefix_path')
[24.464s] INFO:colcon.colcon_core.shell:Creating environment hook '/Drone_Sim/ros_ws/install/px4_msgs/share/px4_msgs/hook/cmake_prefix_path.ps1'
[24.465s] INFO:colcon.colcon_core.shell:Creating environment descriptor '/Drone_Sim/ros_ws/install/px4_msgs/share/px4_msgs/hook/cmake_prefix_path.dsv'
[24.465s] INFO:colcon.colcon_core.shell:Creating environment hook '/Drone_Sim/ros_ws/install/px4_msgs/share/px4_msgs/hook/cmake_prefix_path.sh'
[24.465s] Level 1:colcon.colcon_core.environment:checking '/Drone_Sim/ros_ws/install/px4_msgs/lib'
[24.465s] Level 1:colcon.colcon_core.shell:create_environment_hook('px4_msgs', 'ld_library_path_lib')
[24.465s] INFO:colcon.colcon_core.shell:Creating environment hook '/Drone_Sim/ros_ws/install/px4_msgs/share/px4_msgs/hook/ld_library_path_lib.ps1'
[24.466s] INFO:colcon.colcon_core.shell:Creating environment descriptor '/Drone_Sim/ros_ws/install/px4_msgs/share/px4_msgs/hook/ld_library_path_lib.dsv'
[24.466s] INFO:colcon.colcon_core.shell:Creating environment hook '/Drone_Sim/ros_ws/install/px4_msgs/share/px4_msgs/hook/ld_library_path_lib.sh'
[24.466s] Level 1:colcon.colcon_core.environment:checking '/Drone_Sim/ros_ws/install/px4_msgs/bin'
[24.466s] Level 1:colcon.colcon_core.environment:checking '/Drone_Sim/ros_ws/install/px4_msgs/lib/pkgconfig/px4_msgs.pc'
[24.466s] Level 1:colcon.colcon_core.environment:checking '/Drone_Sim/ros_ws/install/px4_msgs/lib/python3.10/site-packages'
[24.466s] Level 1:colcon.colcon_core.environment:checking '/Drone_Sim/ros_ws/install/px4_msgs/bin'
[24.467s] INFO:colcon.colcon_core.shell:Creating package script '/Drone_Sim/ros_ws/install/px4_msgs/share/px4_msgs/package.ps1'
[24.467s] INFO:colcon.colcon_core.shell:Creating package descriptor '/Drone_Sim/ros_ws/install/px4_msgs/share/px4_msgs/package.dsv'
[24.467s] INFO:colcon.colcon_core.shell:Creating package script '/Drone_Sim/ros_ws/install/px4_msgs/share/px4_msgs/package.sh'
[24.468s] INFO:colcon.colcon_core.shell:Creating package script '/Drone_Sim/ros_ws/install/px4_msgs/share/px4_msgs/package.bash'
[24.468s] INFO:colcon.colcon_core.shell:Creating package script '/Drone_Sim/ros_ws/install/px4_msgs/share/px4_msgs/package.zsh'
[24.468s] Level 1:colcon.colcon_core.environment:create_file_with_runtime_dependencies(/Drone_Sim/ros_ws/install/px4_msgs/share/colcon-core/packages/px4_msgs)
[24.468s] INFO:colcon.colcon_ros.task.ament_python.build:Building ROS package in '/Drone_Sim/ros_ws/src/px4_microxrce_nav' with build type 'ament_python'
[24.468s] Level 1:colcon.colcon_core.shell:create_environment_hook('px4_microxrce_nav', 'ament_prefix_path')
[24.469s] INFO:colcon.colcon_core.shell:Creating environment hook '/Drone_Sim/ros_ws/install/px4_microxrce_nav/share/px4_microxrce_nav/hook/ament_prefix_path.ps1'
[24.469s] INFO:colcon.colcon_core.shell:Creating environment descriptor '/Drone_Sim/ros_ws/install/px4_microxrce_nav/share/px4_microxrce_nav/hook/ament_prefix_path.dsv'
[24.469s] INFO:colcon.colcon_core.shell:Creating environment hook '/Drone_Sim/ros_ws/install/px4_microxrce_nav/share/px4_microxrce_nav/hook/ament_prefix_path.sh'
[24.469s] INFO:colcon.colcon_core.shell:Skip shell extension 'powershell' for command environment: Not usable outside of PowerShell
[24.470s] DEBUG:colcon.colcon_core.shell:Skip shell extension 'dsv' for command environment
[24.472s] INFO:colcon.colcon_ros.task.ament_python.build:Building ROS package in '/Drone_Sim/ros_ws/src/ROS2_PX4_Offboard_Example/px4_offboard' with build type 'ament_python'
[24.472s] Level 1:colcon.colcon_core.shell:create_environment_hook('px4_offboard', 'ament_prefix_path')
[24.472s] INFO:colcon.colcon_core.shell:Creating environment hook '/Drone_Sim/ros_ws/install/px4_offboard/share/px4_offboard/hook/ament_prefix_path.ps1'
[24.472s] INFO:colcon.colcon_core.shell:Creating environment descriptor '/Drone_Sim/ros_ws/install/px4_offboard/share/px4_offboard/hook/ament_prefix_path.dsv'
[24.473s] INFO:colcon.colcon_core.shell:Creating environment hook '/Drone_Sim/ros_ws/install/px4_offboard/share/px4_offboard/hook/ament_prefix_path.sh'
[24.473s] INFO:colcon.colcon_core.shell:Skip shell extension 'powershell' for command environment: Not usable outside of PowerShell
[24.473s] DEBUG:colcon.colcon_core.shell:Skip shell extension 'dsv' for command environment
[24.476s] INFO:colcon.colcon_ros.task.ament_cmake.build:Building ROS package in '/Drone_Sim/ros_ws/src/px4_ros_com' with build type 'ament_cmake'
[24.476s] INFO:colcon.colcon_cmake.task.cmake.build:Building CMake package in '/Drone_Sim/ros_ws/src/px4_ros_com'
[24.477s] INFO:colcon.colcon_core.shell:Skip shell extension 'powershell' for command environment: Not usable outside of PowerShell
[24.477s] DEBUG:colcon.colcon_core.shell:Skip shell extension 'dsv' for command environment
[24.885s] INFO:colcon.colcon_core.task.python.build:Building Python package in '/Drone_Sim/ros_ws/src/px4_microxrce_nav'
[24.885s] INFO:colcon.colcon_core.shell:Skip shell extension 'powershell' for command environment: Not usable outside of PowerShell
[24.885s] DEBUG:colcon.colcon_core.shell:Skip shell extension 'dsv' for command environment
[24.929s] DEBUG:colcon.colcon_core.event_handler.log_command:Invoking command in '/Drone_Sim/ros_ws/build/px4_ros_com': CMAKE_PREFIX_PATH=/Drone_Sim/ros_ws/install/px4_msgs:/Drone_Sim/ros_ws/install/px4_ros_com:/Drone_Sim/ros_ws/install/px4_offboard:/Drone_Sim/ros_ws/install/px4_microxrce_nav:/Drone_Sim/ros_ws/install/my_px4_package:/Drone_Sim/ros_ws/install/autonomous_waypoint_nav:/opt/ros/humble LD_LIBRARY_PATH=/Drone_Sim/ros_ws/install/px4_msgs/lib:/Drone_Sim/ros_ws/install/px4_ros_com/lib:/opt/ros/humble/opt/rviz_ogre_vendor/lib:/opt/ros/humble/lib/x86_64-linux-gnu:/opt/ros/humble/lib /usr/bin/cmake --build /Drone_Sim/ros_ws/build/px4_ros_com -- -j8 -l8
[25.115s] INFO:colcon.colcon_core.task.python.build:Building Python package in '/Drone_Sim/ros_ws/src/ROS2_PX4_Offboard_Example/px4_offboard'
[25.115s] INFO:colcon.colcon_core.shell:Skip shell extension 'powershell' for command environment: Not usable outside of PowerShell
[25.115s] DEBUG:colcon.colcon_core.shell:Skip shell extension 'dsv' for command environment
[25.757s] DEBUG:colcon.colcon_core.event_handler.log_command:Invoked command in '/Drone_Sim/ros_ws/build/px4_ros_com' returned '0': CMAKE_PREFIX_PATH=/Drone_Sim/ros_ws/install/px4_msgs:/Drone_Sim/ros_ws/install/px4_ros_com:/Drone_Sim/ros_ws/install/px4_offboard:/Drone_Sim/ros_ws/install/px4_microxrce_nav:/Drone_Sim/ros_ws/install/my_px4_package:/Drone_Sim/ros_ws/install/autonomous_waypoint_nav:/opt/ros/humble LD_LIBRARY_PATH=/Drone_Sim/ros_ws/install/px4_msgs/lib:/Drone_Sim/ros_ws/install/px4_ros_com/lib:/opt/ros/humble/opt/rviz_ogre_vendor/lib:/opt/ros/humble/lib/x86_64-linux-gnu:/opt/ros/humble/lib /usr/bin/cmake --build /Drone_Sim/ros_ws/build/px4_ros_com -- -j8 -l8
[25.759s] DEBUG:colcon.colcon_core.event_handler.log_command:Invoking command in '/Drone_Sim/ros_ws/build/px4_ros_com': CMAKE_PREFIX_PATH=/Drone_Sim/ros_ws/install/px4_msgs:/Drone_Sim/ros_ws/install/px4_ros_com:/Drone_Sim/ros_ws/install/px4_offboard:/Drone_Sim/ros_ws/install/px4_microxrce_nav:/Drone_Sim/ros_ws/install/my_px4_package:/Drone_Sim/ros_ws/install/autonomous_waypoint_nav:/opt/ros/humble LD_LIBRARY_PATH=/Drone_Sim/ros_ws/install/px4_msgs/lib:/Drone_Sim/ros_ws/install/px4_ros_com/lib:/opt/ros/humble/opt/rviz_ogre_vendor/lib:/opt/ros/humble/lib/x86_64-linux-gnu:/opt/ros/humble/lib /usr/bin/cmake --install /Drone_Sim/ros_ws/build/px4_ros_com
[26.044s] Level 1:colcon.colcon_core.environment:create_environment_scripts_only(px4_ros_com)
[26.045s] Level 1:colcon.colcon_core.environment:checking '/Drone_Sim/ros_ws/install/px4_ros_com' for CMake module files
[26.045s] DEBUG:colcon.colcon_core.event_handler.log_command:Invoked command in '/Drone_Sim/ros_ws/build/px4_ros_com' returned '0': CMAKE_PREFIX_PATH=/Drone_Sim/ros_ws/install/px4_msgs:/Drone_Sim/ros_ws/install/px4_ros_com:/Drone_Sim/ros_ws/install/px4_offboard:/Drone_Sim/ros_ws/install/px4_microxrce_nav:/Drone_Sim/ros_ws/install/my_px4_package:/Drone_Sim/ros_ws/install/autonomous_waypoint_nav:/opt/ros/humble LD_LIBRARY_PATH=/Drone_Sim/ros_ws/install/px4_msgs/lib:/Drone_Sim/ros_ws/install/px4_ros_com/lib:/opt/ros/humble/opt/rviz_ogre_vendor/lib:/opt/ros/humble/lib/x86_64-linux-gnu:/opt/ros/humble/lib /usr/bin/cmake --install /Drone_Sim/ros_ws/build/px4_ros_com
[26.047s] Level 1:colcon.colcon_core.environment:checking '/Drone_Sim/ros_ws/install/px4_ros_com' for CMake config files
[26.052s] Level 1:colcon.colcon_core.shell:create_environment_hook('px4_ros_com', 'cmake_prefix_path')
[26.052s] INFO:colcon.colcon_core.shell:Creating environment hook '/Drone_Sim/ros_ws/install/px4_ros_com/share/px4_ros_com/hook/cmake_prefix_path.ps1'
[26.052s] INFO:colcon.colcon_core.shell:Creating environment descriptor '/Drone_Sim/ros_ws/install/px4_ros_com/share/px4_ros_com/hook/cmake_prefix_path.dsv'
[26.052s] INFO:colcon.colcon_core.shell:Creating environment hook '/Drone_Sim/ros_ws/install/px4_ros_com/share/px4_ros_com/hook/cmake_prefix_path.sh'
[26.053s] Level 1:colcon.colcon_core.environment:checking '/Drone_Sim/ros_ws/install/px4_ros_com/lib'
[26.053s] Level 1:colcon.colcon_core.shell:create_environment_hook('px4_ros_com', 'ld_library_path_lib')
[26.053s] INFO:colcon.colcon_core.shell:Creating environment hook '/Drone_Sim/ros_ws/install/px4_ros_com/share/px4_ros_com/hook/ld_library_path_lib.ps1'
[26.053s] INFO:colcon.colcon_core.shell:Creating environment descriptor '/Drone_Sim/ros_ws/install/px4_ros_com/share/px4_ros_com/hook/ld_library_path_lib.dsv'
[26.053s] INFO:colcon.colcon_core.shell:Creating environment hook '/Drone_Sim/ros_ws/install/px4_ros_com/share/px4_ros_com/hook/ld_library_path_lib.sh'
[26.054s] Level 1:colcon.colcon_core.environment:checking '/Drone_Sim/ros_ws/install/px4_ros_com/bin'
[26.054s] Level 1:colcon.colcon_core.environment:checking '/Drone_Sim/ros_ws/install/px4_ros_com/lib/pkgconfig/px4_ros_com.pc'
[26.054s] Level 1:colcon.colcon_core.environment:checking '/Drone_Sim/ros_ws/install/px4_ros_com/lib/python3.10/site-packages'
[26.054s] Level 1:colcon.colcon_core.environment:checking '/Drone_Sim/ros_ws/install/px4_ros_com/bin'
[26.054s] INFO:colcon.colcon_core.shell:Creating package script '/Drone_Sim/ros_ws/install/px4_ros_com/share/px4_ros_com/package.ps1'
[26.055s] INFO:colcon.colcon_core.shell:Creating package descriptor '/Drone_Sim/ros_ws/install/px4_ros_com/share/px4_ros_com/package.dsv'
[26.055s] INFO:colcon.colcon_core.shell:Creating package script '/Drone_Sim/ros_ws/install/px4_ros_com/share/px4_ros_com/package.sh'
[26.055s] INFO:colcon.colcon_core.shell:Creating package script '/Drone_Sim/ros_ws/install/px4_ros_com/share/px4_ros_com/package.bash'
[26.055s] INFO:colcon.colcon_core.shell:Creating package script '/Drone_Sim/ros_ws/install/px4_ros_com/share/px4_ros_com/package.zsh'
[26.056s] Level 1:colcon.colcon_core.environment:create_file_with_runtime_dependencies(/Drone_Sim/ros_ws/install/px4_ros_com/share/colcon-core/packages/px4_ros_com)
[26.056s] Level 1:colcon.colcon_core.environment:create_environment_scripts_only(px4_ros_com)
[26.056s] Level 1:colcon.colcon_core.environment:checking '/Drone_Sim/ros_ws/install/px4_ros_com' for CMake module files
[26.056s] Level 1:colcon.colcon_core.environment:checking '/Drone_Sim/ros_ws/install/px4_ros_com' for CMake config files
[26.057s] Level 1:colcon.colcon_core.shell:create_environment_hook('px4_ros_com', 'cmake_prefix_path')
[26.057s] INFO:colcon.colcon_core.shell:Creating environment hook '/Drone_Sim/ros_ws/install/px4_ros_com/share/px4_ros_com/hook/cmake_prefix_path.ps1'
[26.057s] INFO:colcon.colcon_core.shell:Creating environment descriptor '/Drone_Sim/ros_ws/install/px4_ros_com/share/px4_ros_com/hook/cmake_prefix_path.dsv'
[26.057s] INFO:colcon.colcon_core.shell:Creating environment hook '/Drone_Sim/ros_ws/install/px4_ros_com/share/px4_ros_com/hook/cmake_prefix_path.sh'
[26.058s] Level 1:colcon.colcon_core.environment:checking '/Drone_Sim/ros_ws/install/px4_ros_com/lib'
[26.058s] Level 1:colcon.colcon_core.shell:create_environment_hook('px4_ros_com', 'ld_library_path_lib')
[26.058s] INFO:colcon.colcon_core.shell:Creating environment hook '/Drone_Sim/ros_ws/install/px4_ros_com/share/px4_ros_com/hook/ld_library_path_lib.ps1'
[26.058s] INFO:colcon.colcon_core.shell:Creating environment descriptor '/Drone_Sim/ros_ws/install/px4_ros_com/share/px4_ros_com/hook/ld_library_path_lib.dsv'
[26.059s] INFO:colcon.colcon_core.shell:Creating environment hook '/Drone_Sim/ros_ws/install/px4_ros_com/share/px4_ros_com/hook/ld_library_path_lib.sh'
[26.059s] Level 1:colcon.colcon_core.environment:checking '/Drone_Sim/ros_ws/install/px4_ros_com/bin'
[26.059s] Level 1:colcon.colcon_core.environment:checking '/Drone_Sim/ros_ws/install/px4_ros_com/lib/pkgconfig/px4_ros_com.pc'
[26.059s] Level 1:colcon.colcon_core.environment:checking '/Drone_Sim/ros_ws/install/px4_ros_com/lib/python3.10/site-packages'
[26.059s] Level 1:colcon.colcon_core.environment:checking '/Drone_Sim/ros_ws/install/px4_ros_com/bin'
[26.059s] INFO:colcon.colcon_core.shell:Creating package script '/Drone_Sim/ros_ws/install/px4_ros_com/share/px4_ros_com/package.ps1'
[26.060s] INFO:colcon.colcon_core.shell:Creating package descriptor '/Drone_Sim/ros_ws/install/px4_ros_com/share/px4_ros_com/package.dsv'
[26.060s] INFO:colcon.colcon_core.shell:Creating package script '/Drone_Sim/ros_ws/install/px4_ros_com/share/px4_ros_com/package.sh'
[26.060s] INFO:colcon.colcon_core.shell:Creating package script '/Drone_Sim/ros_ws/install/px4_ros_com/share/px4_ros_com/package.bash'
[26.061s] INFO:colcon.colcon_core.shell:Creating package script '/Drone_Sim/ros_ws/install/px4_ros_com/share/px4_ros_com/package.zsh'
[26.061s] Level 1:colcon.colcon_core.environment:create_file_with_runtime_dependencies(/Drone_Sim/ros_ws/install/px4_ros_com/share/colcon-core/packages/px4_ros_com)
[26.412s] DEBUG:colcon.colcon_core.event_handler.log_command:Invoking command in '/Drone_Sim/ros_ws/build/px4_microxrce_nav': CMAKE_PREFIX_PATH=/Drone_Sim/ros_ws/install/px4_msgs:/Drone_Sim/ros_ws/install/px4_ros_com LD_LIBRARY_PATH=/Drone_Sim/ros_ws/install/px4_msgs/lib:/Drone_Sim/ros_ws/install/px4_ros_com/lib:/opt/ros/humble/opt/rviz_ogre_vendor/lib:/opt/ros/humble/lib/x86_64-linux-gnu:/opt/ros/humble/lib PYTHONPATH=/Drone_Sim/ros_ws/build/px4_microxrce_nav/prefix_override:/usr/lib/python3/dist-packages/colcon_core/task/python/colcon_distutils_commands:/Drone_Sim/ros_ws/install/px4_microxrce_nav/lib/python3.10/site-packages:${PYTHONPATH} /usr/bin/python3 -W ignore:setup.py install is deprecated -W ignore:easy_install command is deprecated setup.py develop --editable --build-directory /Drone_Sim/ros_ws/build/px4_microxrce_nav/build --no-deps symlink_data
[26.449s] DEBUG:colcon.colcon_core.event_handler.log_command:Invoking command in '/Drone_Sim/ros_ws/build/px4_offboard': CMAKE_PREFIX_PATH=/Drone_Sim/ros_ws/install/px4_msgs:/Drone_Sim/ros_ws/install/px4_ros_com LD_LIBRARY_PATH=/Drone_Sim/ros_ws/install/px4_msgs/lib:/Drone_Sim/ros_ws/install/px4_ros_com/lib:/opt/ros/humble/opt/rviz_ogre_vendor/lib:/opt/ros/humble/lib/x86_64-linux-gnu:/opt/ros/humble/lib PYTHONPATH=/Drone_Sim/ros_ws/build/px4_offboard/prefix_override:/usr/lib/python3/dist-packages/colcon_core/task/python/colcon_distutils_commands:/Drone_Sim/ros_ws/install/px4_offboard/lib/python3.10/site-packages:${PYTHONPATH} /usr/bin/python3 -W ignore:setup.py install is deprecated -W ignore:easy_install command is deprecated setup.py develop --editable --build-directory /Drone_Sim/ros_ws/build/px4_offboard/build --no-deps symlink_data
[26.986s] Level 1:colcon.colcon_core.shell:create_environment_hook('px4_microxrce_nav', 'pythonpath_develop')
[26.986s] INFO:colcon.colcon_core.shell:Creating environment hook '/Drone_Sim/ros_ws/build/px4_microxrce_nav/share/px4_microxrce_nav/hook/pythonpath_develop.ps1'
[26.986s] DEBUG:colcon.colcon_core.event_handler.log_command:Invoked command in '/Drone_Sim/ros_ws/build/px4_microxrce_nav' returned '0': CMAKE_PREFIX_PATH=/Drone_Sim/ros_ws/install/px4_msgs:/Drone_Sim/ros_ws/install/px4_ros_com LD_LIBRARY_PATH=/Drone_Sim/ros_ws/install/px4_msgs/lib:/Drone_Sim/ros_ws/install/px4_ros_com/lib:/opt/ros/humble/opt/rviz_ogre_vendor/lib:/opt/ros/humble/lib/x86_64-linux-gnu:/opt/ros/humble/lib PYTHONPATH=/Drone_Sim/ros_ws/build/px4_microxrce_nav/prefix_override:/usr/lib/python3/dist-packages/colcon_core/task/python/colcon_distutils_commands:/Drone_Sim/ros_ws/install/px4_microxrce_nav/lib/python3.10/site-packages:${PYTHONPATH} /usr/bin/python3 -W ignore:setup.py install is deprecated -W ignore:easy_install command is deprecated setup.py develop --editable --build-directory /Drone_Sim/ros_ws/build/px4_microxrce_nav/build --no-deps symlink_data
[26.986s] INFO:colcon.colcon_core.shell:Creating environment descriptor '/Drone_Sim/ros_ws/build/px4_microxrce_nav/share/px4_microxrce_nav/hook/pythonpath_develop.dsv'
[26.987s] INFO:colcon.colcon_core.shell:Creating environment hook '/Drone_Sim/ros_ws/build/px4_microxrce_nav/share/px4_microxrce_nav/hook/pythonpath_develop.sh'
[26.987s] Level 1:colcon.colcon_core.environment:checking '/Drone_Sim/ros_ws/install/px4_microxrce_nav' for CMake module files
[27.022s] Level 1:colcon.colcon_core.environment:checking '/Drone_Sim/ros_ws/install/px4_microxrce_nav' for CMake config files
[27.064s] Level 1:colcon.colcon_core.environment:checking '/Drone_Sim/ros_ws/install/px4_microxrce_nav/lib'
[27.065s] Level 1:colcon.colcon_core.environment:checking '/Drone_Sim/ros_ws/install/px4_microxrce_nav/bin'
[27.065s] Level 1:colcon.colcon_core.environment:checking '/Drone_Sim/ros_ws/install/px4_microxrce_nav/lib/pkgconfig/px4_microxrce_nav.pc'
[27.065s] Level 1:colcon.colcon_core.environment:checking '/Drone_Sim/ros_ws/install/px4_microxrce_nav/lib/python3.10/site-packages'
[27.065s] Level 1:colcon.colcon_core.shell:create_environment_hook('px4_microxrce_nav', 'pythonpath')
[27.065s] INFO:colcon.colcon_core.shell:Creating environment hook '/Drone_Sim/ros_ws/install/px4_microxrce_nav/share/px4_microxrce_nav/hook/pythonpath.ps1'
[27.066s] INFO:colcon.colcon_core.shell:Creating environment descriptor '/Drone_Sim/ros_ws/install/px4_microxrce_nav/share/px4_microxrce_nav/hook/pythonpath.dsv'
[27.066s] INFO:colcon.colcon_core.shell:Creating environment hook '/Drone_Sim/ros_ws/install/px4_microxrce_nav/share/px4_microxrce_nav/hook/pythonpath.sh'
[27.066s] Level 1:colcon.colcon_core.environment:checking '/Drone_Sim/ros_ws/install/px4_microxrce_nav/bin'
[27.066s] Level 1:colcon.colcon_core.environment:create_environment_scripts_only(px4_microxrce_nav)
[27.067s] INFO:colcon.colcon_core.shell:Creating package script '/Drone_Sim/ros_ws/install/px4_microxrce_nav/share/px4_microxrce_nav/package.ps1'
[27.067s] INFO:colcon.colcon_core.shell:Creating package descriptor '/Drone_Sim/ros_ws/install/px4_microxrce_nav/share/px4_microxrce_nav/package.dsv'
[27.067s] INFO:colcon.colcon_core.shell:Creating package script '/Drone_Sim/ros_ws/install/px4_microxrce_nav/share/px4_microxrce_nav/package.sh'
[27.068s] INFO:colcon.colcon_core.shell:Creating package script '/Drone_Sim/ros_ws/install/px4_microxrce_nav/share/px4_microxrce_nav/package.bash'
[27.068s] INFO:colcon.colcon_core.shell:Creating package script '/Drone_Sim/ros_ws/install/px4_microxrce_nav/share/px4_microxrce_nav/package.zsh'
[27.068s] Level 1:colcon.colcon_core.environment:create_file_with_runtime_dependencies(/Drone_Sim/ros_ws/install/px4_microxrce_nav/share/colcon-core/packages/px4_microxrce_nav)
[27.070s] Level 1:colcon.colcon_core.shell:create_environment_hook('px4_offboard', 'pythonpath_develop')
[27.071s] INFO:colcon.colcon_core.shell:Creating environment hook '/Drone_Sim/ros_ws/build/px4_offboard/share/px4_offboard/hook/pythonpath_develop.ps1'
[27.071s] DEBUG:colcon.colcon_core.event_handler.log_command:Invoked command in '/Drone_Sim/ros_ws/build/px4_offboard' returned '0': CMAKE_PREFIX_PATH=/Drone_Sim/ros_ws/install/px4_msgs:/Drone_Sim/ros_ws/install/px4_ros_com LD_LIBRARY_PATH=/Drone_Sim/ros_ws/install/px4_msgs/lib:/Drone_Sim/ros_ws/install/px4_ros_com/lib:/opt/ros/humble/opt/rviz_ogre_vendor/lib:/opt/ros/humble/lib/x86_64-linux-gnu:/opt/ros/humble/lib PYTHONPATH=/Drone_Sim/ros_ws/build/px4_offboard/prefix_override:/usr/lib/python3/dist-packages/colcon_core/task/python/colcon_distutils_commands:/Drone_Sim/ros_ws/install/px4_offboard/lib/python3.10/site-packages:${PYTHONPATH} /usr/bin/python3 -W ignore:setup.py install is deprecated -W ignore:easy_install command is deprecated setup.py develop --editable --build-directory /Drone_Sim/ros_ws/build/px4_offboard/build --no-deps symlink_data
[27.071s] INFO:colcon.colcon_core.shell:Creating environment descriptor '/Drone_Sim/ros_ws/build/px4_offboard/share/px4_offboard/hook/pythonpath_develop.dsv'
[27.071s] INFO:colcon.colcon_core.shell:Creating environment hook '/Drone_Sim/ros_ws/build/px4_offboard/share/px4_offboard/hook/pythonpath_develop.sh'
[27.072s] Level 1:colcon.colcon_core.environment:checking '/Drone_Sim/ros_ws/install/px4_offboard' for CMake module files
[27.072s] Level 1:colcon.colcon_core.environment:checking '/Drone_Sim/ros_ws/install/px4_offboard' for CMake config files
[27.074s] Level 1:colcon.colcon_core.environment:checking '/Drone_Sim/ros_ws/install/px4_offboard/lib'
[27.074s] Level 1:colcon.colcon_core.environment:checking '/Drone_Sim/ros_ws/install/px4_offboard/bin'
[27.074s] Level 1:colcon.colcon_core.environment:checking '/Drone_Sim/ros_ws/install/px4_offboard/lib/pkgconfig/px4_offboard.pc'
[27.074s] Level 1:colcon.colcon_core.environment:checking '/Drone_Sim/ros_ws/install/px4_offboard/lib/python3.10/site-packages'
[27.074s] Level 1:colcon.colcon_core.shell:create_environment_hook('px4_offboard', 'pythonpath')
[27.074s] INFO:colcon.colcon_core.shell:Creating environment hook '/Drone_Sim/ros_ws/install/px4_offboard/share/px4_offboard/hook/pythonpath.ps1'
[27.074s] INFO:colcon.colcon_core.shell:Creating environment descriptor '/Drone_Sim/ros_ws/install/px4_offboard/share/px4_offboard/hook/pythonpath.dsv'
[27.075s] INFO:colcon.colcon_core.shell:Creating environment hook '/Drone_Sim/ros_ws/install/px4_offboard/share/px4_offboard/hook/pythonpath.sh'
[27.075s] Level 1:colcon.colcon_core.environment:checking '/Drone_Sim/ros_ws/install/px4_offboard/bin'
[27.075s] Level 1:colcon.colcon_core.environment:create_environment_scripts_only(px4_offboard)
[27.075s] INFO:colcon.colcon_core.shell:Creating package script '/Drone_Sim/ros_ws/install/px4_offboard/share/px4_offboard/package.ps1'
[27.076s] INFO:colcon.colcon_core.shell:Creating package descriptor '/Drone_Sim/ros_ws/install/px4_offboard/share/px4_offboard/package.dsv'
[27.076s] INFO:colcon.colcon_core.shell:Creating package script '/Drone_Sim/ros_ws/install/px4_offboard/share/px4_offboard/package.sh'
[27.077s] INFO:colcon.colcon_core.shell:Creating package script '/Drone_Sim/ros_ws/install/px4_offboard/share/px4_offboard/package.bash'
[27.078s] INFO:colcon.colcon_core.shell:Creating package script '/Drone_Sim/ros_ws/install/px4_offboard/share/px4_offboard/package.zsh'
[27.078s] Level 1:colcon.colcon_core.environment:create_file_with_runtime_dependencies(/Drone_Sim/ros_ws/install/px4_offboard/share/colcon-core/packages/px4_offboard)
[27.078s] DEBUG:colcon.colcon_parallel_executor.executor.parallel:closing loop
[27.078s] DEBUG:colcon.colcon_parallel_executor.executor.parallel:loop closed
[27.079s] DEBUG:colcon.colcon_parallel_executor.executor.parallel:run_until_complete finished with '0'
[27.079s] DEBUG:colcon.colcon_core.event_reactor:joining thread
[27.289s] INFO:colcon.colcon_core.plugin_system:Skipping extension 'colcon_notification.desktop_notification.notify_send': Could not find 'notify-send'
[27.289s] INFO:colcon.colcon_core.plugin_system:Skipping extension 'colcon_notification.desktop_notification.terminal_notifier': Not used on non-Darwin systems
[27.289s] INFO:colcon.colcon_core.plugin_system:Skipping extension 'colcon_notification.desktop_notification.win32': Not used on non-Windows systems
[27.289s] INFO:colcon.colcon_notification.desktop_notification:Sending desktop notification using 'notify2'
[27.649s] DEBUG:colcon.colcon_notification.desktop_notification.notify2:Failed to initialize notify2: org.freedesktop.DBus.Error.ServiceUnknown: The name org.freedesktop.Notifications was not provided by any .service files
[27.649s] DEBUG:colcon.colcon_core.event_reactor:joined thread
[27.649s] INFO:colcon.colcon_core.shell:Creating prefix script '/Drone_Sim/ros_ws/install/local_setup.ps1'
[27.650s] INFO:colcon.colcon_core.shell:Creating prefix util module '/Drone_Sim/ros_ws/install/_local_setup_util_ps1.py'
[27.652s] INFO:colcon.colcon_core.shell:Creating prefix chain script '/Drone_Sim/ros_ws/install/setup.ps1'
[27.653s] INFO:colcon.colcon_core.shell:Creating prefix script '/Drone_Sim/ros_ws/install/local_setup.sh'
[27.654s] INFO:colcon.colcon_core.shell:Creating prefix util module '/Drone_Sim/ros_ws/install/_local_setup_util_sh.py'
[27.654s] INFO:colcon.colcon_core.shell:Creating prefix chain script '/Drone_Sim/ros_ws/install/setup.sh'
[27.655s] INFO:colcon.colcon_core.shell:Creating prefix script '/Drone_Sim/ros_ws/install/local_setup.bash'
[27.670s] INFO:colcon.colcon_core.shell:Creating prefix chain script '/Drone_Sim/ros_ws/install/setup.bash'
[27.748s] INFO:colcon.colcon_core.shell:Creating prefix script '/Drone_Sim/ros_ws/install/local_setup.zsh'
[27.749s] INFO:colcon.colcon_core.shell:Creating prefix chain script '/Drone_Sim/ros_ws/install/setup.zsh'
