[0.444s] Invoking command in '/Drone_Sim/ros_ws/build/px4_ros_com': CMAKE_PREFIX_PATH=/Drone_Sim/ros_ws/install/px4_msgs:/Drone_Sim/ros_ws/install/px4_ros_com:/Drone_Sim/ros_ws/install/px4_offboard:/Drone_Sim/ros_ws/install/px4_microxrce_nav:/Drone_Sim/ros_ws/install/my_px4_package:/Drone_Sim/ros_ws/install/autonomous_waypoint_nav:/opt/ros/humble LD_LIBRARY_PATH=/Drone_Sim/ros_ws/install/px4_msgs/lib:/Drone_Sim/ros_ws/install/px4_ros_com/lib:/opt/ros/humble/opt/rviz_ogre_vendor/lib:/opt/ros/humble/lib/x86_64-linux-gnu:/opt/ros/humble/lib /usr/bin/cmake --build /Drone_Sim/ros_ws/build/px4_ros_com -- -j8 -l8
[0.826s] [  0%] Built target ament_cmake_python_symlink_px4_ros_com
[0.872s] [ 16%] Built target vehicle_gps_position_listener
[0.873s] [ 33%] Built target offboard_control_srv
[0.878s] [ 50%] Built target frame_transforms
[0.879s] [ 66%] Built target sensor_combined_listener
[0.906s] [ 83%] Built target offboard_control
[0.929s] [100%] Built target debug_vect_advertiser
[1.245s] running egg_info
[1.246s] writing px4_ros_com.egg-info/PKG-INFO
[1.246s] writing dependency_links to px4_ros_com.egg-info/dependency_links.txt
[1.246s] writing top-level names to px4_ros_com.egg-info/top_level.txt
[1.247s] reading manifest file 'px4_ros_com.egg-info/SOURCES.txt'
[1.248s] writing manifest file 'px4_ros_com.egg-info/SOURCES.txt'
[1.264s] [100%] Built target ament_cmake_python_build_px4_ros_com_egg
[1.272s] Invoked command in '/Drone_Sim/ros_ws/build/px4_ros_com' returned '0': CMAKE_PREFIX_PATH=/Drone_Sim/ros_ws/install/px4_msgs:/Drone_Sim/ros_ws/install/px4_ros_com:/Drone_Sim/ros_ws/install/px4_offboard:/Drone_Sim/ros_ws/install/px4_microxrce_nav:/Drone_Sim/ros_ws/install/my_px4_package:/Drone_Sim/ros_ws/install/autonomous_waypoint_nav:/opt/ros/humble LD_LIBRARY_PATH=/Drone_Sim/ros_ws/install/px4_msgs/lib:/Drone_Sim/ros_ws/install/px4_ros_com/lib:/opt/ros/humble/opt/rviz_ogre_vendor/lib:/opt/ros/humble/lib/x86_64-linux-gnu:/opt/ros/humble/lib /usr/bin/cmake --build /Drone_Sim/ros_ws/build/px4_ros_com -- -j8 -l8
[1.275s] Invoking command in '/Drone_Sim/ros_ws/build/px4_ros_com': CMAKE_PREFIX_PATH=/Drone_Sim/ros_ws/install/px4_msgs:/Drone_Sim/ros_ws/install/px4_ros_com:/Drone_Sim/ros_ws/install/px4_offboard:/Drone_Sim/ros_ws/install/px4_microxrce_nav:/Drone_Sim/ros_ws/install/my_px4_package:/Drone_Sim/ros_ws/install/autonomous_waypoint_nav:/opt/ros/humble LD_LIBRARY_PATH=/Drone_Sim/ros_ws/install/px4_msgs/lib:/Drone_Sim/ros_ws/install/px4_ros_com/lib:/opt/ros/humble/opt/rviz_ogre_vendor/lib:/opt/ros/humble/lib/x86_64-linux-gnu:/opt/ros/humble/lib /usr/bin/cmake --install /Drone_Sim/ros_ws/build/px4_ros_com
[1.281s] -- Install configuration: ""
[1.282s] -- Execute custom install script
[1.310s] -- Up-to-date symlink: /Drone_Sim/ros_ws/install/px4_ros_com/lib/px4_ros_com/sensor_combined_listener
[1.320s] -- Up-to-date symlink: /Drone_Sim/ros_ws/install/px4_ros_com/lib/px4_ros_com/vehicle_gps_position_listener
[1.321s] -- Up-to-date symlink: /Drone_Sim/ros_ws/install/px4_ros_com/lib/px4_ros_com/debug_vect_advertiser
[1.321s] -- Up-to-date symlink: /Drone_Sim/ros_ws/install/px4_ros_com/lib/px4_ros_com/offboard_control
[1.321s] -- Up-to-date symlink: /Drone_Sim/ros_ws/install/px4_ros_com/lib/px4_ros_com/offboard_control_srv
[1.322s] -- Up-to-date symlink: /Drone_Sim/ros_ws/install/px4_ros_com/share/px4_ros_com/environment/library_path.sh
[1.322s] -- Up-to-date symlink: /Drone_Sim/ros_ws/install/px4_ros_com/share/px4_ros_com/environment/library_path.dsv
[1.331s] -- Up-to-date symlink: /Drone_Sim/ros_ws/install/px4_ros_com/include/px4_ros_com/frame_transforms.h
[1.331s] -- Up-to-date symlink: /Drone_Sim/ros_ws/install/px4_ros_com/share/px4_ros_com//launch/offboard_control_launch.yaml
[1.331s] -- Up-to-date symlink: /Drone_Sim/ros_ws/install/px4_ros_com/share/px4_ros_com//launch/sensor_combined_listener.launch.py
[1.332s] -- Up-to-date symlink: /Drone_Sim/ros_ws/install/px4_ros_com/share/px4_ros_com//test/__init__.py
[1.332s] -- Up-to-date symlink: /Drone_Sim/ros_ws/install/px4_ros_com/share/px4_ros_com//test/pipeline_io_test.py
[1.332s] -- Up-to-date symlink: /Drone_Sim/ros_ws/install/px4_ros_com/share/px4_ros_com//test/test_input.py
[1.332s] -- Up-to-date symlink: /Drone_Sim/ros_ws/install/px4_ros_com/share/px4_ros_com//test/test_output.py
[1.333s] -- Up-to-date symlink: /Drone_Sim/ros_ws/install/px4_ros_com/share/px4_ros_com/environment/pythonpath.sh
[1.333s] -- Up-to-date symlink: /Drone_Sim/ros_ws/install/px4_ros_com/share/px4_ros_com/environment/pythonpath.dsv
[1.334s] -- Up-to-date symlink: /Drone_Sim/ros_ws/install/px4_ros_com/local/lib/python3.10/dist-packages/px4_ros_com-0.1.0-py3.10.egg-info/PKG-INFO
[1.334s] -- Up-to-date symlink: /Drone_Sim/ros_ws/install/px4_ros_com/local/lib/python3.10/dist-packages/px4_ros_com-0.1.0-py3.10.egg-info/SOURCES.txt
[1.334s] -- Up-to-date symlink: /Drone_Sim/ros_ws/install/px4_ros_com/local/lib/python3.10/dist-packages/px4_ros_com-0.1.0-py3.10.egg-info/dependency_links.txt
[1.334s] -- Up-to-date symlink: /Drone_Sim/ros_ws/install/px4_ros_com/local/lib/python3.10/dist-packages/px4_ros_com-0.1.0-py3.10.egg-info/top_level.txt
[1.335s] -- Up-to-date symlink: /Drone_Sim/ros_ws/install/px4_ros_com/local/lib/python3.10/dist-packages/px4_ros_com/__init__.py
[1.335s] -- Up-to-date symlink: /Drone_Sim/ros_ws/install/px4_ros_com/local/lib/python3.10/dist-packages/px4_ros_com/module_to_import.py
[1.335s] -- Up-to-date symlink: /Drone_Sim/ros_ws/install/px4_ros_com/lib/px4_ros_com/offboard_control.py
[1.336s] -- Up-to-date symlink: /Drone_Sim/ros_ws/install/px4_ros_com/share/ament_index/resource_index/package_run_dependencies/px4_ros_com
[1.336s] -- Up-to-date symlink: /Drone_Sim/ros_ws/install/px4_ros_com/share/ament_index/resource_index/parent_prefix_path/px4_ros_com
[1.336s] -- Up-to-date symlink: /Drone_Sim/ros_ws/install/px4_ros_com/share/px4_ros_com/environment/ament_prefix_path.sh
[1.336s] -- Up-to-date symlink: /Drone_Sim/ros_ws/install/px4_ros_com/share/px4_ros_com/environment/ament_prefix_path.dsv
[1.337s] -- Up-to-date symlink: /Drone_Sim/ros_ws/install/px4_ros_com/share/px4_ros_com/environment/path.sh
[1.337s] -- Up-to-date symlink: /Drone_Sim/ros_ws/install/px4_ros_com/share/px4_ros_com/environment/path.dsv
[1.338s] -- Up-to-date symlink: /Drone_Sim/ros_ws/install/px4_ros_com/share/px4_ros_com/local_setup.bash
[1.338s] -- Up-to-date symlink: /Drone_Sim/ros_ws/install/px4_ros_com/share/px4_ros_com/local_setup.sh
[1.339s] -- Up-to-date symlink: /Drone_Sim/ros_ws/install/px4_ros_com/share/px4_ros_com/local_setup.zsh
[1.341s] -- Up-to-date symlink: /Drone_Sim/ros_ws/install/px4_ros_com/share/px4_ros_com/local_setup.dsv
[1.341s] -- Symlinking: /Drone_Sim/ros_ws/install/px4_ros_com/share/px4_ros_com/package.dsv
[1.348s] -- Up-to-date symlink: /Drone_Sim/ros_ws/install/px4_ros_com/share/ament_index/resource_index/packages/px4_ros_com
[1.349s] -- Up-to-date symlink: /Drone_Sim/ros_ws/install/px4_ros_com/share/px4_ros_com/cmake/ament_cmake_export_dependencies-extras.cmake
[1.349s] -- Up-to-date symlink: /Drone_Sim/ros_ws/install/px4_ros_com/share/px4_ros_com/cmake/ament_cmake_export_targets-extras.cmake
[1.349s] -- Up-to-date symlink: /Drone_Sim/ros_ws/install/px4_ros_com/share/px4_ros_com/cmake/ament_cmake_export_include_directories-extras.cmake
[1.349s] -- Up-to-date symlink: /Drone_Sim/ros_ws/install/px4_ros_com/share/px4_ros_com/cmake/ament_cmake_export_libraries-extras.cmake
[1.350s] -- Up-to-date symlink: /Drone_Sim/ros_ws/install/px4_ros_com/share/px4_ros_com/cmake/px4_ros_comConfig.cmake
[1.350s] -- Up-to-date symlink: /Drone_Sim/ros_ws/install/px4_ros_com/share/px4_ros_com/cmake/px4_ros_comConfig-version.cmake
[1.350s] -- Up-to-date symlink: /Drone_Sim/ros_ws/install/px4_ros_com/share/px4_ros_com/package.xml
[1.529s] -- Up-to-date: /Drone_Sim/ros_ws/install/px4_ros_com/lib/libframe_transforms.so
[1.553s] Listing '/Drone_Sim/ros_ws/install/px4_ros_com/local/lib/python3.10/dist-packages/px4_ros_com'...
[1.558s] -- Up-to-date: /Drone_Sim/ros_ws/install/px4_ros_com/share/px4_ros_com/cmake/export_frame_transformsExport.cmake
[1.558s] -- Up-to-date: /Drone_Sim/ros_ws/install/px4_ros_com/share/px4_ros_com/cmake/export_frame_transformsExport-noconfig.cmake
[1.560s] Invoked command in '/Drone_Sim/ros_ws/build/px4_ros_com' returned '0': CMAKE_PREFIX_PATH=/Drone_Sim/ros_ws/install/px4_msgs:/Drone_Sim/ros_ws/install/px4_ros_com:/Drone_Sim/ros_ws/install/px4_offboard:/Drone_Sim/ros_ws/install/px4_microxrce_nav:/Drone_Sim/ros_ws/install/my_px4_package:/Drone_Sim/ros_ws/install/autonomous_waypoint_nav:/opt/ros/humble LD_LIBRARY_PATH=/Drone_Sim/ros_ws/install/px4_msgs/lib:/Drone_Sim/ros_ws/install/px4_ros_com/lib:/opt/ros/humble/opt/rviz_ogre_vendor/lib:/opt/ros/humble/lib/x86_64-linux-gnu:/opt/ros/humble/lib /usr/bin/cmake --install /Drone_Sim/ros_ws/build/px4_ros_com
