[0.218s] DEBUG:colcon:Command line arguments: ['/usr/bin/colcon', 'build', '--symlink-install']
[0.218s] DEBUG:colcon:Parsed command line arguments: Namespace(log_base=None, log_level=None, verb_name='build', build_base='build', install_base='install', merge_install=False, symlink_install=True, test_result_base=None, continue_on_error=False, executor='parallel', parallel_workers=8, event_handlers=None, ignore_user_meta=False, metas=['./colcon.meta'], base_paths=['.'], packages_ignore=None, packages_ignore_regex=None, paths=None, packages_up_to=None, packages_up_to_regex=None, packages_above=None, packages_above_and_dependencies=None, packages_above_depth=None, packages_select_by_dep=None, packages_skip_by_dep=None, packages_skip_up_to=None, packages_select_build_failed=False, packages_skip_build_finished=False, packages_select_test_failures=False, packages_skip_test_passed=False, packages_select=None, packages_skip=None, packages_select_regex=None, packages_skip_regex=None, packages_start=None, packages_end=None, cmake_args=None, cmake_target=None, cmake_target_skip_unavailable=False, cmake_clean_cache=False, cmake_clean_first=False, cmake_force_configure=False, ament_cmake_args=None, catkin_cmake_args=None, catkin_skip_building_tests=False, mixin_files=None, mixin=None, verb_parser=<colcon_mixin.mixin.mixin_argument.MixinArgumentDecorator object at 0x71d45050a200>, verb_extension=<colcon_core.verb.build.BuildVerb object at 0x71d4506130d0>, main=<bound method BuildVerb.main of <colcon_core.verb.build.BuildVerb object at 0x71d4506130d0>>, mixin_verb=('build',))
[0.546s] Level 1:colcon.colcon_core.package_discovery:discover_packages(colcon_meta) check parameters
[0.546s] Level 1:colcon.colcon_core.package_discovery:discover_packages(recursive) check parameters
[0.546s] Level 1:colcon.colcon_core.package_discovery:discover_packages(ignore) check parameters
[0.547s] Level 1:colcon.colcon_core.package_discovery:discover_packages(path) check parameters
[0.547s] Level 1:colcon.colcon_core.package_discovery:discover_packages(colcon_meta) discover
[0.547s] Level 1:colcon.colcon_core.package_discovery:discover_packages(recursive) discover
[0.547s] INFO:colcon.colcon_core.package_discovery:Crawling recursively for packages in '/Drone_Sim/ros_ws'
[0.547s] Level 1:colcon.colcon_core.package_identification:_identify(.) by extensions ['ignore', 'ignore_ament_install']
[0.547s] Level 1:colcon.colcon_core.package_identification:_identify(.) by extension 'ignore'
[0.547s] Level 1:colcon.colcon_core.package_identification:_identify(.) by extension 'ignore_ament_install'
[0.547s] Level 1:colcon.colcon_core.package_identification:_identify(.) by extensions ['colcon_pkg']
[0.547s] Level 1:colcon.colcon_core.package_identification:_identify(.) by extension 'colcon_pkg'
[0.547s] Level 1:colcon.colcon_core.package_identification:_identify(.) by extensions ['colcon_meta']
[0.547s] Level 1:colcon.colcon_core.package_identification:_identify(.) by extension 'colcon_meta'
[0.548s] Level 1:colcon.colcon_core.package_identification:_identify(.) by extensions ['ros']
[0.548s] Level 1:colcon.colcon_core.package_identification:_identify(.) by extension 'ros'
[0.570s] Level 1:colcon.colcon_core.package_identification:_identify(.) by extensions ['cmake', 'python']
[0.570s] Level 1:colcon.colcon_core.package_identification:_identify(.) by extension 'cmake'
[0.570s] Level 1:colcon.colcon_core.package_identification:_identify(.) by extension 'python'
[0.570s] Level 1:colcon.colcon_core.package_identification:_identify(.) by extensions ['python_setup_py']
[0.570s] Level 1:colcon.colcon_core.package_identification:_identify(.) by extension 'python_setup_py'
[0.570s] Level 1:colcon.colcon_core.package_identification:_identify(build) by extensions ['ignore', 'ignore_ament_install']
[0.571s] Level 1:colcon.colcon_core.package_identification:_identify(build) by extension 'ignore'
[0.571s] Level 1:colcon.colcon_core.package_identification:_identify(build) ignored
[0.571s] Level 1:colcon.colcon_core.package_identification:_identify(install) by extensions ['ignore', 'ignore_ament_install']
[0.571s] Level 1:colcon.colcon_core.package_identification:_identify(install) by extension 'ignore'
[0.571s] Level 1:colcon.colcon_core.package_identification:_identify(install) ignored
[0.571s] Level 1:colcon.colcon_core.package_identification:_identify(log) by extensions ['ignore', 'ignore_ament_install']
[0.571s] Level 1:colcon.colcon_core.package_identification:_identify(log) by extension 'ignore'
[0.572s] Level 1:colcon.colcon_core.package_identification:_identify(log) ignored
[0.572s] Level 1:colcon.colcon_core.package_identification:_identify(src) by extensions ['ignore', 'ignore_ament_install']
[0.572s] Level 1:colcon.colcon_core.package_identification:_identify(src) by extension 'ignore'
[0.572s] Level 1:colcon.colcon_core.package_identification:_identify(src) by extension 'ignore_ament_install'
[0.572s] Level 1:colcon.colcon_core.package_identification:_identify(src) by extensions ['colcon_pkg']
[0.572s] Level 1:colcon.colcon_core.package_identification:_identify(src) by extension 'colcon_pkg'
[0.572s] Level 1:colcon.colcon_core.package_identification:_identify(src) by extensions ['colcon_meta']
[0.572s] Level 1:colcon.colcon_core.package_identification:_identify(src) by extension 'colcon_meta'
[0.572s] Level 1:colcon.colcon_core.package_identification:_identify(src) by extensions ['ros']
[0.572s] Level 1:colcon.colcon_core.package_identification:_identify(src) by extension 'ros'
[0.572s] Level 1:colcon.colcon_core.package_identification:_identify(src) by extensions ['cmake', 'python']
[0.573s] Level 1:colcon.colcon_core.package_identification:_identify(src) by extension 'cmake'
[0.573s] Level 1:colcon.colcon_core.package_identification:_identify(src) by extension 'python'
[0.573s] Level 1:colcon.colcon_core.package_identification:_identify(src) by extensions ['python_setup_py']
[0.573s] Level 1:colcon.colcon_core.package_identification:_identify(src) by extension 'python_setup_py'
[0.573s] Level 1:colcon.colcon_core.package_identification:_identify(src/my_px4_package) by extensions ['ignore', 'ignore_ament_install']
[0.573s] Level 1:colcon.colcon_core.package_identification:_identify(src/my_px4_package) by extension 'ignore'
[0.573s] Level 1:colcon.colcon_core.package_identification:_identify(src/my_px4_package) by extension 'ignore_ament_install'
[0.573s] Level 1:colcon.colcon_core.package_identification:_identify(src/my_px4_package) by extensions ['colcon_pkg']
[0.574s] Level 1:colcon.colcon_core.package_identification:_identify(src/my_px4_package) by extension 'colcon_pkg'
[0.574s] Level 1:colcon.colcon_core.package_identification:_identify(src/my_px4_package) by extensions ['colcon_meta']
[0.574s] Level 1:colcon.colcon_core.package_identification:_identify(src/my_px4_package) by extension 'colcon_meta'
[0.574s] Level 1:colcon.colcon_core.package_identification:_identify(src/my_px4_package) by extensions ['ros']
[0.574s] Level 1:colcon.colcon_core.package_identification:_identify(src/my_px4_package) by extension 'ros'
[0.581s] DEBUG:colcon.colcon_core.package_identification:Package 'src/my_px4_package' with type 'ros.ament_python' and name 'my_px4_package'
[0.581s] Level 1:colcon.colcon_core.package_identification:_identify(src/px4_msgs) by extensions ['ignore', 'ignore_ament_install']
[0.581s] Level 1:colcon.colcon_core.package_identification:_identify(src/px4_msgs) by extension 'ignore'
[0.582s] Level 1:colcon.colcon_core.package_identification:_identify(src/px4_msgs) by extension 'ignore_ament_install'
[0.582s] Level 1:colcon.colcon_core.package_identification:_identify(src/px4_msgs) by extensions ['colcon_pkg']
[0.582s] Level 1:colcon.colcon_core.package_identification:_identify(src/px4_msgs) by extension 'colcon_pkg'
[0.582s] Level 1:colcon.colcon_core.package_identification:_identify(src/px4_msgs) by extensions ['colcon_meta']
[0.582s] Level 1:colcon.colcon_core.package_identification:_identify(src/px4_msgs) by extension 'colcon_meta'
[0.582s] Level 1:colcon.colcon_core.package_identification:_identify(src/px4_msgs) by extensions ['ros']
[0.582s] Level 1:colcon.colcon_core.package_identification:_identify(src/px4_msgs) by extension 'ros'
[0.584s] DEBUG:colcon.colcon_core.package_identification:Package 'src/px4_msgs' with type 'ros.ament_cmake' and name 'px4_msgs'
[0.584s] Level 1:colcon.colcon_core.package_identification:_identify(src/px4_ros_com) by extensions ['ignore', 'ignore_ament_install']
[0.584s] Level 1:colcon.colcon_core.package_identification:_identify(src/px4_ros_com) by extension 'ignore'
[0.584s] Level 1:colcon.colcon_core.package_identification:_identify(src/px4_ros_com) by extension 'ignore_ament_install'
[0.584s] Level 1:colcon.colcon_core.package_identification:_identify(src/px4_ros_com) by extensions ['colcon_pkg']
[0.584s] Level 1:colcon.colcon_core.package_identification:_identify(src/px4_ros_com) by extension 'colcon_pkg'
[0.584s] Level 1:colcon.colcon_core.package_identification:_identify(src/px4_ros_com) by extensions ['colcon_meta']
[0.584s] Level 1:colcon.colcon_core.package_identification:_identify(src/px4_ros_com) by extension 'colcon_meta'
[0.585s] Level 1:colcon.colcon_core.package_identification:_identify(src/px4_ros_com) by extensions ['ros']
[0.585s] Level 1:colcon.colcon_core.package_identification:_identify(src/px4_ros_com) by extension 'ros'
[0.587s] DEBUG:colcon.colcon_core.package_identification:Package 'src/px4_ros_com' with type 'ros.ament_cmake' and name 'px4_ros_com'
[0.587s] Level 1:colcon.colcon_core.package_discovery:discover_packages(recursive) using defaults
[0.587s] Level 1:colcon.colcon_core.package_discovery:discover_packages(ignore) discover
[0.588s] Level 1:colcon.colcon_core.package_discovery:discover_packages(ignore) using defaults
[0.588s] Level 1:colcon.colcon_core.package_discovery:discover_packages(path) discover
[0.588s] Level 1:colcon.colcon_core.package_discovery:discover_packages(path) using defaults
[0.644s] Level 5:colcon.colcon_core.verb:set package 'px4_msgs' build argument 'cmake_args' from command line to 'None'
[0.645s] Level 5:colcon.colcon_core.verb:set package 'px4_msgs' build argument 'cmake_target' from command line to 'None'
[0.645s] Level 5:colcon.colcon_core.verb:set package 'px4_msgs' build argument 'cmake_target_skip_unavailable' from command line to 'False'
[0.645s] Level 5:colcon.colcon_core.verb:set package 'px4_msgs' build argument 'cmake_clean_cache' from command line to 'False'
[0.645s] Level 5:colcon.colcon_core.verb:set package 'px4_msgs' build argument 'cmake_clean_first' from command line to 'False'
[0.645s] Level 5:colcon.colcon_core.verb:set package 'px4_msgs' build argument 'cmake_force_configure' from command line to 'False'
[0.645s] Level 5:colcon.colcon_core.verb:set package 'px4_msgs' build argument 'ament_cmake_args' from command line to 'None'
[0.645s] Level 5:colcon.colcon_core.verb:set package 'px4_msgs' build argument 'catkin_cmake_args' from command line to 'None'
[0.645s] Level 5:colcon.colcon_core.verb:set package 'px4_msgs' build argument 'catkin_skip_building_tests' from command line to 'False'
[0.645s] DEBUG:colcon.colcon_core.verb:Building package 'px4_msgs' with the following arguments: {'ament_cmake_args': None, 'build_base': '/Drone_Sim/ros_ws/build/px4_msgs', 'catkin_cmake_args': None, 'catkin_skip_building_tests': False, 'cmake_args': None, 'cmake_clean_cache': False, 'cmake_clean_first': False, 'cmake_force_configure': False, 'cmake_target': None, 'cmake_target_skip_unavailable': False, 'install_base': '/Drone_Sim/ros_ws/install/px4_msgs', 'merge_install': False, 'path': '/Drone_Sim/ros_ws/src/px4_msgs', 'symlink_install': True, 'test_result_base': None}
[0.646s] Level 5:colcon.colcon_core.verb:set package 'my_px4_package' build argument 'cmake_args' from command line to 'None'
[0.646s] Level 5:colcon.colcon_core.verb:set package 'my_px4_package' build argument 'cmake_target' from command line to 'None'
[0.646s] Level 5:colcon.colcon_core.verb:set package 'my_px4_package' build argument 'cmake_target_skip_unavailable' from command line to 'False'
[0.646s] Level 5:colcon.colcon_core.verb:set package 'my_px4_package' build argument 'cmake_clean_cache' from command line to 'False'
[0.646s] Level 5:colcon.colcon_core.verb:set package 'my_px4_package' build argument 'cmake_clean_first' from command line to 'False'
[0.646s] Level 5:colcon.colcon_core.verb:set package 'my_px4_package' build argument 'cmake_force_configure' from command line to 'False'
[0.646s] Level 5:colcon.colcon_core.verb:set package 'my_px4_package' build argument 'ament_cmake_args' from command line to 'None'
[0.646s] Level 5:colcon.colcon_core.verb:set package 'my_px4_package' build argument 'catkin_cmake_args' from command line to 'None'
[0.646s] Level 5:colcon.colcon_core.verb:set package 'my_px4_package' build argument 'catkin_skip_building_tests' from command line to 'False'
[0.646s] DEBUG:colcon.colcon_core.verb:Building package 'my_px4_package' with the following arguments: {'ament_cmake_args': None, 'build_base': '/Drone_Sim/ros_ws/build/my_px4_package', 'catkin_cmake_args': None, 'catkin_skip_building_tests': False, 'cmake_args': None, 'cmake_clean_cache': False, 'cmake_clean_first': False, 'cmake_force_configure': False, 'cmake_target': None, 'cmake_target_skip_unavailable': False, 'install_base': '/Drone_Sim/ros_ws/install/my_px4_package', 'merge_install': False, 'path': '/Drone_Sim/ros_ws/src/my_px4_package', 'symlink_install': True, 'test_result_base': None}
[0.647s] Level 5:colcon.colcon_core.verb:set package 'px4_ros_com' build argument 'cmake_args' from command line to 'None'
[0.647s] Level 5:colcon.colcon_core.verb:set package 'px4_ros_com' build argument 'cmake_target' from command line to 'None'
[0.647s] Level 5:colcon.colcon_core.verb:set package 'px4_ros_com' build argument 'cmake_target_skip_unavailable' from command line to 'False'
[0.647s] Level 5:colcon.colcon_core.verb:set package 'px4_ros_com' build argument 'cmake_clean_cache' from command line to 'False'
[0.647s] Level 5:colcon.colcon_core.verb:set package 'px4_ros_com' build argument 'cmake_clean_first' from command line to 'False'
[0.647s] Level 5:colcon.colcon_core.verb:set package 'px4_ros_com' build argument 'cmake_force_configure' from command line to 'False'
[0.647s] Level 5:colcon.colcon_core.verb:set package 'px4_ros_com' build argument 'ament_cmake_args' from command line to 'None'
[0.647s] Level 5:colcon.colcon_core.verb:set package 'px4_ros_com' build argument 'catkin_cmake_args' from command line to 'None'
[0.647s] Level 5:colcon.colcon_core.verb:set package 'px4_ros_com' build argument 'catkin_skip_building_tests' from command line to 'False'
[0.647s] DEBUG:colcon.colcon_core.verb:Building package 'px4_ros_com' with the following arguments: {'ament_cmake_args': None, 'build_base': '/Drone_Sim/ros_ws/build/px4_ros_com', 'catkin_cmake_args': None, 'catkin_skip_building_tests': False, 'cmake_args': None, 'cmake_clean_cache': False, 'cmake_clean_first': False, 'cmake_force_configure': False, 'cmake_target': None, 'cmake_target_skip_unavailable': False, 'install_base': '/Drone_Sim/ros_ws/install/px4_ros_com', 'merge_install': False, 'path': '/Drone_Sim/ros_ws/src/px4_ros_com', 'symlink_install': True, 'test_result_base': None}
[0.647s] INFO:colcon.colcon_core.executor:Executing jobs using 'parallel' executor
[0.649s] DEBUG:colcon.colcon_parallel_executor.executor.parallel:run_until_complete
[0.650s] INFO:colcon.colcon_ros.task.ament_cmake.build:Building ROS package in '/Drone_Sim/ros_ws/src/px4_msgs' with build type 'ament_cmake'
[0.650s] INFO:colcon.colcon_cmake.task.cmake.build:Building CMake package in '/Drone_Sim/ros_ws/src/px4_msgs'
[0.654s] INFO:colcon.colcon_core.plugin_system:Skipping extension 'colcon_core.shell.bat': Not used on non-Windows systems
[0.654s] INFO:colcon.colcon_core.shell:Skip shell extension 'powershell' for command environment: Not usable outside of PowerShell
[0.654s] DEBUG:colcon.colcon_core.shell:Skip shell extension 'dsv' for command environment
[0.656s] WARNING:colcon.colcon_ros.prefix_path.ament:The path '/Drone_Sim/ros_ws/install/px4_ros_com' in the environment variable AMENT_PREFIX_PATH doesn't exist
[0.656s] WARNING:colcon.colcon_ros.prefix_path.ament:The path '/Drone_Sim/ros_ws/install/my_px4_package' in the environment variable AMENT_PREFIX_PATH doesn't exist
[0.656s] WARNING:colcon.colcon_ros.prefix_path.ament:The path '/Drone_Sim/ros_ws/install/px4_msgs' in the environment variable AMENT_PREFIX_PATH doesn't exist
[0.656s] WARNING:colcon.colcon_ros.prefix_path.catkin:The path '/Drone_Sim/ros_ws/install/px4_ros_com' in the environment variable CMAKE_PREFIX_PATH doesn't exist
[0.657s] WARNING:colcon.colcon_ros.prefix_path.catkin:The path '/Drone_Sim/ros_ws/install/px4_msgs' in the environment variable CMAKE_PREFIX_PATH doesn't exist
[0.702s] DEBUG:colcon.colcon_core.event_handler.log_command:Invoking command in '/Drone_Sim/ros_ws/build/px4_msgs': CMAKE_PREFIX_PATH=${CMAKE_PREFIX_PATH}:/Drone_Sim/ros_ws/install/my_px4_package:/opt/ros/humble /usr/bin/cmake /Drone_Sim/ros_ws/src/px4_msgs -DAMENT_CMAKE_SYMLINK_INSTALL=1 -DCMAKE_INSTALL_PREFIX=/Drone_Sim/ros_ws/install/px4_msgs
[15.640s] DEBUG:colcon.colcon_core.event_handler.log_command:Invoked command in '/Drone_Sim/ros_ws/build/px4_msgs' returned '0': CMAKE_PREFIX_PATH=${CMAKE_PREFIX_PATH}:/Drone_Sim/ros_ws/install/my_px4_package:/opt/ros/humble /usr/bin/cmake /Drone_Sim/ros_ws/src/px4_msgs -DAMENT_CMAKE_SYMLINK_INSTALL=1 -DCMAKE_INSTALL_PREFIX=/Drone_Sim/ros_ws/install/px4_msgs
[15.644s] DEBUG:colcon.colcon_core.event_handler.log_command:Invoking command in '/Drone_Sim/ros_ws/build/px4_msgs': CMAKE_PREFIX_PATH=${CMAKE_PREFIX_PATH}:/Drone_Sim/ros_ws/install/my_px4_package:/opt/ros/humble /usr/bin/cmake --build /Drone_Sim/ros_ws/build/px4_msgs -- -j8 -l8
[587.254s] DEBUG:colcon.colcon_core.event_handler.log_command:Invoked command in '/Drone_Sim/ros_ws/build/px4_msgs' returned '0': CMAKE_PREFIX_PATH=${CMAKE_PREFIX_PATH}:/Drone_Sim/ros_ws/install/my_px4_package:/opt/ros/humble /usr/bin/cmake --build /Drone_Sim/ros_ws/build/px4_msgs -- -j8 -l8
[587.453s] DEBUG:colcon.colcon_core.event_handler.log_command:Invoking command in '/Drone_Sim/ros_ws/build/px4_msgs': CMAKE_PREFIX_PATH=${CMAKE_PREFIX_PATH}:/Drone_Sim/ros_ws/install/my_px4_package:/opt/ros/humble /usr/bin/cmake --install /Drone_Sim/ros_ws/build/px4_msgs
[655.487s] Level 1:colcon.colcon_core.environment:create_environment_scripts_only(px4_msgs)
[655.488s] DEBUG:colcon.colcon_core.event_handler.log_command:Invoked command in '/Drone_Sim/ros_ws/build/px4_msgs' returned '0': CMAKE_PREFIX_PATH=${CMAKE_PREFIX_PATH}:/Drone_Sim/ros_ws/install/my_px4_package:/opt/ros/humble /usr/bin/cmake --install /Drone_Sim/ros_ws/build/px4_msgs
[655.492s] Level 1:colcon.colcon_core.environment:checking '/Drone_Sim/ros_ws/install/px4_msgs' for CMake module files
[655.493s] Level 1:colcon.colcon_core.environment:checking '/Drone_Sim/ros_ws/install/px4_msgs' for CMake config files
[655.529s] Level 1:colcon.colcon_core.shell:create_environment_hook('px4_msgs', 'cmake_prefix_path')
[655.529s] INFO:colcon.colcon_core.shell:Creating environment hook '/Drone_Sim/ros_ws/install/px4_msgs/share/px4_msgs/hook/cmake_prefix_path.ps1'
[655.531s] INFO:colcon.colcon_core.shell:Creating environment descriptor '/Drone_Sim/ros_ws/install/px4_msgs/share/px4_msgs/hook/cmake_prefix_path.dsv'
[655.532s] INFO:colcon.colcon_core.shell:Creating environment hook '/Drone_Sim/ros_ws/install/px4_msgs/share/px4_msgs/hook/cmake_prefix_path.sh'
[655.534s] Level 1:colcon.colcon_core.environment:checking '/Drone_Sim/ros_ws/install/px4_msgs/lib'
[655.534s] Level 1:colcon.colcon_core.shell:create_environment_hook('px4_msgs', 'ld_library_path_lib')
[655.535s] INFO:colcon.colcon_core.shell:Creating environment hook '/Drone_Sim/ros_ws/install/px4_msgs/share/px4_msgs/hook/ld_library_path_lib.ps1'
[655.536s] INFO:colcon.colcon_core.shell:Creating environment descriptor '/Drone_Sim/ros_ws/install/px4_msgs/share/px4_msgs/hook/ld_library_path_lib.dsv'
[655.536s] INFO:colcon.colcon_core.shell:Creating environment hook '/Drone_Sim/ros_ws/install/px4_msgs/share/px4_msgs/hook/ld_library_path_lib.sh'
[655.537s] Level 1:colcon.colcon_core.environment:checking '/Drone_Sim/ros_ws/install/px4_msgs/bin'
[655.537s] Level 1:colcon.colcon_core.environment:checking '/Drone_Sim/ros_ws/install/px4_msgs/lib/pkgconfig/px4_msgs.pc'
[655.540s] Level 1:colcon.colcon_core.environment:checking '/Drone_Sim/ros_ws/install/px4_msgs/lib/python3.10/site-packages'
[655.541s] Level 1:colcon.colcon_core.environment:checking '/Drone_Sim/ros_ws/install/px4_msgs/bin'
[655.541s] INFO:colcon.colcon_core.shell:Creating package script '/Drone_Sim/ros_ws/install/px4_msgs/share/px4_msgs/package.ps1'
[655.543s] INFO:colcon.colcon_core.shell:Creating package descriptor '/Drone_Sim/ros_ws/install/px4_msgs/share/px4_msgs/package.dsv'
[655.544s] INFO:colcon.colcon_core.shell:Creating package script '/Drone_Sim/ros_ws/install/px4_msgs/share/px4_msgs/package.sh'
[655.546s] INFO:colcon.colcon_core.shell:Creating package script '/Drone_Sim/ros_ws/install/px4_msgs/share/px4_msgs/package.bash'
[655.547s] INFO:colcon.colcon_core.shell:Creating package script '/Drone_Sim/ros_ws/install/px4_msgs/share/px4_msgs/package.zsh'
[655.548s] Level 1:colcon.colcon_core.environment:create_file_with_runtime_dependencies(/Drone_Sim/ros_ws/install/px4_msgs/share/colcon-core/packages/px4_msgs)
[655.549s] Level 1:colcon.colcon_core.environment:create_environment_scripts_only(px4_msgs)
[655.550s] Level 1:colcon.colcon_core.environment:checking '/Drone_Sim/ros_ws/install/px4_msgs' for CMake module files
[655.551s] Level 1:colcon.colcon_core.environment:checking '/Drone_Sim/ros_ws/install/px4_msgs' for CMake config files
[655.587s] Level 1:colcon.colcon_core.shell:create_environment_hook('px4_msgs', 'cmake_prefix_path')
[655.588s] INFO:colcon.colcon_core.shell:Creating environment hook '/Drone_Sim/ros_ws/install/px4_msgs/share/px4_msgs/hook/cmake_prefix_path.ps1'
[655.589s] INFO:colcon.colcon_core.shell:Creating environment descriptor '/Drone_Sim/ros_ws/install/px4_msgs/share/px4_msgs/hook/cmake_prefix_path.dsv'
[655.590s] INFO:colcon.colcon_core.shell:Creating environment hook '/Drone_Sim/ros_ws/install/px4_msgs/share/px4_msgs/hook/cmake_prefix_path.sh'
[655.592s] Level 1:colcon.colcon_core.environment:checking '/Drone_Sim/ros_ws/install/px4_msgs/lib'
[655.592s] Level 1:colcon.colcon_core.shell:create_environment_hook('px4_msgs', 'ld_library_path_lib')
[655.593s] INFO:colcon.colcon_core.shell:Creating environment hook '/Drone_Sim/ros_ws/install/px4_msgs/share/px4_msgs/hook/ld_library_path_lib.ps1'
[655.593s] INFO:colcon.colcon_core.shell:Creating environment descriptor '/Drone_Sim/ros_ws/install/px4_msgs/share/px4_msgs/hook/ld_library_path_lib.dsv'
[655.594s] INFO:colcon.colcon_core.shell:Creating environment hook '/Drone_Sim/ros_ws/install/px4_msgs/share/px4_msgs/hook/ld_library_path_lib.sh'
[655.595s] Level 1:colcon.colcon_core.environment:checking '/Drone_Sim/ros_ws/install/px4_msgs/bin'
[655.595s] Level 1:colcon.colcon_core.environment:checking '/Drone_Sim/ros_ws/install/px4_msgs/lib/pkgconfig/px4_msgs.pc'
[655.595s] Level 1:colcon.colcon_core.environment:checking '/Drone_Sim/ros_ws/install/px4_msgs/lib/python3.10/site-packages'
[655.596s] Level 1:colcon.colcon_core.environment:checking '/Drone_Sim/ros_ws/install/px4_msgs/bin'
[655.596s] INFO:colcon.colcon_core.shell:Creating package script '/Drone_Sim/ros_ws/install/px4_msgs/share/px4_msgs/package.ps1'
[655.597s] INFO:colcon.colcon_core.shell:Creating package descriptor '/Drone_Sim/ros_ws/install/px4_msgs/share/px4_msgs/package.dsv'
[655.598s] INFO:colcon.colcon_core.shell:Creating package script '/Drone_Sim/ros_ws/install/px4_msgs/share/px4_msgs/package.sh'
[655.599s] INFO:colcon.colcon_core.shell:Creating package script '/Drone_Sim/ros_ws/install/px4_msgs/share/px4_msgs/package.bash'
[655.600s] INFO:colcon.colcon_core.shell:Creating package script '/Drone_Sim/ros_ws/install/px4_msgs/share/px4_msgs/package.zsh'
[655.601s] Level 1:colcon.colcon_core.environment:create_file_with_runtime_dependencies(/Drone_Sim/ros_ws/install/px4_msgs/share/colcon-core/packages/px4_msgs)
[655.602s] INFO:colcon.colcon_ros.task.ament_python.build:Building ROS package in '/Drone_Sim/ros_ws/src/my_px4_package' with build type 'ament_python'
[655.602s] Level 1:colcon.colcon_core.shell:create_environment_hook('my_px4_package', 'ament_prefix_path')
[655.603s] INFO:colcon.colcon_core.shell:Creating environment hook '/Drone_Sim/ros_ws/install/my_px4_package/share/my_px4_package/hook/ament_prefix_path.ps1'
[655.605s] INFO:colcon.colcon_core.shell:Creating environment descriptor '/Drone_Sim/ros_ws/install/my_px4_package/share/my_px4_package/hook/ament_prefix_path.dsv'
[655.605s] INFO:colcon.colcon_core.shell:Creating environment hook '/Drone_Sim/ros_ws/install/my_px4_package/share/my_px4_package/hook/ament_prefix_path.sh'
[655.606s] INFO:colcon.colcon_core.shell:Skip shell extension 'powershell' for command environment: Not usable outside of PowerShell
[655.607s] DEBUG:colcon.colcon_core.shell:Skip shell extension 'dsv' for command environment
[655.615s] INFO:colcon.colcon_ros.task.ament_cmake.build:Building ROS package in '/Drone_Sim/ros_ws/src/px4_ros_com' with build type 'ament_cmake'
[655.615s] INFO:colcon.colcon_cmake.task.cmake.build:Building CMake package in '/Drone_Sim/ros_ws/src/px4_ros_com'
[655.616s] INFO:colcon.colcon_core.shell:Skip shell extension 'powershell' for command environment: Not usable outside of PowerShell
[655.616s] DEBUG:colcon.colcon_core.shell:Skip shell extension 'dsv' for command environment
[656.299s] INFO:colcon.colcon_core.task.python.build:Building Python package in '/Drone_Sim/ros_ws/src/my_px4_package'
[656.414s] INFO:colcon.colcon_core.shell:Skip shell extension 'powershell' for command environment: Not usable outside of PowerShell
[656.414s] DEBUG:colcon.colcon_core.shell:Skip shell extension 'dsv' for command environment
[656.438s] DEBUG:colcon.colcon_core.event_handler.log_command:Invoking command in '/Drone_Sim/ros_ws/build/px4_ros_com': CMAKE_PREFIX_PATH=/Drone_Sim/ros_ws/install/px4_msgs:/Drone_Sim/ros_ws/install/px4_ros_com:/Drone_Sim/ros_ws/install/my_px4_package:/opt/ros/humble LD_LIBRARY_PATH=/Drone_Sim/ros_ws/install/px4_msgs/lib:/Drone_Sim/ros_ws/install/px4_ros_com/lib:/opt/ros/humble/opt/rviz_ogre_vendor/lib:/opt/ros/humble/lib/x86_64-linux-gnu:/opt/ros/humble/lib /usr/bin/cmake /Drone_Sim/ros_ws/src/px4_ros_com -DAMENT_CMAKE_SYMLINK_INSTALL=1 -DCMAKE_INSTALL_PREFIX=/Drone_Sim/ros_ws/install/px4_ros_com
[657.287s] DEBUG:colcon.colcon_core.event_handler.log_command:Invoking command in '/Drone_Sim/ros_ws/build/my_px4_package': CMAKE_PREFIX_PATH=/Drone_Sim/ros_ws/install/px4_msgs:/Drone_Sim/ros_ws/install/px4_ros_com LD_LIBRARY_PATH=/Drone_Sim/ros_ws/install/px4_msgs/lib:/Drone_Sim/ros_ws/install/px4_ros_com/lib:/opt/ros/humble/opt/rviz_ogre_vendor/lib:/opt/ros/humble/lib/x86_64-linux-gnu:/opt/ros/humble/lib PYTHONPATH=/Drone_Sim/ros_ws/build/my_px4_package/prefix_override:/usr/lib/python3/dist-packages/colcon_core/task/python/colcon_distutils_commands:/Drone_Sim/ros_ws/install/my_px4_package/lib/python3.10/site-packages:${PYTHONPATH} /usr/bin/python3 -W ignore:setup.py install is deprecated -W ignore:easy_install command is deprecated setup.py develop --editable --build-directory /Drone_Sim/ros_ws/build/my_px4_package/build --no-deps symlink_data
[658.651s] Level 1:colcon.colcon_core.shell:create_environment_hook('my_px4_package', 'pythonpath_develop')
[658.651s] INFO:colcon.colcon_core.shell:Creating environment hook '/Drone_Sim/ros_ws/build/my_px4_package/share/my_px4_package/hook/pythonpath_develop.ps1'
[658.652s] DEBUG:colcon.colcon_core.event_handler.log_command:Invoked command in '/Drone_Sim/ros_ws/build/my_px4_package' returned '0': CMAKE_PREFIX_PATH=/Drone_Sim/ros_ws/install/px4_msgs:/Drone_Sim/ros_ws/install/px4_ros_com LD_LIBRARY_PATH=/Drone_Sim/ros_ws/install/px4_msgs/lib:/Drone_Sim/ros_ws/install/px4_ros_com/lib:/opt/ros/humble/opt/rviz_ogre_vendor/lib:/opt/ros/humble/lib/x86_64-linux-gnu:/opt/ros/humble/lib PYTHONPATH=/Drone_Sim/ros_ws/build/my_px4_package/prefix_override:/usr/lib/python3/dist-packages/colcon_core/task/python/colcon_distutils_commands:/Drone_Sim/ros_ws/install/my_px4_package/lib/python3.10/site-packages:${PYTHONPATH} /usr/bin/python3 -W ignore:setup.py install is deprecated -W ignore:easy_install command is deprecated setup.py develop --editable --build-directory /Drone_Sim/ros_ws/build/my_px4_package/build --no-deps symlink_data
[658.654s] INFO:colcon.colcon_core.shell:Creating environment descriptor '/Drone_Sim/ros_ws/build/my_px4_package/share/my_px4_package/hook/pythonpath_develop.dsv'
[658.654s] INFO:colcon.colcon_core.shell:Creating environment hook '/Drone_Sim/ros_ws/build/my_px4_package/share/my_px4_package/hook/pythonpath_develop.sh'
[658.656s] Level 1:colcon.colcon_core.environment:checking '/Drone_Sim/ros_ws/install/my_px4_package' for CMake module files
[658.656s] Level 1:colcon.colcon_core.environment:checking '/Drone_Sim/ros_ws/install/my_px4_package' for CMake config files
[658.657s] Level 1:colcon.colcon_core.environment:checking '/Drone_Sim/ros_ws/install/my_px4_package/lib'
[658.657s] Level 1:colcon.colcon_core.environment:checking '/Drone_Sim/ros_ws/install/my_px4_package/bin'
[658.657s] Level 1:colcon.colcon_core.environment:checking '/Drone_Sim/ros_ws/install/my_px4_package/lib/pkgconfig/my_px4_package.pc'
[658.658s] Level 1:colcon.colcon_core.environment:checking '/Drone_Sim/ros_ws/install/my_px4_package/lib/python3.10/site-packages'
[658.658s] Level 1:colcon.colcon_core.shell:create_environment_hook('my_px4_package', 'pythonpath')
[658.658s] INFO:colcon.colcon_core.shell:Creating environment hook '/Drone_Sim/ros_ws/install/my_px4_package/share/my_px4_package/hook/pythonpath.ps1'
[658.659s] INFO:colcon.colcon_core.shell:Creating environment descriptor '/Drone_Sim/ros_ws/install/my_px4_package/share/my_px4_package/hook/pythonpath.dsv'
[658.660s] INFO:colcon.colcon_core.shell:Creating environment hook '/Drone_Sim/ros_ws/install/my_px4_package/share/my_px4_package/hook/pythonpath.sh'
[658.661s] Level 1:colcon.colcon_core.environment:checking '/Drone_Sim/ros_ws/install/my_px4_package/bin'
[658.661s] Level 1:colcon.colcon_core.environment:create_environment_scripts_only(my_px4_package)
[658.662s] INFO:colcon.colcon_core.shell:Creating package script '/Drone_Sim/ros_ws/install/my_px4_package/share/my_px4_package/package.ps1'
[658.663s] INFO:colcon.colcon_core.shell:Creating package descriptor '/Drone_Sim/ros_ws/install/my_px4_package/share/my_px4_package/package.dsv'
[658.664s] INFO:colcon.colcon_core.shell:Creating package script '/Drone_Sim/ros_ws/install/my_px4_package/share/my_px4_package/package.sh'
[658.665s] INFO:colcon.colcon_core.shell:Creating package script '/Drone_Sim/ros_ws/install/my_px4_package/share/my_px4_package/package.bash'
[658.665s] INFO:colcon.colcon_core.shell:Creating package script '/Drone_Sim/ros_ws/install/my_px4_package/share/my_px4_package/package.zsh'
[658.666s] Level 1:colcon.colcon_core.environment:create_file_with_runtime_dependencies(/Drone_Sim/ros_ws/install/my_px4_package/share/colcon-core/packages/my_px4_package)
[670.097s] DEBUG:colcon.colcon_core.event_handler.log_command:Invoked command in '/Drone_Sim/ros_ws/build/px4_ros_com' returned '0': CMAKE_PREFIX_PATH=/Drone_Sim/ros_ws/install/px4_msgs:/Drone_Sim/ros_ws/install/px4_ros_com:/Drone_Sim/ros_ws/install/my_px4_package:/opt/ros/humble LD_LIBRARY_PATH=/Drone_Sim/ros_ws/install/px4_msgs/lib:/Drone_Sim/ros_ws/install/px4_ros_com/lib:/opt/ros/humble/opt/rviz_ogre_vendor/lib:/opt/ros/humble/lib/x86_64-linux-gnu:/opt/ros/humble/lib /usr/bin/cmake /Drone_Sim/ros_ws/src/px4_ros_com -DAMENT_CMAKE_SYMLINK_INSTALL=1 -DCMAKE_INSTALL_PREFIX=/Drone_Sim/ros_ws/install/px4_ros_com
[670.101s] DEBUG:colcon.colcon_core.event_handler.log_command:Invoking command in '/Drone_Sim/ros_ws/build/px4_ros_com': CMAKE_PREFIX_PATH=/Drone_Sim/ros_ws/install/px4_msgs:/Drone_Sim/ros_ws/install/px4_ros_com:/Drone_Sim/ros_ws/install/my_px4_package:/opt/ros/humble LD_LIBRARY_PATH=/Drone_Sim/ros_ws/install/px4_msgs/lib:/Drone_Sim/ros_ws/install/px4_ros_com/lib:/opt/ros/humble/opt/rviz_ogre_vendor/lib:/opt/ros/humble/lib/x86_64-linux-gnu:/opt/ros/humble/lib /usr/bin/cmake --build /Drone_Sim/ros_ws/build/px4_ros_com -- -j8 -l8
[717.841s] DEBUG:colcon.colcon_core.event_handler.log_command:Invoked command in '/Drone_Sim/ros_ws/build/px4_ros_com' returned '0': CMAKE_PREFIX_PATH=/Drone_Sim/ros_ws/install/px4_msgs:/Drone_Sim/ros_ws/install/px4_ros_com:/Drone_Sim/ros_ws/install/my_px4_package:/opt/ros/humble LD_LIBRARY_PATH=/Drone_Sim/ros_ws/install/px4_msgs/lib:/Drone_Sim/ros_ws/install/px4_ros_com/lib:/opt/ros/humble/opt/rviz_ogre_vendor/lib:/opt/ros/humble/lib/x86_64-linux-gnu:/opt/ros/humble/lib /usr/bin/cmake --build /Drone_Sim/ros_ws/build/px4_ros_com -- -j8 -l8
[717.975s] DEBUG:colcon.colcon_core.event_handler.log_command:Invoking command in '/Drone_Sim/ros_ws/build/px4_ros_com': CMAKE_PREFIX_PATH=/Drone_Sim/ros_ws/install/px4_msgs:/Drone_Sim/ros_ws/install/px4_ros_com:/Drone_Sim/ros_ws/install/my_px4_package:/opt/ros/humble LD_LIBRARY_PATH=/Drone_Sim/ros_ws/install/px4_msgs/lib:/Drone_Sim/ros_ws/install/px4_ros_com/lib:/opt/ros/humble/opt/rviz_ogre_vendor/lib:/opt/ros/humble/lib/x86_64-linux-gnu:/opt/ros/humble/lib /usr/bin/cmake --install /Drone_Sim/ros_ws/build/px4_ros_com
[719.967s] Level 1:colcon.colcon_core.environment:create_environment_scripts_only(px4_ros_com)
[719.968s] Level 1:colcon.colcon_core.environment:checking '/Drone_Sim/ros_ws/install/px4_ros_com' for CMake module files
[719.968s] DEBUG:colcon.colcon_core.event_handler.log_command:Invoked command in '/Drone_Sim/ros_ws/build/px4_ros_com' returned '0': CMAKE_PREFIX_PATH=/Drone_Sim/ros_ws/install/px4_msgs:/Drone_Sim/ros_ws/install/px4_ros_com:/Drone_Sim/ros_ws/install/my_px4_package:/opt/ros/humble LD_LIBRARY_PATH=/Drone_Sim/ros_ws/install/px4_msgs/lib:/Drone_Sim/ros_ws/install/px4_ros_com/lib:/opt/ros/humble/opt/rviz_ogre_vendor/lib:/opt/ros/humble/lib/x86_64-linux-gnu:/opt/ros/humble/lib /usr/bin/cmake --install /Drone_Sim/ros_ws/build/px4_ros_com
[719.969s] Level 1:colcon.colcon_core.environment:checking '/Drone_Sim/ros_ws/install/px4_ros_com' for CMake config files
[719.970s] Level 1:colcon.colcon_core.shell:create_environment_hook('px4_ros_com', 'cmake_prefix_path')
[719.971s] INFO:colcon.colcon_core.shell:Creating environment hook '/Drone_Sim/ros_ws/install/px4_ros_com/share/px4_ros_com/hook/cmake_prefix_path.ps1'
[720.015s] INFO:colcon.colcon_core.shell:Creating environment descriptor '/Drone_Sim/ros_ws/install/px4_ros_com/share/px4_ros_com/hook/cmake_prefix_path.dsv'
[720.026s] INFO:colcon.colcon_core.shell:Creating environment hook '/Drone_Sim/ros_ws/install/px4_ros_com/share/px4_ros_com/hook/cmake_prefix_path.sh'
[720.028s] Level 1:colcon.colcon_core.environment:checking '/Drone_Sim/ros_ws/install/px4_ros_com/lib'
[720.028s] Level 1:colcon.colcon_core.shell:create_environment_hook('px4_ros_com', 'ld_library_path_lib')
[720.029s] INFO:colcon.colcon_core.shell:Creating environment hook '/Drone_Sim/ros_ws/install/px4_ros_com/share/px4_ros_com/hook/ld_library_path_lib.ps1'
[720.029s] INFO:colcon.colcon_core.shell:Creating environment descriptor '/Drone_Sim/ros_ws/install/px4_ros_com/share/px4_ros_com/hook/ld_library_path_lib.dsv'
[720.030s] INFO:colcon.colcon_core.shell:Creating environment hook '/Drone_Sim/ros_ws/install/px4_ros_com/share/px4_ros_com/hook/ld_library_path_lib.sh'
[720.031s] Level 1:colcon.colcon_core.environment:checking '/Drone_Sim/ros_ws/install/px4_ros_com/bin'
[720.031s] Level 1:colcon.colcon_core.environment:checking '/Drone_Sim/ros_ws/install/px4_ros_com/lib/pkgconfig/px4_ros_com.pc'
[720.031s] Level 1:colcon.colcon_core.environment:checking '/Drone_Sim/ros_ws/install/px4_ros_com/lib/python3.10/site-packages'
[720.032s] Level 1:colcon.colcon_core.environment:checking '/Drone_Sim/ros_ws/install/px4_ros_com/bin'
[720.032s] INFO:colcon.colcon_core.shell:Creating package script '/Drone_Sim/ros_ws/install/px4_ros_com/share/px4_ros_com/package.ps1'
[720.034s] INFO:colcon.colcon_core.shell:Creating package descriptor '/Drone_Sim/ros_ws/install/px4_ros_com/share/px4_ros_com/package.dsv'
[720.048s] INFO:colcon.colcon_core.shell:Creating package script '/Drone_Sim/ros_ws/install/px4_ros_com/share/px4_ros_com/package.sh'
[720.050s] INFO:colcon.colcon_core.shell:Creating package script '/Drone_Sim/ros_ws/install/px4_ros_com/share/px4_ros_com/package.bash'
[720.051s] INFO:colcon.colcon_core.shell:Creating package script '/Drone_Sim/ros_ws/install/px4_ros_com/share/px4_ros_com/package.zsh'
[720.071s] Level 1:colcon.colcon_core.environment:create_file_with_runtime_dependencies(/Drone_Sim/ros_ws/install/px4_ros_com/share/colcon-core/packages/px4_ros_com)
[720.072s] Level 1:colcon.colcon_core.environment:create_environment_scripts_only(px4_ros_com)
[720.072s] Level 1:colcon.colcon_core.environment:checking '/Drone_Sim/ros_ws/install/px4_ros_com' for CMake module files
[720.074s] Level 1:colcon.colcon_core.environment:checking '/Drone_Sim/ros_ws/install/px4_ros_com' for CMake config files
[720.075s] Level 1:colcon.colcon_core.shell:create_environment_hook('px4_ros_com', 'cmake_prefix_path')
[720.075s] INFO:colcon.colcon_core.shell:Creating environment hook '/Drone_Sim/ros_ws/install/px4_ros_com/share/px4_ros_com/hook/cmake_prefix_path.ps1'
[720.076s] INFO:colcon.colcon_core.shell:Creating environment descriptor '/Drone_Sim/ros_ws/install/px4_ros_com/share/px4_ros_com/hook/cmake_prefix_path.dsv'
[720.077s] INFO:colcon.colcon_core.shell:Creating environment hook '/Drone_Sim/ros_ws/install/px4_ros_com/share/px4_ros_com/hook/cmake_prefix_path.sh'
[720.078s] Level 1:colcon.colcon_core.environment:checking '/Drone_Sim/ros_ws/install/px4_ros_com/lib'
[720.078s] Level 1:colcon.colcon_core.shell:create_environment_hook('px4_ros_com', 'ld_library_path_lib')
[720.078s] INFO:colcon.colcon_core.shell:Creating environment hook '/Drone_Sim/ros_ws/install/px4_ros_com/share/px4_ros_com/hook/ld_library_path_lib.ps1'
[720.079s] INFO:colcon.colcon_core.shell:Creating environment descriptor '/Drone_Sim/ros_ws/install/px4_ros_com/share/px4_ros_com/hook/ld_library_path_lib.dsv'
[720.080s] INFO:colcon.colcon_core.shell:Creating environment hook '/Drone_Sim/ros_ws/install/px4_ros_com/share/px4_ros_com/hook/ld_library_path_lib.sh'
[720.080s] Level 1:colcon.colcon_core.environment:checking '/Drone_Sim/ros_ws/install/px4_ros_com/bin'
[720.080s] Level 1:colcon.colcon_core.environment:checking '/Drone_Sim/ros_ws/install/px4_ros_com/lib/pkgconfig/px4_ros_com.pc'
[720.081s] Level 1:colcon.colcon_core.environment:checking '/Drone_Sim/ros_ws/install/px4_ros_com/lib/python3.10/site-packages'
[720.081s] Level 1:colcon.colcon_core.environment:checking '/Drone_Sim/ros_ws/install/px4_ros_com/bin'
[720.082s] INFO:colcon.colcon_core.shell:Creating package script '/Drone_Sim/ros_ws/install/px4_ros_com/share/px4_ros_com/package.ps1'
[720.083s] INFO:colcon.colcon_core.shell:Creating package descriptor '/Drone_Sim/ros_ws/install/px4_ros_com/share/px4_ros_com/package.dsv'
[720.084s] INFO:colcon.colcon_core.shell:Creating package script '/Drone_Sim/ros_ws/install/px4_ros_com/share/px4_ros_com/package.sh'
[720.085s] INFO:colcon.colcon_core.shell:Creating package script '/Drone_Sim/ros_ws/install/px4_ros_com/share/px4_ros_com/package.bash'
[720.086s] INFO:colcon.colcon_core.shell:Creating package script '/Drone_Sim/ros_ws/install/px4_ros_com/share/px4_ros_com/package.zsh'
[720.086s] Level 1:colcon.colcon_core.environment:create_file_with_runtime_dependencies(/Drone_Sim/ros_ws/install/px4_ros_com/share/colcon-core/packages/px4_ros_com)
[720.087s] DEBUG:colcon.colcon_parallel_executor.executor.parallel:closing loop
[720.087s] DEBUG:colcon.colcon_parallel_executor.executor.parallel:loop closed
[720.087s] DEBUG:colcon.colcon_parallel_executor.executor.parallel:run_until_complete finished with '0'
[720.087s] DEBUG:colcon.colcon_core.event_reactor:joining thread
[720.352s] INFO:colcon.colcon_core.plugin_system:Skipping extension 'colcon_notification.desktop_notification.notify_send': Could not find 'notify-send'
[720.352s] INFO:colcon.colcon_core.plugin_system:Skipping extension 'colcon_notification.desktop_notification.terminal_notifier': Not used on non-Darwin systems
[720.352s] INFO:colcon.colcon_core.plugin_system:Skipping extension 'colcon_notification.desktop_notification.win32': Not used on non-Windows systems
[720.352s] INFO:colcon.colcon_notification.desktop_notification:Sending desktop notification using 'notify2'
[720.356s] DEBUG:colcon.colcon_notification.desktop_notification.notify2:Failed to initialize notify2: org.freedesktop.DBus.Error.Spawn.ExecFailed: /usr/bin/dbus-launch terminated abnormally without any error message
[720.356s] DEBUG:colcon.colcon_core.event_reactor:joined thread
[720.358s] INFO:colcon.colcon_core.shell:Creating prefix script '/Drone_Sim/ros_ws/install/local_setup.ps1'
[720.360s] INFO:colcon.colcon_core.shell:Creating prefix util module '/Drone_Sim/ros_ws/install/_local_setup_util_ps1.py'
[720.383s] INFO:colcon.colcon_core.shell:Creating prefix chain script '/Drone_Sim/ros_ws/install/setup.ps1'
[720.427s] INFO:colcon.colcon_core.shell:Creating prefix script '/Drone_Sim/ros_ws/install/local_setup.sh'
[720.458s] INFO:colcon.colcon_core.shell:Creating prefix util module '/Drone_Sim/ros_ws/install/_local_setup_util_sh.py'
[720.459s] INFO:colcon.colcon_core.shell:Creating prefix chain script '/Drone_Sim/ros_ws/install/setup.sh'
[720.461s] INFO:colcon.colcon_core.shell:Creating prefix script '/Drone_Sim/ros_ws/install/local_setup.bash'
[720.488s] INFO:colcon.colcon_core.shell:Creating prefix chain script '/Drone_Sim/ros_ws/install/setup.bash'
[720.491s] INFO:colcon.colcon_core.shell:Creating prefix script '/Drone_Sim/ros_ws/install/local_setup.zsh'
[720.492s] INFO:colcon.colcon_core.shell:Creating prefix chain script '/Drone_Sim/ros_ws/install/setup.zsh'
