[0.112s] Invoking command in '/Drone_Sim/ros_ws/build/px4_ros_com': AMENT_PREFIX_PATH=/Drone_Sim/ros_ws/install/px4_msgs:${AMENT_PREFIX_PATH} CMAKE_PREFIX_PATH=/Drone_Sim/ros_ws/install/px4_msgs:/opt/ros/humble LD_LIBRARY_PATH=/Drone_Sim/ros_ws/install/px4_msgs/lib:${LD_LIBRARY_PATH} PYTHONPATH=/Drone_Sim/ros_ws/install/px4_msgs/local/lib/python3.10/dist-packages:${PYTHONPATH} /usr/bin/cmake --build /Drone_Sim/ros_ws/build/px4_ros_com -- -j8 -l8
[0.508s] [ 33%] Built target sensor_combined_listener
[0.508s] [ 33%] Built target vehicle_gps_position_listener
[0.534s] [ 50%] Built target offboard_control
[0.554s] [ 66%] Built target offboard_control_srv
[0.559s] [ 83%] Built target frame_transforms
[0.571s] [100%] Built target debug_vect_advertiser
[0.574s] [100%] Built target ament_cmake_python_symlink_px4_ros_com
[0.886s] running egg_info
[0.886s] writing px4_ros_com.egg-info/PKG-INFO
[0.887s] writing dependency_links to px4_ros_com.egg-info/dependency_links.txt
[0.887s] writing top-level names to px4_ros_com.egg-info/top_level.txt
[0.888s] reading manifest file 'px4_ros_com.egg-info/SOURCES.txt'
[0.929s] writing manifest file 'px4_ros_com.egg-info/SOURCES.txt'
[0.945s] [100%] Built target ament_cmake_python_build_px4_ros_com_egg
[0.955s] Invoked command in '/Drone_Sim/ros_ws/build/px4_ros_com' returned '0': AMENT_PREFIX_PATH=/Drone_Sim/ros_ws/install/px4_msgs:${AMENT_PREFIX_PATH} CMAKE_PREFIX_PATH=/Drone_Sim/ros_ws/install/px4_msgs:/opt/ros/humble LD_LIBRARY_PATH=/Drone_Sim/ros_ws/install/px4_msgs/lib:${LD_LIBRARY_PATH} PYTHONPATH=/Drone_Sim/ros_ws/install/px4_msgs/local/lib/python3.10/dist-packages:${PYTHONPATH} /usr/bin/cmake --build /Drone_Sim/ros_ws/build/px4_ros_com -- -j8 -l8
[0.957s] Invoking command in '/Drone_Sim/ros_ws/build/px4_ros_com': AMENT_PREFIX_PATH=/Drone_Sim/ros_ws/install/px4_msgs:${AMENT_PREFIX_PATH} CMAKE_PREFIX_PATH=/Drone_Sim/ros_ws/install/px4_msgs:/opt/ros/humble LD_LIBRARY_PATH=/Drone_Sim/ros_ws/install/px4_msgs/lib:${LD_LIBRARY_PATH} PYTHONPATH=/Drone_Sim/ros_ws/install/px4_msgs/local/lib/python3.10/dist-packages:${PYTHONPATH} /usr/bin/cmake --install /Drone_Sim/ros_ws/build/px4_ros_com
[0.962s] -- Install configuration: ""
[0.970s] -- Execute custom install script
[0.980s] -- Up-to-date symlink: /Drone_Sim/ros_ws/install/px4_ros_com/lib/px4_ros_com/sensor_combined_listener
[0.980s] -- Up-to-date symlink: /Drone_Sim/ros_ws/install/px4_ros_com/lib/px4_ros_com/vehicle_gps_position_listener
[0.980s] -- Up-to-date symlink: /Drone_Sim/ros_ws/install/px4_ros_com/lib/px4_ros_com/debug_vect_advertiser
[0.981s] -- Up-to-date symlink: /Drone_Sim/ros_ws/install/px4_ros_com/lib/px4_ros_com/offboard_control
[0.981s] -- Up-to-date symlink: /Drone_Sim/ros_ws/install/px4_ros_com/lib/px4_ros_com/offboard_control_srv
[0.981s] -- Up-to-date symlink: /Drone_Sim/ros_ws/install/px4_ros_com/share/px4_ros_com/environment/library_path.sh
[0.981s] -- Up-to-date symlink: /Drone_Sim/ros_ws/install/px4_ros_com/share/px4_ros_com/environment/library_path.dsv
[0.990s] -- Up-to-date symlink: /Drone_Sim/ros_ws/install/px4_ros_com/include/px4_ros_com/frame_transforms.h
[0.991s] -- Up-to-date symlink: /Drone_Sim/ros_ws/install/px4_ros_com/share/px4_ros_com//launch/offboard_control_launch.yaml
[0.991s] -- Up-to-date symlink: /Drone_Sim/ros_ws/install/px4_ros_com/share/px4_ros_com//launch/sensor_combined_listener.launch.py
[0.991s] -- Up-to-date symlink: /Drone_Sim/ros_ws/install/px4_ros_com/share/px4_ros_com//test/__init__.py
[0.992s] -- Up-to-date symlink: /Drone_Sim/ros_ws/install/px4_ros_com/share/px4_ros_com//test/pipeline_io_test.py
[0.992s] -- Up-to-date symlink: /Drone_Sim/ros_ws/install/px4_ros_com/share/px4_ros_com//test/test_input.py
[0.992s] -- Up-to-date symlink: /Drone_Sim/ros_ws/install/px4_ros_com/share/px4_ros_com//test/test_output.py
[0.992s] -- Up-to-date symlink: /Drone_Sim/ros_ws/install/px4_ros_com/share/px4_ros_com/environment/pythonpath.sh
[0.992s] -- Up-to-date symlink: /Drone_Sim/ros_ws/install/px4_ros_com/share/px4_ros_com/environment/pythonpath.dsv
[0.992s] -- Up-to-date symlink: /Drone_Sim/ros_ws/install/px4_ros_com/local/lib/python3.10/dist-packages/px4_ros_com-0.1.0-py3.10.egg-info/PKG-INFO
[0.992s] -- Up-to-date symlink: /Drone_Sim/ros_ws/install/px4_ros_com/local/lib/python3.10/dist-packages/px4_ros_com-0.1.0-py3.10.egg-info/SOURCES.txt
[0.992s] -- Up-to-date symlink: /Drone_Sim/ros_ws/install/px4_ros_com/local/lib/python3.10/dist-packages/px4_ros_com-0.1.0-py3.10.egg-info/dependency_links.txt
[0.992s] -- Up-to-date symlink: /Drone_Sim/ros_ws/install/px4_ros_com/local/lib/python3.10/dist-packages/px4_ros_com-0.1.0-py3.10.egg-info/top_level.txt
[0.992s] -- Up-to-date symlink: /Drone_Sim/ros_ws/install/px4_ros_com/local/lib/python3.10/dist-packages/px4_ros_com/__init__.py
[0.992s] -- Up-to-date symlink: /Drone_Sim/ros_ws/install/px4_ros_com/local/lib/python3.10/dist-packages/px4_ros_com/module_to_import.py
[0.993s] -- Up-to-date symlink: /Drone_Sim/ros_ws/install/px4_ros_com/lib/px4_ros_com/offboard_control.py
[0.993s] -- Up-to-date symlink: /Drone_Sim/ros_ws/install/px4_ros_com/share/ament_index/resource_index/package_run_dependencies/px4_ros_com
[0.993s] -- Up-to-date symlink: /Drone_Sim/ros_ws/install/px4_ros_com/share/ament_index/resource_index/parent_prefix_path/px4_ros_com
[0.993s] -- Up-to-date symlink: /Drone_Sim/ros_ws/install/px4_ros_com/share/px4_ros_com/environment/ament_prefix_path.sh
[0.993s] -- Up-to-date symlink: /Drone_Sim/ros_ws/install/px4_ros_com/share/px4_ros_com/environment/ament_prefix_path.dsv
[0.993s] -- Up-to-date symlink: /Drone_Sim/ros_ws/install/px4_ros_com/share/px4_ros_com/environment/path.sh
[0.993s] -- Up-to-date symlink: /Drone_Sim/ros_ws/install/px4_ros_com/share/px4_ros_com/environment/path.dsv
[0.993s] -- Up-to-date symlink: /Drone_Sim/ros_ws/install/px4_ros_com/share/px4_ros_com/local_setup.bash
[0.993s] -- Up-to-date symlink: /Drone_Sim/ros_ws/install/px4_ros_com/share/px4_ros_com/local_setup.sh
[0.994s] -- Up-to-date symlink: /Drone_Sim/ros_ws/install/px4_ros_com/share/px4_ros_com/local_setup.zsh
[0.994s] -- Up-to-date symlink: /Drone_Sim/ros_ws/install/px4_ros_com/share/px4_ros_com/local_setup.dsv
[0.994s] -- Symlinking: /Drone_Sim/ros_ws/install/px4_ros_com/share/px4_ros_com/package.dsv
[1.000s] -- Up-to-date symlink: /Drone_Sim/ros_ws/install/px4_ros_com/share/ament_index/resource_index/packages/px4_ros_com
[1.000s] -- Up-to-date symlink: /Drone_Sim/ros_ws/install/px4_ros_com/share/px4_ros_com/cmake/ament_cmake_export_dependencies-extras.cmake
[1.000s] -- Up-to-date symlink: /Drone_Sim/ros_ws/install/px4_ros_com/share/px4_ros_com/cmake/ament_cmake_export_targets-extras.cmake
[1.000s] -- Up-to-date symlink: /Drone_Sim/ros_ws/install/px4_ros_com/share/px4_ros_com/cmake/ament_cmake_export_include_directories-extras.cmake
[1.000s] -- Up-to-date symlink: /Drone_Sim/ros_ws/install/px4_ros_com/share/px4_ros_com/cmake/ament_cmake_export_libraries-extras.cmake
[1.000s] -- Up-to-date symlink: /Drone_Sim/ros_ws/install/px4_ros_com/share/px4_ros_com/cmake/px4_ros_comConfig.cmake
[1.001s] -- Up-to-date symlink: /Drone_Sim/ros_ws/install/px4_ros_com/share/px4_ros_com/cmake/px4_ros_comConfig-version.cmake
[1.001s] -- Up-to-date symlink: /Drone_Sim/ros_ws/install/px4_ros_com/share/px4_ros_com/package.xml
[1.034s] -- Up-to-date: /Drone_Sim/ros_ws/install/px4_ros_com/lib/libframe_transforms.so
[1.057s] Listing '/Drone_Sim/ros_ws/install/px4_ros_com/local/lib/python3.10/dist-packages/px4_ros_com'...
[1.060s] -- Up-to-date: /Drone_Sim/ros_ws/install/px4_ros_com/share/px4_ros_com/cmake/export_frame_transformsExport.cmake
[1.060s] -- Up-to-date: /Drone_Sim/ros_ws/install/px4_ros_com/share/px4_ros_com/cmake/export_frame_transformsExport-noconfig.cmake
[1.062s] Invoked command in '/Drone_Sim/ros_ws/build/px4_ros_com' returned '0': AMENT_PREFIX_PATH=/Drone_Sim/ros_ws/install/px4_msgs:${AMENT_PREFIX_PATH} CMAKE_PREFIX_PATH=/Drone_Sim/ros_ws/install/px4_msgs:/opt/ros/humble LD_LIBRARY_PATH=/Drone_Sim/ros_ws/install/px4_msgs/lib:${LD_LIBRARY_PATH} PYTHONPATH=/Drone_Sim/ros_ws/install/px4_msgs/local/lib/python3.10/dist-packages:${PYTHONPATH} /usr/bin/cmake --install /Drone_Sim/ros_ws/build/px4_ros_com
