[0.162s] Invoking command in '/Drone_Sim/ros_ws/build/px4_ros_com': AMENT_PREFIX_PATH=/Drone_Sim/ros_ws/install/px4_msgs:${AMENT_PREFIX_PATH} CMAKE_PREFIX_PATH=/Drone_Sim/ros_ws/install/px4_msgs:/opt/ros/humble LD_LIBRARY_PATH=/Drone_Sim/ros_ws/install/px4_msgs/lib:${LD_LIBRARY_PATH} PYTHONPATH=/Drone_Sim/ros_ws/install/px4_msgs/local/lib/python3.10/dist-packages:${PYTHONPATH} /usr/bin/cmake --build /Drone_Sim/ros_ws/build/px4_ros_com -- -j8 -l8
[1.037s] [  0%] Built target ament_cmake_python_symlink_px4_ros_com
[1.371s] running egg_info
[1.371s] writing px4_ros_com.egg-info/PKG-INFO
[1.371s] writing dependency_links to px4_ros_com.egg-info/dependency_links.txt
[1.371s] writing top-level names to px4_ros_com.egg-info/top_level.txt
[1.372s] reading manifest file 'px4_ros_com.egg-info/SOURCES.txt'
[1.403s] writing manifest file 'px4_ros_com.egg-info/SOURCES.txt'
[1.422s] [  0%] Built target ament_cmake_python_build_px4_ros_com_egg
[1.652s] [ 16%] Built target frame_transforms
[1.709s] [ 66%] Built target offboard_control_srv
[1.709s] [ 66%] Built target debug_vect_advertiser
[1.709s] [ 66%] Built target vehicle_gps_position_listener
[1.709s] [100%] Built target offboard_control
[1.709s] [100%] Built target sensor_combined_listener
[1.718s] Invoked command in '/Drone_Sim/ros_ws/build/px4_ros_com' returned '0': AMENT_PREFIX_PATH=/Drone_Sim/ros_ws/install/px4_msgs:${AMENT_PREFIX_PATH} CMAKE_PREFIX_PATH=/Drone_Sim/ros_ws/install/px4_msgs:/opt/ros/humble LD_LIBRARY_PATH=/Drone_Sim/ros_ws/install/px4_msgs/lib:${LD_LIBRARY_PATH} PYTHONPATH=/Drone_Sim/ros_ws/install/px4_msgs/local/lib/python3.10/dist-packages:${PYTHONPATH} /usr/bin/cmake --build /Drone_Sim/ros_ws/build/px4_ros_com -- -j8 -l8
[1.720s] Invoking command in '/Drone_Sim/ros_ws/build/px4_ros_com': AMENT_PREFIX_PATH=/Drone_Sim/ros_ws/install/px4_msgs:${AMENT_PREFIX_PATH} CMAKE_PREFIX_PATH=/Drone_Sim/ros_ws/install/px4_msgs:/opt/ros/humble LD_LIBRARY_PATH=/Drone_Sim/ros_ws/install/px4_msgs/lib:${LD_LIBRARY_PATH} PYTHONPATH=/Drone_Sim/ros_ws/install/px4_msgs/local/lib/python3.10/dist-packages:${PYTHONPATH} /usr/bin/cmake --install /Drone_Sim/ros_ws/build/px4_ros_com
[1.725s] -- Install configuration: ""
[1.766s] -- Execute custom install script
[1.767s] -- Up-to-date symlink: /Drone_Sim/ros_ws/install/px4_ros_com/lib/px4_ros_com/sensor_combined_listener
[1.767s] -- Up-to-date symlink: /Drone_Sim/ros_ws/install/px4_ros_com/lib/px4_ros_com/vehicle_gps_position_listener
[1.767s] -- Up-to-date symlink: /Drone_Sim/ros_ws/install/px4_ros_com/lib/px4_ros_com/debug_vect_advertiser
[1.767s] -- Up-to-date symlink: /Drone_Sim/ros_ws/install/px4_ros_com/lib/px4_ros_com/offboard_control
[1.768s] -- Up-to-date symlink: /Drone_Sim/ros_ws/install/px4_ros_com/lib/px4_ros_com/offboard_control_srv
[1.768s] -- Up-to-date symlink: /Drone_Sim/ros_ws/install/px4_ros_com/share/px4_ros_com/environment/library_path.sh
[1.768s] -- Up-to-date symlink: /Drone_Sim/ros_ws/install/px4_ros_com/share/px4_ros_com/environment/library_path.dsv
[1.768s] -- Up-to-date symlink: /Drone_Sim/ros_ws/install/px4_ros_com/include/px4_ros_com/frame_transforms.h
[1.768s] -- Up-to-date symlink: /Drone_Sim/ros_ws/install/px4_ros_com/share/px4_ros_com//launch/offboard_control_launch.yaml
[1.768s] -- Up-to-date symlink: /Drone_Sim/ros_ws/install/px4_ros_com/share/px4_ros_com//launch/sensor_combined_listener.launch.py
[1.769s] -- Up-to-date symlink: /Drone_Sim/ros_ws/install/px4_ros_com/share/px4_ros_com//test/__init__.py
[1.769s] -- Up-to-date symlink: /Drone_Sim/ros_ws/install/px4_ros_com/share/px4_ros_com//test/pipeline_io_test.py
[1.769s] -- Up-to-date symlink: /Drone_Sim/ros_ws/install/px4_ros_com/share/px4_ros_com//test/test_input.py
[1.769s] -- Up-to-date symlink: /Drone_Sim/ros_ws/install/px4_ros_com/share/px4_ros_com//test/test_output.py
[1.769s] -- Up-to-date symlink: /Drone_Sim/ros_ws/install/px4_ros_com/share/px4_ros_com/environment/pythonpath.sh
[1.769s] -- Up-to-date symlink: /Drone_Sim/ros_ws/install/px4_ros_com/share/px4_ros_com/environment/pythonpath.dsv
[1.769s] -- Up-to-date symlink: /Drone_Sim/ros_ws/install/px4_ros_com/local/lib/python3.10/dist-packages/px4_ros_com-0.1.0-py3.10.egg-info/PKG-INFO
[1.769s] -- Up-to-date symlink: /Drone_Sim/ros_ws/install/px4_ros_com/local/lib/python3.10/dist-packages/px4_ros_com-0.1.0-py3.10.egg-info/SOURCES.txt
[1.769s] -- Up-to-date symlink: /Drone_Sim/ros_ws/install/px4_ros_com/local/lib/python3.10/dist-packages/px4_ros_com-0.1.0-py3.10.egg-info/dependency_links.txt
[1.769s] -- Up-to-date symlink: /Drone_Sim/ros_ws/install/px4_ros_com/local/lib/python3.10/dist-packages/px4_ros_com-0.1.0-py3.10.egg-info/top_level.txt
[1.769s] -- Up-to-date symlink: /Drone_Sim/ros_ws/install/px4_ros_com/local/lib/python3.10/dist-packages/px4_ros_com/__init__.py
[1.770s] -- Up-to-date symlink: /Drone_Sim/ros_ws/install/px4_ros_com/local/lib/python3.10/dist-packages/px4_ros_com/module_to_import.py
[1.770s] -- Up-to-date symlink: /Drone_Sim/ros_ws/install/px4_ros_com/lib/px4_ros_com/offboard_control.py
[1.770s] -- Up-to-date symlink: /Drone_Sim/ros_ws/install/px4_ros_com/share/ament_index/resource_index/package_run_dependencies/px4_ros_com
[1.770s] -- Up-to-date symlink: /Drone_Sim/ros_ws/install/px4_ros_com/share/ament_index/resource_index/parent_prefix_path/px4_ros_com
[1.770s] -- Up-to-date symlink: /Drone_Sim/ros_ws/install/px4_ros_com/share/px4_ros_com/environment/ament_prefix_path.sh
[1.770s] -- Up-to-date symlink: /Drone_Sim/ros_ws/install/px4_ros_com/share/px4_ros_com/environment/ament_prefix_path.dsv
[1.770s] -- Up-to-date symlink: /Drone_Sim/ros_ws/install/px4_ros_com/share/px4_ros_com/environment/path.sh
[1.770s] -- Up-to-date symlink: /Drone_Sim/ros_ws/install/px4_ros_com/share/px4_ros_com/environment/path.dsv
[1.770s] -- Up-to-date symlink: /Drone_Sim/ros_ws/install/px4_ros_com/share/px4_ros_com/local_setup.bash
[1.770s] -- Up-to-date symlink: /Drone_Sim/ros_ws/install/px4_ros_com/share/px4_ros_com/local_setup.sh
[1.770s] -- Up-to-date symlink: /Drone_Sim/ros_ws/install/px4_ros_com/share/px4_ros_com/local_setup.zsh
[1.771s] -- Up-to-date symlink: /Drone_Sim/ros_ws/install/px4_ros_com/share/px4_ros_com/local_setup.dsv
[1.771s] -- Symlinking: /Drone_Sim/ros_ws/install/px4_ros_com/share/px4_ros_com/package.dsv
[1.777s] -- Up-to-date symlink: /Drone_Sim/ros_ws/install/px4_ros_com/share/ament_index/resource_index/packages/px4_ros_com
[1.777s] -- Up-to-date symlink: /Drone_Sim/ros_ws/install/px4_ros_com/share/px4_ros_com/cmake/ament_cmake_export_dependencies-extras.cmake
[1.777s] -- Up-to-date symlink: /Drone_Sim/ros_ws/install/px4_ros_com/share/px4_ros_com/cmake/ament_cmake_export_targets-extras.cmake
[1.777s] -- Up-to-date symlink: /Drone_Sim/ros_ws/install/px4_ros_com/share/px4_ros_com/cmake/ament_cmake_export_include_directories-extras.cmake
[1.777s] -- Up-to-date symlink: /Drone_Sim/ros_ws/install/px4_ros_com/share/px4_ros_com/cmake/ament_cmake_export_libraries-extras.cmake
[1.777s] -- Up-to-date symlink: /Drone_Sim/ros_ws/install/px4_ros_com/share/px4_ros_com/cmake/px4_ros_comConfig.cmake
[1.777s] -- Up-to-date symlink: /Drone_Sim/ros_ws/install/px4_ros_com/share/px4_ros_com/cmake/px4_ros_comConfig-version.cmake
[1.777s] -- Up-to-date symlink: /Drone_Sim/ros_ws/install/px4_ros_com/share/px4_ros_com/package.xml
[1.819s] -- Up-to-date: /Drone_Sim/ros_ws/install/px4_ros_com/lib/libframe_transforms.so
[1.841s] Listing '/Drone_Sim/ros_ws/install/px4_ros_com/local/lib/python3.10/dist-packages/px4_ros_com'...
[1.844s] -- Up-to-date: /Drone_Sim/ros_ws/install/px4_ros_com/share/px4_ros_com/cmake/export_frame_transformsExport.cmake
[1.844s] -- Up-to-date: /Drone_Sim/ros_ws/install/px4_ros_com/share/px4_ros_com/cmake/export_frame_transformsExport-noconfig.cmake
[1.847s] Invoked command in '/Drone_Sim/ros_ws/build/px4_ros_com' returned '0': AMENT_PREFIX_PATH=/Drone_Sim/ros_ws/install/px4_msgs:${AMENT_PREFIX_PATH} CMAKE_PREFIX_PATH=/Drone_Sim/ros_ws/install/px4_msgs:/opt/ros/humble LD_LIBRARY_PATH=/Drone_Sim/ros_ws/install/px4_msgs/lib:${LD_LIBRARY_PATH} PYTHONPATH=/Drone_Sim/ros_ws/install/px4_msgs/local/lib/python3.10/dist-packages:${PYTHONPATH} /usr/bin/cmake --install /Drone_Sim/ros_ws/build/px4_ros_com
