[0.357s] DEBUG:colcon:Command line arguments: ['/usr/bin/colcon', 'build', '--symlink-install']
[0.357s] DEBUG:colcon:Parsed command line arguments: Namespace(log_base=None, log_level=None, verb_name='build', build_base='build', install_base='install', merge_install=False, symlink_install=True, test_result_base=None, continue_on_error=False, executor='parallel', parallel_workers=8, event_handlers=None, ignore_user_meta=False, metas=['./colcon.meta'], base_paths=['.'], packages_ignore=None, packages_ignore_regex=None, paths=None, packages_up_to=None, packages_up_to_regex=None, packages_above=None, packages_above_and_dependencies=None, packages_above_depth=None, packages_select_by_dep=None, packages_skip_by_dep=None, packages_skip_up_to=None, packages_select_build_failed=False, packages_skip_build_finished=False, packages_select_test_failures=False, packages_skip_test_passed=False, packages_select=None, packages_skip=None, packages_select_regex=None, packages_skip_regex=None, packages_start=None, packages_end=None, cmake_args=None, cmake_target=None, cmake_target_skip_unavailable=False, cmake_clean_cache=False, cmake_clean_first=False, cmake_force_configure=False, ament_cmake_args=None, catkin_cmake_args=None, catkin_skip_building_tests=False, mixin_files=None, mixin=None, verb_parser=<colcon_mixin.mixin.mixin_argument.MixinArgumentDecorator object at 0x70afd418d8a0>, verb_extension=<colcon_core.verb.build.BuildVerb object at 0x70afd429e770>, main=<bound method BuildVerb.main of <colcon_core.verb.build.BuildVerb object at 0x70afd429e770>>, mixin_verb=('build',))
[7.935s] Level 1:colcon.colcon_core.package_discovery:discover_packages(colcon_meta) check parameters
[7.935s] Level 1:colcon.colcon_core.package_discovery:discover_packages(recursive) check parameters
[7.935s] Level 1:colcon.colcon_core.package_discovery:discover_packages(ignore) check parameters
[7.935s] Level 1:colcon.colcon_core.package_discovery:discover_packages(path) check parameters
[7.935s] Level 1:colcon.colcon_core.package_discovery:discover_packages(colcon_meta) discover
[7.935s] Level 1:colcon.colcon_core.package_discovery:discover_packages(recursive) discover
[7.935s] INFO:colcon.colcon_core.package_discovery:Crawling recursively for packages in '/Drone_Sim/ros_ws'
[7.935s] Level 1:colcon.colcon_core.package_identification:_identify(.) by extensions ['ignore', 'ignore_ament_install']
[7.935s] Level 1:colcon.colcon_core.package_identification:_identify(.) by extension 'ignore'
[7.936s] Level 1:colcon.colcon_core.package_identification:_identify(.) by extension 'ignore_ament_install'
[7.936s] Level 1:colcon.colcon_core.package_identification:_identify(.) by extensions ['colcon_pkg']
[7.936s] Level 1:colcon.colcon_core.package_identification:_identify(.) by extension 'colcon_pkg'
[7.936s] Level 1:colcon.colcon_core.package_identification:_identify(.) by extensions ['colcon_meta']
[7.936s] Level 1:colcon.colcon_core.package_identification:_identify(.) by extension 'colcon_meta'
[7.936s] Level 1:colcon.colcon_core.package_identification:_identify(.) by extensions ['ros']
[7.936s] Level 1:colcon.colcon_core.package_identification:_identify(.) by extension 'ros'
[7.942s] Level 1:colcon.colcon_core.package_identification:_identify(.) by extensions ['cmake', 'python']
[7.942s] Level 1:colcon.colcon_core.package_identification:_identify(.) by extension 'cmake'
[7.942s] Level 1:colcon.colcon_core.package_identification:_identify(.) by extension 'python'
[7.943s] Level 1:colcon.colcon_core.package_identification:_identify(.) by extensions ['python_setup_py']
[7.943s] Level 1:colcon.colcon_core.package_identification:_identify(.) by extension 'python_setup_py'
[7.943s] Level 1:colcon.colcon_core.package_identification:_identify(build) by extensions ['ignore', 'ignore_ament_install']
[7.943s] Level 1:colcon.colcon_core.package_identification:_identify(build) by extension 'ignore'
[7.943s] Level 1:colcon.colcon_core.package_identification:_identify(build) ignored
[7.943s] Level 1:colcon.colcon_core.package_identification:_identify(install) by extensions ['ignore', 'ignore_ament_install']
[7.943s] Level 1:colcon.colcon_core.package_identification:_identify(install) by extension 'ignore'
[7.943s] Level 1:colcon.colcon_core.package_identification:_identify(install) ignored
[7.943s] Level 1:colcon.colcon_core.package_identification:_identify(log) by extensions ['ignore', 'ignore_ament_install']
[7.943s] Level 1:colcon.colcon_core.package_identification:_identify(log) by extension 'ignore'
[7.943s] Level 1:colcon.colcon_core.package_identification:_identify(log) ignored
[7.943s] Level 1:colcon.colcon_core.package_identification:_identify(src) by extensions ['ignore', 'ignore_ament_install']
[7.943s] Level 1:colcon.colcon_core.package_identification:_identify(src) by extension 'ignore'
[7.943s] Level 1:colcon.colcon_core.package_identification:_identify(src) by extension 'ignore_ament_install'
[7.943s] Level 1:colcon.colcon_core.package_identification:_identify(src) by extensions ['colcon_pkg']
[7.943s] Level 1:colcon.colcon_core.package_identification:_identify(src) by extension 'colcon_pkg'
[7.943s] Level 1:colcon.colcon_core.package_identification:_identify(src) by extensions ['colcon_meta']
[7.943s] Level 1:colcon.colcon_core.package_identification:_identify(src) by extension 'colcon_meta'
[7.943s] Level 1:colcon.colcon_core.package_identification:_identify(src) by extensions ['ros']
[7.943s] Level 1:colcon.colcon_core.package_identification:_identify(src) by extension 'ros'
[7.943s] Level 1:colcon.colcon_core.package_identification:_identify(src) by extensions ['cmake', 'python']
[7.943s] Level 1:colcon.colcon_core.package_identification:_identify(src) by extension 'cmake'
[7.943s] Level 1:colcon.colcon_core.package_identification:_identify(src) by extension 'python'
[7.943s] Level 1:colcon.colcon_core.package_identification:_identify(src) by extensions ['python_setup_py']
[7.943s] Level 1:colcon.colcon_core.package_identification:_identify(src) by extension 'python_setup_py'
[7.944s] Level 1:colcon.colcon_core.package_identification:_identify(src/autonomous_waypoint_nav) by extensions ['ignore', 'ignore_ament_install']
[7.944s] Level 1:colcon.colcon_core.package_identification:_identify(src/autonomous_waypoint_nav) by extension 'ignore'
[7.944s] Level 1:colcon.colcon_core.package_identification:_identify(src/autonomous_waypoint_nav) by extension 'ignore_ament_install'
[7.944s] Level 1:colcon.colcon_core.package_identification:_identify(src/autonomous_waypoint_nav) by extensions ['colcon_pkg']
[7.944s] Level 1:colcon.colcon_core.package_identification:_identify(src/autonomous_waypoint_nav) by extension 'colcon_pkg'
[7.944s] Level 1:colcon.colcon_core.package_identification:_identify(src/autonomous_waypoint_nav) by extensions ['colcon_meta']
[7.944s] Level 1:colcon.colcon_core.package_identification:_identify(src/autonomous_waypoint_nav) by extension 'colcon_meta'
[7.944s] Level 1:colcon.colcon_core.package_identification:_identify(src/autonomous_waypoint_nav) by extensions ['ros']
[7.944s] Level 1:colcon.colcon_core.package_identification:_identify(src/autonomous_waypoint_nav) by extension 'ros'
[7.957s] DEBUG:colcon.colcon_core.package_identification:Package 'src/autonomous_waypoint_nav' with type 'ros.ament_python' and name 'autonomous_waypoint_nav'
[7.957s] Level 1:colcon.colcon_core.package_identification:_identify(src/my_px4_package) by extensions ['ignore', 'ignore_ament_install']
[7.957s] Level 1:colcon.colcon_core.package_identification:_identify(src/my_px4_package) by extension 'ignore'
[7.957s] Level 1:colcon.colcon_core.package_identification:_identify(src/my_px4_package) by extension 'ignore_ament_install'
[7.957s] Level 1:colcon.colcon_core.package_identification:_identify(src/my_px4_package) by extensions ['colcon_pkg']
[7.957s] Level 1:colcon.colcon_core.package_identification:_identify(src/my_px4_package) by extension 'colcon_pkg'
[7.957s] Level 1:colcon.colcon_core.package_identification:_identify(src/my_px4_package) by extensions ['colcon_meta']
[7.957s] Level 1:colcon.colcon_core.package_identification:_identify(src/my_px4_package) by extension 'colcon_meta'
[7.957s] Level 1:colcon.colcon_core.package_identification:_identify(src/my_px4_package) by extensions ['ros']
[7.957s] Level 1:colcon.colcon_core.package_identification:_identify(src/my_px4_package) by extension 'ros'
[7.958s] DEBUG:colcon.colcon_core.package_identification:Package 'src/my_px4_package' with type 'ros.ament_python' and name 'my_px4_package'
[7.958s] Level 1:colcon.colcon_core.package_identification:_identify(src/px4_msgs) by extensions ['ignore', 'ignore_ament_install']
[7.958s] Level 1:colcon.colcon_core.package_identification:_identify(src/px4_msgs) by extension 'ignore'
[7.958s] Level 1:colcon.colcon_core.package_identification:_identify(src/px4_msgs) by extension 'ignore_ament_install'
[7.958s] Level 1:colcon.colcon_core.package_identification:_identify(src/px4_msgs) by extensions ['colcon_pkg']
[7.958s] Level 1:colcon.colcon_core.package_identification:_identify(src/px4_msgs) by extension 'colcon_pkg'
[7.958s] Level 1:colcon.colcon_core.package_identification:_identify(src/px4_msgs) by extensions ['colcon_meta']
[7.958s] Level 1:colcon.colcon_core.package_identification:_identify(src/px4_msgs) by extension 'colcon_meta'
[7.958s] Level 1:colcon.colcon_core.package_identification:_identify(src/px4_msgs) by extensions ['ros']
[7.958s] Level 1:colcon.colcon_core.package_identification:_identify(src/px4_msgs) by extension 'ros'
[7.971s] DEBUG:colcon.colcon_core.package_identification:Package 'src/px4_msgs' with type 'ros.ament_cmake' and name 'px4_msgs'
[7.971s] Level 1:colcon.colcon_core.package_identification:_identify(src/px4_ros_com) by extensions ['ignore', 'ignore_ament_install']
[7.971s] Level 1:colcon.colcon_core.package_identification:_identify(src/px4_ros_com) by extension 'ignore'
[7.971s] Level 1:colcon.colcon_core.package_identification:_identify(src/px4_ros_com) by extension 'ignore_ament_install'
[7.972s] Level 1:colcon.colcon_core.package_identification:_identify(src/px4_ros_com) by extensions ['colcon_pkg']
[7.972s] Level 1:colcon.colcon_core.package_identification:_identify(src/px4_ros_com) by extension 'colcon_pkg'
[7.972s] Level 1:colcon.colcon_core.package_identification:_identify(src/px4_ros_com) by extensions ['colcon_meta']
[7.972s] Level 1:colcon.colcon_core.package_identification:_identify(src/px4_ros_com) by extension 'colcon_meta'
[7.972s] Level 1:colcon.colcon_core.package_identification:_identify(src/px4_ros_com) by extensions ['ros']
[7.972s] Level 1:colcon.colcon_core.package_identification:_identify(src/px4_ros_com) by extension 'ros'
[7.974s] DEBUG:colcon.colcon_core.package_identification:Package 'src/px4_ros_com' with type 'ros.ament_cmake' and name 'px4_ros_com'
[7.974s] Level 1:colcon.colcon_core.package_discovery:discover_packages(recursive) using defaults
[7.974s] Level 1:colcon.colcon_core.package_discovery:discover_packages(ignore) discover
[7.974s] Level 1:colcon.colcon_core.package_discovery:discover_packages(ignore) using defaults
[7.974s] Level 1:colcon.colcon_core.package_discovery:discover_packages(path) discover
[7.974s] Level 1:colcon.colcon_core.package_discovery:discover_packages(path) using defaults
[8.137s] Level 5:colcon.colcon_core.verb:set package 'px4_msgs' build argument 'cmake_args' from command line to 'None'
[8.137s] Level 5:colcon.colcon_core.verb:set package 'px4_msgs' build argument 'cmake_target' from command line to 'None'
[8.137s] Level 5:colcon.colcon_core.verb:set package 'px4_msgs' build argument 'cmake_target_skip_unavailable' from command line to 'False'
[8.137s] Level 5:colcon.colcon_core.verb:set package 'px4_msgs' build argument 'cmake_clean_cache' from command line to 'False'
[8.137s] Level 5:colcon.colcon_core.verb:set package 'px4_msgs' build argument 'cmake_clean_first' from command line to 'False'
[8.137s] Level 5:colcon.colcon_core.verb:set package 'px4_msgs' build argument 'cmake_force_configure' from command line to 'False'
[8.137s] Level 5:colcon.colcon_core.verb:set package 'px4_msgs' build argument 'ament_cmake_args' from command line to 'None'
[8.137s] Level 5:colcon.colcon_core.verb:set package 'px4_msgs' build argument 'catkin_cmake_args' from command line to 'None'
[8.137s] Level 5:colcon.colcon_core.verb:set package 'px4_msgs' build argument 'catkin_skip_building_tests' from command line to 'False'
[8.137s] DEBUG:colcon.colcon_core.verb:Building package 'px4_msgs' with the following arguments: {'ament_cmake_args': None, 'build_base': '/Drone_Sim/ros_ws/build/px4_msgs', 'catkin_cmake_args': None, 'catkin_skip_building_tests': False, 'cmake_args': None, 'cmake_clean_cache': False, 'cmake_clean_first': False, 'cmake_force_configure': False, 'cmake_target': None, 'cmake_target_skip_unavailable': False, 'install_base': '/Drone_Sim/ros_ws/install/px4_msgs', 'merge_install': False, 'path': '/Drone_Sim/ros_ws/src/px4_msgs', 'symlink_install': True, 'test_result_base': None}
[8.137s] Level 5:colcon.colcon_core.verb:set package 'autonomous_waypoint_nav' build argument 'cmake_args' from command line to 'None'
[8.137s] Level 5:colcon.colcon_core.verb:set package 'autonomous_waypoint_nav' build argument 'cmake_target' from command line to 'None'
[8.137s] Level 5:colcon.colcon_core.verb:set package 'autonomous_waypoint_nav' build argument 'cmake_target_skip_unavailable' from command line to 'False'
[8.137s] Level 5:colcon.colcon_core.verb:set package 'autonomous_waypoint_nav' build argument 'cmake_clean_cache' from command line to 'False'
[8.137s] Level 5:colcon.colcon_core.verb:set package 'autonomous_waypoint_nav' build argument 'cmake_clean_first' from command line to 'False'
[8.137s] Level 5:colcon.colcon_core.verb:set package 'autonomous_waypoint_nav' build argument 'cmake_force_configure' from command line to 'False'
[8.137s] Level 5:colcon.colcon_core.verb:set package 'autonomous_waypoint_nav' build argument 'ament_cmake_args' from command line to 'None'
[8.137s] Level 5:colcon.colcon_core.verb:set package 'autonomous_waypoint_nav' build argument 'catkin_cmake_args' from command line to 'None'
[8.137s] Level 5:colcon.colcon_core.verb:set package 'autonomous_waypoint_nav' build argument 'catkin_skip_building_tests' from command line to 'False'
[8.138s] DEBUG:colcon.colcon_core.verb:Building package 'autonomous_waypoint_nav' with the following arguments: {'ament_cmake_args': None, 'build_base': '/Drone_Sim/ros_ws/build/autonomous_waypoint_nav', 'catkin_cmake_args': None, 'catkin_skip_building_tests': False, 'cmake_args': None, 'cmake_clean_cache': False, 'cmake_clean_first': False, 'cmake_force_configure': False, 'cmake_target': None, 'cmake_target_skip_unavailable': False, 'install_base': '/Drone_Sim/ros_ws/install/autonomous_waypoint_nav', 'merge_install': False, 'path': '/Drone_Sim/ros_ws/src/autonomous_waypoint_nav', 'symlink_install': True, 'test_result_base': None}
[8.138s] Level 5:colcon.colcon_core.verb:set package 'my_px4_package' build argument 'cmake_args' from command line to 'None'
[8.138s] Level 5:colcon.colcon_core.verb:set package 'my_px4_package' build argument 'cmake_target' from command line to 'None'
[8.138s] Level 5:colcon.colcon_core.verb:set package 'my_px4_package' build argument 'cmake_target_skip_unavailable' from command line to 'False'
[8.138s] Level 5:colcon.colcon_core.verb:set package 'my_px4_package' build argument 'cmake_clean_cache' from command line to 'False'
[8.138s] Level 5:colcon.colcon_core.verb:set package 'my_px4_package' build argument 'cmake_clean_first' from command line to 'False'
[8.138s] Level 5:colcon.colcon_core.verb:set package 'my_px4_package' build argument 'cmake_force_configure' from command line to 'False'
[8.138s] Level 5:colcon.colcon_core.verb:set package 'my_px4_package' build argument 'ament_cmake_args' from command line to 'None'
[8.138s] Level 5:colcon.colcon_core.verb:set package 'my_px4_package' build argument 'catkin_cmake_args' from command line to 'None'
[8.138s] Level 5:colcon.colcon_core.verb:set package 'my_px4_package' build argument 'catkin_skip_building_tests' from command line to 'False'
[8.138s] DEBUG:colcon.colcon_core.verb:Building package 'my_px4_package' with the following arguments: {'ament_cmake_args': None, 'build_base': '/Drone_Sim/ros_ws/build/my_px4_package', 'catkin_cmake_args': None, 'catkin_skip_building_tests': False, 'cmake_args': None, 'cmake_clean_cache': False, 'cmake_clean_first': False, 'cmake_force_configure': False, 'cmake_target': None, 'cmake_target_skip_unavailable': False, 'install_base': '/Drone_Sim/ros_ws/install/my_px4_package', 'merge_install': False, 'path': '/Drone_Sim/ros_ws/src/my_px4_package', 'symlink_install': True, 'test_result_base': None}
[8.138s] Level 5:colcon.colcon_core.verb:set package 'px4_ros_com' build argument 'cmake_args' from command line to 'None'
[8.138s] Level 5:colcon.colcon_core.verb:set package 'px4_ros_com' build argument 'cmake_target' from command line to 'None'
[8.138s] Level 5:colcon.colcon_core.verb:set package 'px4_ros_com' build argument 'cmake_target_skip_unavailable' from command line to 'False'
[8.138s] Level 5:colcon.colcon_core.verb:set package 'px4_ros_com' build argument 'cmake_clean_cache' from command line to 'False'
[8.138s] Level 5:colcon.colcon_core.verb:set package 'px4_ros_com' build argument 'cmake_clean_first' from command line to 'False'
[8.138s] Level 5:colcon.colcon_core.verb:set package 'px4_ros_com' build argument 'cmake_force_configure' from command line to 'False'
[8.138s] Level 5:colcon.colcon_core.verb:set package 'px4_ros_com' build argument 'ament_cmake_args' from command line to 'None'
[8.138s] Level 5:colcon.colcon_core.verb:set package 'px4_ros_com' build argument 'catkin_cmake_args' from command line to 'None'
[8.138s] Level 5:colcon.colcon_core.verb:set package 'px4_ros_com' build argument 'catkin_skip_building_tests' from command line to 'False'
[8.138s] DEBUG:colcon.colcon_core.verb:Building package 'px4_ros_com' with the following arguments: {'ament_cmake_args': None, 'build_base': '/Drone_Sim/ros_ws/build/px4_ros_com', 'catkin_cmake_args': None, 'catkin_skip_building_tests': False, 'cmake_args': None, 'cmake_clean_cache': False, 'cmake_clean_first': False, 'cmake_force_configure': False, 'cmake_target': None, 'cmake_target_skip_unavailable': False, 'install_base': '/Drone_Sim/ros_ws/install/px4_ros_com', 'merge_install': False, 'path': '/Drone_Sim/ros_ws/src/px4_ros_com', 'symlink_install': True, 'test_result_base': None}
[8.138s] INFO:colcon.colcon_core.executor:Executing jobs using 'parallel' executor
[8.139s] DEBUG:colcon.colcon_parallel_executor.executor.parallel:run_until_complete
[8.139s] INFO:colcon.colcon_ros.task.ament_cmake.build:Building ROS package in '/Drone_Sim/ros_ws/src/px4_msgs' with build type 'ament_cmake'
[8.139s] INFO:colcon.colcon_cmake.task.cmake.build:Building CMake package in '/Drone_Sim/ros_ws/src/px4_msgs'
[8.211s] INFO:colcon.colcon_core.plugin_system:Skipping extension 'colcon_core.shell.bat': Not used on non-Windows systems
[8.211s] INFO:colcon.colcon_core.shell:Skip shell extension 'powershell' for command environment: Not usable outside of PowerShell
[8.211s] DEBUG:colcon.colcon_core.shell:Skip shell extension 'dsv' for command environment
[8.292s] DEBUG:colcon.colcon_core.event_handler.log_command:Invoking command in '/Drone_Sim/ros_ws/build/px4_msgs': CMAKE_PREFIX_PATH=/opt/ros/humble /usr/bin/cmake --build /Drone_Sim/ros_ws/build/px4_msgs -- -j8 -l8
[19.135s] DEBUG:colcon.colcon_core.event_handler.log_command:Invoked command in '/Drone_Sim/ros_ws/build/px4_msgs' returned '0': CMAKE_PREFIX_PATH=/opt/ros/humble /usr/bin/cmake --build /Drone_Sim/ros_ws/build/px4_msgs -- -j8 -l8
[19.141s] DEBUG:colcon.colcon_core.event_handler.log_command:Invoking command in '/Drone_Sim/ros_ws/build/px4_msgs': CMAKE_PREFIX_PATH=/opt/ros/humble /usr/bin/cmake --install /Drone_Sim/ros_ws/build/px4_msgs
[19.992s] Level 1:colcon.colcon_core.environment:create_environment_scripts_only(px4_msgs)
[19.992s] DEBUG:colcon.colcon_core.event_handler.log_command:Invoked command in '/Drone_Sim/ros_ws/build/px4_msgs' returned '0': CMAKE_PREFIX_PATH=/opt/ros/humble /usr/bin/cmake --install /Drone_Sim/ros_ws/build/px4_msgs
[20.170s] Level 1:colcon.colcon_core.environment:checking '/Drone_Sim/ros_ws/install/px4_msgs' for CMake module files
[20.171s] Level 1:colcon.colcon_core.environment:checking '/Drone_Sim/ros_ws/install/px4_msgs' for CMake config files
[20.186s] Level 1:colcon.colcon_core.shell:create_environment_hook('px4_msgs', 'cmake_prefix_path')
[20.186s] INFO:colcon.colcon_core.shell:Creating environment hook '/Drone_Sim/ros_ws/install/px4_msgs/share/px4_msgs/hook/cmake_prefix_path.ps1'
[20.187s] INFO:colcon.colcon_core.shell:Creating environment descriptor '/Drone_Sim/ros_ws/install/px4_msgs/share/px4_msgs/hook/cmake_prefix_path.dsv'
[20.188s] INFO:colcon.colcon_core.shell:Creating environment hook '/Drone_Sim/ros_ws/install/px4_msgs/share/px4_msgs/hook/cmake_prefix_path.sh'
[20.188s] Level 1:colcon.colcon_core.environment:checking '/Drone_Sim/ros_ws/install/px4_msgs/lib'
[20.189s] Level 1:colcon.colcon_core.shell:create_environment_hook('px4_msgs', 'ld_library_path_lib')
[20.189s] INFO:colcon.colcon_core.shell:Creating environment hook '/Drone_Sim/ros_ws/install/px4_msgs/share/px4_msgs/hook/ld_library_path_lib.ps1'
[20.189s] INFO:colcon.colcon_core.shell:Creating environment descriptor '/Drone_Sim/ros_ws/install/px4_msgs/share/px4_msgs/hook/ld_library_path_lib.dsv'
[20.189s] INFO:colcon.colcon_core.shell:Creating environment hook '/Drone_Sim/ros_ws/install/px4_msgs/share/px4_msgs/hook/ld_library_path_lib.sh'
[20.190s] Level 1:colcon.colcon_core.environment:checking '/Drone_Sim/ros_ws/install/px4_msgs/bin'
[20.190s] Level 1:colcon.colcon_core.environment:checking '/Drone_Sim/ros_ws/install/px4_msgs/lib/pkgconfig/px4_msgs.pc'
[20.191s] Level 1:colcon.colcon_core.environment:checking '/Drone_Sim/ros_ws/install/px4_msgs/lib/python3.10/site-packages'
[20.191s] Level 1:colcon.colcon_core.environment:checking '/Drone_Sim/ros_ws/install/px4_msgs/bin'
[20.191s] INFO:colcon.colcon_core.shell:Creating package script '/Drone_Sim/ros_ws/install/px4_msgs/share/px4_msgs/package.ps1'
[20.192s] INFO:colcon.colcon_core.shell:Creating package descriptor '/Drone_Sim/ros_ws/install/px4_msgs/share/px4_msgs/package.dsv'
[20.192s] INFO:colcon.colcon_core.shell:Creating package script '/Drone_Sim/ros_ws/install/px4_msgs/share/px4_msgs/package.sh'
[20.193s] INFO:colcon.colcon_core.shell:Creating package script '/Drone_Sim/ros_ws/install/px4_msgs/share/px4_msgs/package.bash'
[20.193s] INFO:colcon.colcon_core.shell:Creating package script '/Drone_Sim/ros_ws/install/px4_msgs/share/px4_msgs/package.zsh'
[20.194s] Level 1:colcon.colcon_core.environment:create_file_with_runtime_dependencies(/Drone_Sim/ros_ws/install/px4_msgs/share/colcon-core/packages/px4_msgs)
[20.194s] Level 1:colcon.colcon_core.environment:create_environment_scripts_only(px4_msgs)
[20.195s] Level 1:colcon.colcon_core.environment:checking '/Drone_Sim/ros_ws/install/px4_msgs' for CMake module files
[20.195s] Level 1:colcon.colcon_core.environment:checking '/Drone_Sim/ros_ws/install/px4_msgs' for CMake config files
[20.207s] Level 1:colcon.colcon_core.shell:create_environment_hook('px4_msgs', 'cmake_prefix_path')
[20.208s] INFO:colcon.colcon_core.shell:Creating environment hook '/Drone_Sim/ros_ws/install/px4_msgs/share/px4_msgs/hook/cmake_prefix_path.ps1'
[20.208s] INFO:colcon.colcon_core.shell:Creating environment descriptor '/Drone_Sim/ros_ws/install/px4_msgs/share/px4_msgs/hook/cmake_prefix_path.dsv'
[20.209s] INFO:colcon.colcon_core.shell:Creating environment hook '/Drone_Sim/ros_ws/install/px4_msgs/share/px4_msgs/hook/cmake_prefix_path.sh'
[20.209s] Level 1:colcon.colcon_core.environment:checking '/Drone_Sim/ros_ws/install/px4_msgs/lib'
[20.209s] Level 1:colcon.colcon_core.shell:create_environment_hook('px4_msgs', 'ld_library_path_lib')
[20.209s] INFO:colcon.colcon_core.shell:Creating environment hook '/Drone_Sim/ros_ws/install/px4_msgs/share/px4_msgs/hook/ld_library_path_lib.ps1'
[20.209s] INFO:colcon.colcon_core.shell:Creating environment descriptor '/Drone_Sim/ros_ws/install/px4_msgs/share/px4_msgs/hook/ld_library_path_lib.dsv'
[20.210s] INFO:colcon.colcon_core.shell:Creating environment hook '/Drone_Sim/ros_ws/install/px4_msgs/share/px4_msgs/hook/ld_library_path_lib.sh'
[20.210s] Level 1:colcon.colcon_core.environment:checking '/Drone_Sim/ros_ws/install/px4_msgs/bin'
[20.210s] Level 1:colcon.colcon_core.environment:checking '/Drone_Sim/ros_ws/install/px4_msgs/lib/pkgconfig/px4_msgs.pc'
[20.210s] Level 1:colcon.colcon_core.environment:checking '/Drone_Sim/ros_ws/install/px4_msgs/lib/python3.10/site-packages'
[20.210s] Level 1:colcon.colcon_core.environment:checking '/Drone_Sim/ros_ws/install/px4_msgs/bin'
[20.211s] INFO:colcon.colcon_core.shell:Creating package script '/Drone_Sim/ros_ws/install/px4_msgs/share/px4_msgs/package.ps1'
[20.211s] INFO:colcon.colcon_core.shell:Creating package descriptor '/Drone_Sim/ros_ws/install/px4_msgs/share/px4_msgs/package.dsv'
[20.211s] INFO:colcon.colcon_core.shell:Creating package script '/Drone_Sim/ros_ws/install/px4_msgs/share/px4_msgs/package.sh'
[20.212s] INFO:colcon.colcon_core.shell:Creating package script '/Drone_Sim/ros_ws/install/px4_msgs/share/px4_msgs/package.bash'
[20.212s] INFO:colcon.colcon_core.shell:Creating package script '/Drone_Sim/ros_ws/install/px4_msgs/share/px4_msgs/package.zsh'
[20.212s] Level 1:colcon.colcon_core.environment:create_file_with_runtime_dependencies(/Drone_Sim/ros_ws/install/px4_msgs/share/colcon-core/packages/px4_msgs)
[20.212s] INFO:colcon.colcon_ros.task.ament_python.build:Building ROS package in '/Drone_Sim/ros_ws/src/autonomous_waypoint_nav' with build type 'ament_python'
[20.213s] Level 1:colcon.colcon_core.shell:create_environment_hook('autonomous_waypoint_nav', 'ament_prefix_path')
[20.213s] INFO:colcon.colcon_core.shell:Creating environment hook '/Drone_Sim/ros_ws/install/autonomous_waypoint_nav/share/autonomous_waypoint_nav/hook/ament_prefix_path.ps1'
[20.213s] INFO:colcon.colcon_core.shell:Creating environment descriptor '/Drone_Sim/ros_ws/install/autonomous_waypoint_nav/share/autonomous_waypoint_nav/hook/ament_prefix_path.dsv'
[20.214s] INFO:colcon.colcon_core.shell:Creating environment hook '/Drone_Sim/ros_ws/install/autonomous_waypoint_nav/share/autonomous_waypoint_nav/hook/ament_prefix_path.sh'
[20.214s] INFO:colcon.colcon_core.shell:Skip shell extension 'powershell' for command environment: Not usable outside of PowerShell
[20.214s] DEBUG:colcon.colcon_core.shell:Skip shell extension 'dsv' for command environment
[20.216s] INFO:colcon.colcon_ros.task.ament_python.build:Building ROS package in '/Drone_Sim/ros_ws/src/my_px4_package' with build type 'ament_python'
[20.216s] Level 1:colcon.colcon_core.shell:create_environment_hook('my_px4_package', 'ament_prefix_path')
[20.216s] INFO:colcon.colcon_core.shell:Creating environment hook '/Drone_Sim/ros_ws/install/my_px4_package/share/my_px4_package/hook/ament_prefix_path.ps1'
[20.216s] INFO:colcon.colcon_core.shell:Creating environment descriptor '/Drone_Sim/ros_ws/install/my_px4_package/share/my_px4_package/hook/ament_prefix_path.dsv'
[20.217s] INFO:colcon.colcon_core.shell:Creating environment hook '/Drone_Sim/ros_ws/install/my_px4_package/share/my_px4_package/hook/ament_prefix_path.sh'
[20.217s] INFO:colcon.colcon_core.shell:Skip shell extension 'powershell' for command environment: Not usable outside of PowerShell
[20.217s] DEBUG:colcon.colcon_core.shell:Skip shell extension 'dsv' for command environment
[20.219s] INFO:colcon.colcon_ros.task.ament_cmake.build:Building ROS package in '/Drone_Sim/ros_ws/src/px4_ros_com' with build type 'ament_cmake'
[20.219s] INFO:colcon.colcon_cmake.task.cmake.build:Building CMake package in '/Drone_Sim/ros_ws/src/px4_ros_com'
[20.219s] INFO:colcon.colcon_core.shell:Skip shell extension 'powershell' for command environment: Not usable outside of PowerShell
[20.219s] DEBUG:colcon.colcon_core.shell:Skip shell extension 'dsv' for command environment
[20.477s] INFO:colcon.colcon_core.task.python.build:Building Python package in '/Drone_Sim/ros_ws/src/autonomous_waypoint_nav'
[20.477s] INFO:colcon.colcon_core.shell:Skip shell extension 'powershell' for command environment: Not usable outside of PowerShell
[20.477s] DEBUG:colcon.colcon_core.shell:Skip shell extension 'dsv' for command environment
[20.674s] INFO:colcon.colcon_core.task.python.build:Building Python package in '/Drone_Sim/ros_ws/src/my_px4_package'
[20.674s] INFO:colcon.colcon_core.shell:Skip shell extension 'powershell' for command environment: Not usable outside of PowerShell
[20.674s] DEBUG:colcon.colcon_core.shell:Skip shell extension 'dsv' for command environment
[20.679s] DEBUG:colcon.colcon_core.event_handler.log_command:Invoking command in '/Drone_Sim/ros_ws/build/px4_ros_com': AMENT_PREFIX_PATH=/Drone_Sim/ros_ws/install/px4_msgs:${AMENT_PREFIX_PATH} CMAKE_PREFIX_PATH=/Drone_Sim/ros_ws/install/px4_msgs:/opt/ros/humble LD_LIBRARY_PATH=/Drone_Sim/ros_ws/install/px4_msgs/lib:${LD_LIBRARY_PATH} PYTHONPATH=/Drone_Sim/ros_ws/install/px4_msgs/local/lib/python3.10/dist-packages:${PYTHONPATH} /usr/bin/cmake --build /Drone_Sim/ros_ws/build/px4_ros_com -- -j8 -l8
[21.287s] DEBUG:colcon.colcon_core.event_handler.log_command:Invoked command in '/Drone_Sim/ros_ws/build/px4_ros_com' returned '0': AMENT_PREFIX_PATH=/Drone_Sim/ros_ws/install/px4_msgs:${AMENT_PREFIX_PATH} CMAKE_PREFIX_PATH=/Drone_Sim/ros_ws/install/px4_msgs:/opt/ros/humble LD_LIBRARY_PATH=/Drone_Sim/ros_ws/install/px4_msgs/lib:${LD_LIBRARY_PATH} PYTHONPATH=/Drone_Sim/ros_ws/install/px4_msgs/local/lib/python3.10/dist-packages:${PYTHONPATH} /usr/bin/cmake --build /Drone_Sim/ros_ws/build/px4_ros_com -- -j8 -l8
[21.288s] DEBUG:colcon.colcon_core.event_handler.log_command:Invoking command in '/Drone_Sim/ros_ws/build/px4_ros_com': AMENT_PREFIX_PATH=/Drone_Sim/ros_ws/install/px4_msgs:${AMENT_PREFIX_PATH} CMAKE_PREFIX_PATH=/Drone_Sim/ros_ws/install/px4_msgs:/opt/ros/humble LD_LIBRARY_PATH=/Drone_Sim/ros_ws/install/px4_msgs/lib:${LD_LIBRARY_PATH} PYTHONPATH=/Drone_Sim/ros_ws/install/px4_msgs/local/lib/python3.10/dist-packages:${PYTHONPATH} /usr/bin/cmake --install /Drone_Sim/ros_ws/build/px4_ros_com
[21.335s] Level 1:colcon.colcon_core.environment:create_environment_scripts_only(px4_ros_com)
[21.335s] Level 1:colcon.colcon_core.environment:checking '/Drone_Sim/ros_ws/install/px4_ros_com' for CMake module files
[21.335s] DEBUG:colcon.colcon_core.event_handler.log_command:Invoked command in '/Drone_Sim/ros_ws/build/px4_ros_com' returned '0': AMENT_PREFIX_PATH=/Drone_Sim/ros_ws/install/px4_msgs:${AMENT_PREFIX_PATH} CMAKE_PREFIX_PATH=/Drone_Sim/ros_ws/install/px4_msgs:/opt/ros/humble LD_LIBRARY_PATH=/Drone_Sim/ros_ws/install/px4_msgs/lib:${LD_LIBRARY_PATH} PYTHONPATH=/Drone_Sim/ros_ws/install/px4_msgs/local/lib/python3.10/dist-packages:${PYTHONPATH} /usr/bin/cmake --install /Drone_Sim/ros_ws/build/px4_ros_com
[21.336s] Level 1:colcon.colcon_core.environment:checking '/Drone_Sim/ros_ws/install/px4_ros_com' for CMake config files
[21.336s] Level 1:colcon.colcon_core.shell:create_environment_hook('px4_ros_com', 'cmake_prefix_path')
[21.337s] INFO:colcon.colcon_core.shell:Creating environment hook '/Drone_Sim/ros_ws/install/px4_ros_com/share/px4_ros_com/hook/cmake_prefix_path.ps1'
[21.337s] INFO:colcon.colcon_core.shell:Creating environment descriptor '/Drone_Sim/ros_ws/install/px4_ros_com/share/px4_ros_com/hook/cmake_prefix_path.dsv'
[21.337s] INFO:colcon.colcon_core.shell:Creating environment hook '/Drone_Sim/ros_ws/install/px4_ros_com/share/px4_ros_com/hook/cmake_prefix_path.sh'
[21.338s] Level 1:colcon.colcon_core.environment:checking '/Drone_Sim/ros_ws/install/px4_ros_com/lib'
[21.338s] Level 1:colcon.colcon_core.shell:create_environment_hook('px4_ros_com', 'ld_library_path_lib')
[21.338s] INFO:colcon.colcon_core.shell:Creating environment hook '/Drone_Sim/ros_ws/install/px4_ros_com/share/px4_ros_com/hook/ld_library_path_lib.ps1'
[21.338s] INFO:colcon.colcon_core.shell:Creating environment descriptor '/Drone_Sim/ros_ws/install/px4_ros_com/share/px4_ros_com/hook/ld_library_path_lib.dsv'
[21.339s] INFO:colcon.colcon_core.shell:Creating environment hook '/Drone_Sim/ros_ws/install/px4_ros_com/share/px4_ros_com/hook/ld_library_path_lib.sh'
[21.339s] Level 1:colcon.colcon_core.environment:checking '/Drone_Sim/ros_ws/install/px4_ros_com/bin'
[21.339s] Level 1:colcon.colcon_core.environment:checking '/Drone_Sim/ros_ws/install/px4_ros_com/lib/pkgconfig/px4_ros_com.pc'
[21.339s] Level 1:colcon.colcon_core.environment:checking '/Drone_Sim/ros_ws/install/px4_ros_com/lib/python3.10/site-packages'
[21.340s] Level 1:colcon.colcon_core.environment:checking '/Drone_Sim/ros_ws/install/px4_ros_com/bin'
[21.340s] INFO:colcon.colcon_core.shell:Creating package script '/Drone_Sim/ros_ws/install/px4_ros_com/share/px4_ros_com/package.ps1'
[21.340s] INFO:colcon.colcon_core.shell:Creating package descriptor '/Drone_Sim/ros_ws/install/px4_ros_com/share/px4_ros_com/package.dsv'
[21.341s] INFO:colcon.colcon_core.shell:Creating package script '/Drone_Sim/ros_ws/install/px4_ros_com/share/px4_ros_com/package.sh'
[21.341s] INFO:colcon.colcon_core.shell:Creating package script '/Drone_Sim/ros_ws/install/px4_ros_com/share/px4_ros_com/package.bash'
[21.341s] INFO:colcon.colcon_core.shell:Creating package script '/Drone_Sim/ros_ws/install/px4_ros_com/share/px4_ros_com/package.zsh'
[21.342s] Level 1:colcon.colcon_core.environment:create_file_with_runtime_dependencies(/Drone_Sim/ros_ws/install/px4_ros_com/share/colcon-core/packages/px4_ros_com)
[21.342s] Level 1:colcon.colcon_core.environment:create_environment_scripts_only(px4_ros_com)
[21.342s] Level 1:colcon.colcon_core.environment:checking '/Drone_Sim/ros_ws/install/px4_ros_com' for CMake module files
[21.343s] Level 1:colcon.colcon_core.environment:checking '/Drone_Sim/ros_ws/install/px4_ros_com' for CMake config files
[21.343s] Level 1:colcon.colcon_core.shell:create_environment_hook('px4_ros_com', 'cmake_prefix_path')
[21.344s] INFO:colcon.colcon_core.shell:Creating environment hook '/Drone_Sim/ros_ws/install/px4_ros_com/share/px4_ros_com/hook/cmake_prefix_path.ps1'
[21.344s] INFO:colcon.colcon_core.shell:Creating environment descriptor '/Drone_Sim/ros_ws/install/px4_ros_com/share/px4_ros_com/hook/cmake_prefix_path.dsv'
[21.344s] INFO:colcon.colcon_core.shell:Creating environment hook '/Drone_Sim/ros_ws/install/px4_ros_com/share/px4_ros_com/hook/cmake_prefix_path.sh'
[21.345s] Level 1:colcon.colcon_core.environment:checking '/Drone_Sim/ros_ws/install/px4_ros_com/lib'
[21.345s] Level 1:colcon.colcon_core.shell:create_environment_hook('px4_ros_com', 'ld_library_path_lib')
[21.345s] INFO:colcon.colcon_core.shell:Creating environment hook '/Drone_Sim/ros_ws/install/px4_ros_com/share/px4_ros_com/hook/ld_library_path_lib.ps1'
[21.346s] INFO:colcon.colcon_core.shell:Creating environment descriptor '/Drone_Sim/ros_ws/install/px4_ros_com/share/px4_ros_com/hook/ld_library_path_lib.dsv'
[21.346s] INFO:colcon.colcon_core.shell:Creating environment hook '/Drone_Sim/ros_ws/install/px4_ros_com/share/px4_ros_com/hook/ld_library_path_lib.sh'
[21.346s] Level 1:colcon.colcon_core.environment:checking '/Drone_Sim/ros_ws/install/px4_ros_com/bin'
[21.346s] Level 1:colcon.colcon_core.environment:checking '/Drone_Sim/ros_ws/install/px4_ros_com/lib/pkgconfig/px4_ros_com.pc'
[21.346s] Level 1:colcon.colcon_core.environment:checking '/Drone_Sim/ros_ws/install/px4_ros_com/lib/python3.10/site-packages'
[21.347s] Level 1:colcon.colcon_core.environment:checking '/Drone_Sim/ros_ws/install/px4_ros_com/bin'
[21.347s] INFO:colcon.colcon_core.shell:Creating package script '/Drone_Sim/ros_ws/install/px4_ros_com/share/px4_ros_com/package.ps1'
[21.347s] INFO:colcon.colcon_core.shell:Creating package descriptor '/Drone_Sim/ros_ws/install/px4_ros_com/share/px4_ros_com/package.dsv'
[21.348s] INFO:colcon.colcon_core.shell:Creating package script '/Drone_Sim/ros_ws/install/px4_ros_com/share/px4_ros_com/package.sh'
[21.348s] INFO:colcon.colcon_core.shell:Creating package script '/Drone_Sim/ros_ws/install/px4_ros_com/share/px4_ros_com/package.bash'
[21.348s] INFO:colcon.colcon_core.shell:Creating package script '/Drone_Sim/ros_ws/install/px4_ros_com/share/px4_ros_com/package.zsh'
[21.349s] Level 1:colcon.colcon_core.environment:create_file_with_runtime_dependencies(/Drone_Sim/ros_ws/install/px4_ros_com/share/colcon-core/packages/px4_ros_com)
[22.198s] DEBUG:colcon.colcon_core.event_handler.log_command:Invoking command in '/Drone_Sim/ros_ws/build/autonomous_waypoint_nav': AMENT_PREFIX_PATH=/Drone_Sim/ros_ws/install/px4_msgs:${AMENT_PREFIX_PATH} CMAKE_PREFIX_PATH=/Drone_Sim/ros_ws/install/px4_msgs LD_LIBRARY_PATH=/Drone_Sim/ros_ws/install/px4_msgs/lib:${LD_LIBRARY_PATH} PYTHONPATH=/Drone_Sim/ros_ws/build/autonomous_waypoint_nav/prefix_override:/usr/lib/python3/dist-packages/colcon_core/task/python/colcon_distutils_commands:/Drone_Sim/ros_ws/install/autonomous_waypoint_nav/lib/python3.10/site-packages:/Drone_Sim/ros_ws/install/px4_msgs/local/lib/python3.10/dist-packages:${PYTHONPATH} /usr/bin/python3 -W ignore:setup.py install is deprecated -W ignore:easy_install command is deprecated setup.py develop --editable --build-directory /Drone_Sim/ros_ws/build/autonomous_waypoint_nav/build --no-deps symlink_data
[22.199s] DEBUG:colcon.colcon_core.event_handler.log_command:Invoking command in '/Drone_Sim/ros_ws/build/my_px4_package': AMENT_PREFIX_PATH=/Drone_Sim/ros_ws/install/px4_msgs:${AMENT_PREFIX_PATH} CMAKE_PREFIX_PATH=/Drone_Sim/ros_ws/install/px4_msgs LD_LIBRARY_PATH=/Drone_Sim/ros_ws/install/px4_msgs/lib:${LD_LIBRARY_PATH} PYTHONPATH=/Drone_Sim/ros_ws/build/my_px4_package/prefix_override:/usr/lib/python3/dist-packages/colcon_core/task/python/colcon_distutils_commands:/Drone_Sim/ros_ws/install/my_px4_package/lib/python3.10/site-packages:/Drone_Sim/ros_ws/install/px4_msgs/local/lib/python3.10/dist-packages:${PYTHONPATH} /usr/bin/python3 -W ignore:setup.py install is deprecated -W ignore:easy_install command is deprecated setup.py develop --editable --build-directory /Drone_Sim/ros_ws/build/my_px4_package/build --no-deps symlink_data
[22.535s] Level 1:colcon.colcon_core.shell:create_environment_hook('autonomous_waypoint_nav', 'pythonpath_develop')
[22.535s] INFO:colcon.colcon_core.shell:Creating environment hook '/Drone_Sim/ros_ws/build/autonomous_waypoint_nav/share/autonomous_waypoint_nav/hook/pythonpath_develop.ps1'
[22.536s] DEBUG:colcon.colcon_core.event_handler.log_command:Invoked command in '/Drone_Sim/ros_ws/build/autonomous_waypoint_nav' returned '0': AMENT_PREFIX_PATH=/Drone_Sim/ros_ws/install/px4_msgs:${AMENT_PREFIX_PATH} CMAKE_PREFIX_PATH=/Drone_Sim/ros_ws/install/px4_msgs LD_LIBRARY_PATH=/Drone_Sim/ros_ws/install/px4_msgs/lib:${LD_LIBRARY_PATH} PYTHONPATH=/Drone_Sim/ros_ws/build/autonomous_waypoint_nav/prefix_override:/usr/lib/python3/dist-packages/colcon_core/task/python/colcon_distutils_commands:/Drone_Sim/ros_ws/install/autonomous_waypoint_nav/lib/python3.10/site-packages:/Drone_Sim/ros_ws/install/px4_msgs/local/lib/python3.10/dist-packages:${PYTHONPATH} /usr/bin/python3 -W ignore:setup.py install is deprecated -W ignore:easy_install command is deprecated setup.py develop --editable --build-directory /Drone_Sim/ros_ws/build/autonomous_waypoint_nav/build --no-deps symlink_data
[22.536s] INFO:colcon.colcon_core.shell:Creating environment descriptor '/Drone_Sim/ros_ws/build/autonomous_waypoint_nav/share/autonomous_waypoint_nav/hook/pythonpath_develop.dsv'
[22.536s] INFO:colcon.colcon_core.shell:Creating environment hook '/Drone_Sim/ros_ws/build/autonomous_waypoint_nav/share/autonomous_waypoint_nav/hook/pythonpath_develop.sh'
[22.537s] Level 1:colcon.colcon_core.environment:checking '/Drone_Sim/ros_ws/install/autonomous_waypoint_nav' for CMake module files
[22.537s] Level 1:colcon.colcon_core.environment:checking '/Drone_Sim/ros_ws/install/autonomous_waypoint_nav' for CMake config files
[22.538s] Level 1:colcon.colcon_core.environment:checking '/Drone_Sim/ros_ws/install/autonomous_waypoint_nav/lib'
[22.538s] Level 1:colcon.colcon_core.environment:checking '/Drone_Sim/ros_ws/install/autonomous_waypoint_nav/bin'
[22.538s] Level 1:colcon.colcon_core.environment:checking '/Drone_Sim/ros_ws/install/autonomous_waypoint_nav/lib/pkgconfig/autonomous_waypoint_nav.pc'
[22.538s] Level 1:colcon.colcon_core.environment:checking '/Drone_Sim/ros_ws/install/autonomous_waypoint_nav/lib/python3.10/site-packages'
[22.538s] Level 1:colcon.colcon_core.shell:create_environment_hook('autonomous_waypoint_nav', 'pythonpath')
[22.538s] INFO:colcon.colcon_core.shell:Creating environment hook '/Drone_Sim/ros_ws/install/autonomous_waypoint_nav/share/autonomous_waypoint_nav/hook/pythonpath.ps1'
[22.538s] INFO:colcon.colcon_core.shell:Creating environment descriptor '/Drone_Sim/ros_ws/install/autonomous_waypoint_nav/share/autonomous_waypoint_nav/hook/pythonpath.dsv'
[22.539s] INFO:colcon.colcon_core.shell:Creating environment hook '/Drone_Sim/ros_ws/install/autonomous_waypoint_nav/share/autonomous_waypoint_nav/hook/pythonpath.sh'
[22.539s] Level 1:colcon.colcon_core.environment:checking '/Drone_Sim/ros_ws/install/autonomous_waypoint_nav/bin'
[22.539s] Level 1:colcon.colcon_core.environment:create_environment_scripts_only(autonomous_waypoint_nav)
[22.539s] INFO:colcon.colcon_core.shell:Creating package script '/Drone_Sim/ros_ws/install/autonomous_waypoint_nav/share/autonomous_waypoint_nav/package.ps1'
[22.540s] INFO:colcon.colcon_core.shell:Creating package descriptor '/Drone_Sim/ros_ws/install/autonomous_waypoint_nav/share/autonomous_waypoint_nav/package.dsv'
[22.540s] INFO:colcon.colcon_core.shell:Creating package script '/Drone_Sim/ros_ws/install/autonomous_waypoint_nav/share/autonomous_waypoint_nav/package.sh'
[22.541s] INFO:colcon.colcon_core.shell:Creating package script '/Drone_Sim/ros_ws/install/autonomous_waypoint_nav/share/autonomous_waypoint_nav/package.bash'
[22.541s] INFO:colcon.colcon_core.shell:Creating package script '/Drone_Sim/ros_ws/install/autonomous_waypoint_nav/share/autonomous_waypoint_nav/package.zsh'
[22.541s] Level 1:colcon.colcon_core.environment:create_file_with_runtime_dependencies(/Drone_Sim/ros_ws/install/autonomous_waypoint_nav/share/colcon-core/packages/autonomous_waypoint_nav)
[22.542s] Level 1:colcon.colcon_core.shell:create_environment_hook('my_px4_package', 'pythonpath_develop')
[22.542s] INFO:colcon.colcon_core.shell:Creating environment hook '/Drone_Sim/ros_ws/build/my_px4_package/share/my_px4_package/hook/pythonpath_develop.ps1'
[22.543s] DEBUG:colcon.colcon_core.event_handler.log_command:Invoked command in '/Drone_Sim/ros_ws/build/my_px4_package' returned '0': AMENT_PREFIX_PATH=/Drone_Sim/ros_ws/install/px4_msgs:${AMENT_PREFIX_PATH} CMAKE_PREFIX_PATH=/Drone_Sim/ros_ws/install/px4_msgs LD_LIBRARY_PATH=/Drone_Sim/ros_ws/install/px4_msgs/lib:${LD_LIBRARY_PATH} PYTHONPATH=/Drone_Sim/ros_ws/build/my_px4_package/prefix_override:/usr/lib/python3/dist-packages/colcon_core/task/python/colcon_distutils_commands:/Drone_Sim/ros_ws/install/my_px4_package/lib/python3.10/site-packages:/Drone_Sim/ros_ws/install/px4_msgs/local/lib/python3.10/dist-packages:${PYTHONPATH} /usr/bin/python3 -W ignore:setup.py install is deprecated -W ignore:easy_install command is deprecated setup.py develop --editable --build-directory /Drone_Sim/ros_ws/build/my_px4_package/build --no-deps symlink_data
[22.543s] INFO:colcon.colcon_core.shell:Creating environment descriptor '/Drone_Sim/ros_ws/build/my_px4_package/share/my_px4_package/hook/pythonpath_develop.dsv'
[22.543s] INFO:colcon.colcon_core.shell:Creating environment hook '/Drone_Sim/ros_ws/build/my_px4_package/share/my_px4_package/hook/pythonpath_develop.sh'
[22.544s] Level 1:colcon.colcon_core.environment:checking '/Drone_Sim/ros_ws/install/my_px4_package' for CMake module files
[22.544s] Level 1:colcon.colcon_core.environment:checking '/Drone_Sim/ros_ws/install/my_px4_package' for CMake config files
[22.544s] Level 1:colcon.colcon_core.environment:checking '/Drone_Sim/ros_ws/install/my_px4_package/lib'
[22.544s] Level 1:colcon.colcon_core.environment:checking '/Drone_Sim/ros_ws/install/my_px4_package/bin'
[22.544s] Level 1:colcon.colcon_core.environment:checking '/Drone_Sim/ros_ws/install/my_px4_package/lib/pkgconfig/my_px4_package.pc'
[22.544s] Level 1:colcon.colcon_core.environment:checking '/Drone_Sim/ros_ws/install/my_px4_package/lib/python3.10/site-packages'
[22.544s] Level 1:colcon.colcon_core.shell:create_environment_hook('my_px4_package', 'pythonpath')
[22.545s] INFO:colcon.colcon_core.shell:Creating environment hook '/Drone_Sim/ros_ws/install/my_px4_package/share/my_px4_package/hook/pythonpath.ps1'
[22.545s] INFO:colcon.colcon_core.shell:Creating environment descriptor '/Drone_Sim/ros_ws/install/my_px4_package/share/my_px4_package/hook/pythonpath.dsv'
[22.545s] INFO:colcon.colcon_core.shell:Creating environment hook '/Drone_Sim/ros_ws/install/my_px4_package/share/my_px4_package/hook/pythonpath.sh'
[22.545s] Level 1:colcon.colcon_core.environment:checking '/Drone_Sim/ros_ws/install/my_px4_package/bin'
[22.545s] Level 1:colcon.colcon_core.environment:create_environment_scripts_only(my_px4_package)
[22.546s] INFO:colcon.colcon_core.shell:Creating package script '/Drone_Sim/ros_ws/install/my_px4_package/share/my_px4_package/package.ps1'
[22.546s] INFO:colcon.colcon_core.shell:Creating package descriptor '/Drone_Sim/ros_ws/install/my_px4_package/share/my_px4_package/package.dsv'
[22.546s] INFO:colcon.colcon_core.shell:Creating package script '/Drone_Sim/ros_ws/install/my_px4_package/share/my_px4_package/package.sh'
[22.547s] INFO:colcon.colcon_core.shell:Creating package script '/Drone_Sim/ros_ws/install/my_px4_package/share/my_px4_package/package.bash'
[22.547s] INFO:colcon.colcon_core.shell:Creating package script '/Drone_Sim/ros_ws/install/my_px4_package/share/my_px4_package/package.zsh'
[22.547s] Level 1:colcon.colcon_core.environment:create_file_with_runtime_dependencies(/Drone_Sim/ros_ws/install/my_px4_package/share/colcon-core/packages/my_px4_package)
[22.547s] DEBUG:colcon.colcon_parallel_executor.executor.parallel:closing loop
[22.547s] DEBUG:colcon.colcon_parallel_executor.executor.parallel:loop closed
[22.547s] DEBUG:colcon.colcon_parallel_executor.executor.parallel:run_until_complete finished with '0'
[22.547s] DEBUG:colcon.colcon_core.event_reactor:joining thread
[22.551s] INFO:colcon.colcon_core.plugin_system:Skipping extension 'colcon_notification.desktop_notification.notify_send': Could not find 'notify-send'
[22.551s] INFO:colcon.colcon_core.plugin_system:Skipping extension 'colcon_notification.desktop_notification.terminal_notifier': Not used on non-Darwin systems
[22.551s] INFO:colcon.colcon_core.plugin_system:Skipping extension 'colcon_notification.desktop_notification.win32': Not used on non-Windows systems
[22.551s] INFO:colcon.colcon_notification.desktop_notification:Sending desktop notification using 'notify2'
[22.554s] DEBUG:colcon.colcon_notification.desktop_notification.notify2:Failed to initialize notify2: org.freedesktop.DBus.Error.Spawn.ExecFailed: /usr/bin/dbus-launch terminated abnormally without any error message
[22.555s] DEBUG:colcon.colcon_core.event_reactor:joined thread
[22.555s] INFO:colcon.colcon_core.shell:Creating prefix script '/Drone_Sim/ros_ws/install/local_setup.ps1'
[22.556s] INFO:colcon.colcon_core.shell:Creating prefix util module '/Drone_Sim/ros_ws/install/_local_setup_util_ps1.py'
[22.558s] INFO:colcon.colcon_core.shell:Creating prefix chain script '/Drone_Sim/ros_ws/install/setup.ps1'
[22.559s] INFO:colcon.colcon_core.shell:Creating prefix script '/Drone_Sim/ros_ws/install/local_setup.sh'
[22.560s] INFO:colcon.colcon_core.shell:Creating prefix util module '/Drone_Sim/ros_ws/install/_local_setup_util_sh.py'
[22.561s] INFO:colcon.colcon_core.shell:Creating prefix chain script '/Drone_Sim/ros_ws/install/setup.sh'
[22.561s] INFO:colcon.colcon_core.shell:Creating prefix script '/Drone_Sim/ros_ws/install/local_setup.bash'
[22.562s] INFO:colcon.colcon_core.shell:Creating prefix chain script '/Drone_Sim/ros_ws/install/setup.bash'
[22.562s] INFO:colcon.colcon_core.shell:Creating prefix script '/Drone_Sim/ros_ws/install/local_setup.zsh'
[22.563s] INFO:colcon.colcon_core.shell:Creating prefix chain script '/Drone_Sim/ros_ws/install/setup.zsh'
