[0.639s] Invoking command in '/Drone_Sim/ros_ws/build/px4_ros_com': AMENT_PREFIX_PATH=/Drone_Sim/ros_ws/install/px4_msgs:${AMENT_PREFIX_PATH} CMAKE_PREFIX_PATH=/Drone_Sim/ros_ws/install/px4_msgs:/opt/ros/humble LD_LIBRARY_PATH=/Drone_Sim/ros_ws/install/px4_msgs/lib:${LD_LIBRARY_PATH} PYTHONPATH=/Drone_Sim/ros_ws/install/px4_msgs/local/lib/python3.10/dist-packages:${PYTHONPATH} /usr/bin/cmake --build /Drone_Sim/ros_ws/build/px4_ros_com -- -j8 -l8
[3.129s] [  0%] Built target ament_cmake_python_symlink_px4_ros_com
[3.667s] running egg_info
[3.667s] writing px4_ros_com.egg-info/PKG-INFO
[3.667s] writing dependency_links to px4_ros_com.egg-info/dependency_links.txt
[3.667s] writing top-level names to px4_ros_com.egg-info/top_level.txt
[3.669s] reading manifest file 'px4_ros_com.egg-info/SOURCES.txt'
[3.724s] writing manifest file 'px4_ros_com.egg-info/SOURCES.txt'
[3.741s] [  0%] Built target ament_cmake_python_build_px4_ros_com_egg
[3.993s] [ 16%] Built target frame_transforms
[4.485s] [ 58%] Built target vehicle_gps_position_listener
[4.486s] [ 58%] [32mBuilding CXX object CMakeFiles/offboard_control.dir/src/examples/offboard/offboard_control.cpp.o[0m
[4.486s] [ 58%] Built target sensor_combined_listener
[4.486s] [ 75%] Built target offboard_control_srv
[4.487s] [ 91%] Built target debug_vect_advertiser
[11.297s] [100%] [32m[1mLinking CXX executable offboard_control[0m
[13.228s] [100%] Built target offboard_control
[13.237s] Invoked command in '/Drone_Sim/ros_ws/build/px4_ros_com' returned '0': AMENT_PREFIX_PATH=/Drone_Sim/ros_ws/install/px4_msgs:${AMENT_PREFIX_PATH} CMAKE_PREFIX_PATH=/Drone_Sim/ros_ws/install/px4_msgs:/opt/ros/humble LD_LIBRARY_PATH=/Drone_Sim/ros_ws/install/px4_msgs/lib:${LD_LIBRARY_PATH} PYTHONPATH=/Drone_Sim/ros_ws/install/px4_msgs/local/lib/python3.10/dist-packages:${PYTHONPATH} /usr/bin/cmake --build /Drone_Sim/ros_ws/build/px4_ros_com -- -j8 -l8
[13.274s] Invoking command in '/Drone_Sim/ros_ws/build/px4_ros_com': AMENT_PREFIX_PATH=/Drone_Sim/ros_ws/install/px4_msgs:${AMENT_PREFIX_PATH} CMAKE_PREFIX_PATH=/Drone_Sim/ros_ws/install/px4_msgs:/opt/ros/humble LD_LIBRARY_PATH=/Drone_Sim/ros_ws/install/px4_msgs/lib:${LD_LIBRARY_PATH} PYTHONPATH=/Drone_Sim/ros_ws/install/px4_msgs/local/lib/python3.10/dist-packages:${PYTHONPATH} /usr/bin/cmake --install /Drone_Sim/ros_ws/build/px4_ros_com
[13.281s] -- Install configuration: ""
[13.335s] -- Execute custom install script
[13.391s] -- Up-to-date symlink: /Drone_Sim/ros_ws/install/px4_ros_com/lib/px4_ros_com/sensor_combined_listener
[13.392s] -- Up-to-date symlink: /Drone_Sim/ros_ws/install/px4_ros_com/lib/px4_ros_com/vehicle_gps_position_listener
[13.392s] -- Up-to-date symlink: /Drone_Sim/ros_ws/install/px4_ros_com/lib/px4_ros_com/debug_vect_advertiser
[13.393s] -- Up-to-date symlink: /Drone_Sim/ros_ws/install/px4_ros_com/lib/px4_ros_com/offboard_control
[13.393s] -- Up-to-date symlink: /Drone_Sim/ros_ws/install/px4_ros_com/lib/px4_ros_com/offboard_control_srv
[13.393s] -- Up-to-date symlink: /Drone_Sim/ros_ws/install/px4_ros_com/share/px4_ros_com/environment/library_path.sh
[13.393s] -- Up-to-date symlink: /Drone_Sim/ros_ws/install/px4_ros_com/share/px4_ros_com/environment/library_path.dsv
[13.402s] -- Up-to-date symlink: /Drone_Sim/ros_ws/install/px4_ros_com/include/px4_ros_com/frame_transforms.h
[13.411s] -- Up-to-date symlink: /Drone_Sim/ros_ws/install/px4_ros_com/share/px4_ros_com//launch/offboard_control_launch.yaml
[13.411s] -- Up-to-date symlink: /Drone_Sim/ros_ws/install/px4_ros_com/share/px4_ros_com//launch/sensor_combined_listener.launch.py
[13.414s] -- Up-to-date symlink: /Drone_Sim/ros_ws/install/px4_ros_com/share/px4_ros_com//test/__init__.py
[13.414s] -- Up-to-date symlink: /Drone_Sim/ros_ws/install/px4_ros_com/share/px4_ros_com//test/pipeline_io_test.py
[13.414s] -- Up-to-date symlink: /Drone_Sim/ros_ws/install/px4_ros_com/share/px4_ros_com//test/test_input.py
[13.414s] -- Up-to-date symlink: /Drone_Sim/ros_ws/install/px4_ros_com/share/px4_ros_com//test/test_output.py
[13.414s] -- Up-to-date symlink: /Drone_Sim/ros_ws/install/px4_ros_com/share/px4_ros_com/environment/pythonpath.sh
[13.414s] -- Up-to-date symlink: /Drone_Sim/ros_ws/install/px4_ros_com/share/px4_ros_com/environment/pythonpath.dsv
[13.415s] -- Up-to-date symlink: /Drone_Sim/ros_ws/install/px4_ros_com/local/lib/python3.10/dist-packages/px4_ros_com-0.1.0-py3.10.egg-info/PKG-INFO
[13.415s] -- Up-to-date symlink: /Drone_Sim/ros_ws/install/px4_ros_com/local/lib/python3.10/dist-packages/px4_ros_com-0.1.0-py3.10.egg-info/SOURCES.txt
[13.415s] -- Up-to-date symlink: /Drone_Sim/ros_ws/install/px4_ros_com/local/lib/python3.10/dist-packages/px4_ros_com-0.1.0-py3.10.egg-info/dependency_links.txt
[13.415s] -- Up-to-date symlink: /Drone_Sim/ros_ws/install/px4_ros_com/local/lib/python3.10/dist-packages/px4_ros_com-0.1.0-py3.10.egg-info/top_level.txt
[13.416s] -- Up-to-date symlink: /Drone_Sim/ros_ws/install/px4_ros_com/local/lib/python3.10/dist-packages/px4_ros_com/__init__.py
[13.416s] -- Up-to-date symlink: /Drone_Sim/ros_ws/install/px4_ros_com/local/lib/python3.10/dist-packages/px4_ros_com/module_to_import.py
[13.416s] -- Up-to-date symlink: /Drone_Sim/ros_ws/install/px4_ros_com/lib/px4_ros_com/offboard_control.py
[13.416s] -- Up-to-date symlink: /Drone_Sim/ros_ws/install/px4_ros_com/share/ament_index/resource_index/package_run_dependencies/px4_ros_com
[13.417s] -- Up-to-date symlink: /Drone_Sim/ros_ws/install/px4_ros_com/share/ament_index/resource_index/parent_prefix_path/px4_ros_com
[13.417s] -- Up-to-date symlink: /Drone_Sim/ros_ws/install/px4_ros_com/share/px4_ros_com/environment/ament_prefix_path.sh
[13.417s] -- Up-to-date symlink: /Drone_Sim/ros_ws/install/px4_ros_com/share/px4_ros_com/environment/ament_prefix_path.dsv
[13.417s] -- Up-to-date symlink: /Drone_Sim/ros_ws/install/px4_ros_com/share/px4_ros_com/environment/path.sh
[13.418s] -- Up-to-date symlink: /Drone_Sim/ros_ws/install/px4_ros_com/share/px4_ros_com/environment/path.dsv
[13.418s] -- Up-to-date symlink: /Drone_Sim/ros_ws/install/px4_ros_com/share/px4_ros_com/local_setup.bash
[13.418s] -- Up-to-date symlink: /Drone_Sim/ros_ws/install/px4_ros_com/share/px4_ros_com/local_setup.sh
[13.418s] -- Up-to-date symlink: /Drone_Sim/ros_ws/install/px4_ros_com/share/px4_ros_com/local_setup.zsh
[13.418s] -- Up-to-date symlink: /Drone_Sim/ros_ws/install/px4_ros_com/share/px4_ros_com/local_setup.dsv
[13.418s] -- Symlinking: /Drone_Sim/ros_ws/install/px4_ros_com/share/px4_ros_com/package.dsv
[13.427s] -- Up-to-date symlink: /Drone_Sim/ros_ws/install/px4_ros_com/share/ament_index/resource_index/packages/px4_ros_com
[13.427s] -- Up-to-date symlink: /Drone_Sim/ros_ws/install/px4_ros_com/share/px4_ros_com/cmake/ament_cmake_export_dependencies-extras.cmake
[13.427s] -- Up-to-date symlink: /Drone_Sim/ros_ws/install/px4_ros_com/share/px4_ros_com/cmake/ament_cmake_export_targets-extras.cmake
[13.427s] -- Up-to-date symlink: /Drone_Sim/ros_ws/install/px4_ros_com/share/px4_ros_com/cmake/ament_cmake_export_include_directories-extras.cmake
[13.427s] -- Up-to-date symlink: /Drone_Sim/ros_ws/install/px4_ros_com/share/px4_ros_com/cmake/ament_cmake_export_libraries-extras.cmake
[13.428s] -- Up-to-date symlink: /Drone_Sim/ros_ws/install/px4_ros_com/share/px4_ros_com/cmake/px4_ros_comConfig.cmake
[13.428s] -- Up-to-date symlink: /Drone_Sim/ros_ws/install/px4_ros_com/share/px4_ros_com/cmake/px4_ros_comConfig-version.cmake
[13.428s] -- Up-to-date symlink: /Drone_Sim/ros_ws/install/px4_ros_com/share/px4_ros_com/package.xml
[13.500s] -- Up-to-date: /Drone_Sim/ros_ws/install/px4_ros_com/lib/libframe_transforms.so
[13.526s] Listing '/Drone_Sim/ros_ws/install/px4_ros_com/local/lib/python3.10/dist-packages/px4_ros_com'...
[13.529s] -- Up-to-date: /Drone_Sim/ros_ws/install/px4_ros_com/share/px4_ros_com/cmake/export_frame_transformsExport.cmake
[13.529s] -- Up-to-date: /Drone_Sim/ros_ws/install/px4_ros_com/share/px4_ros_com/cmake/export_frame_transformsExport-noconfig.cmake
[13.531s] Invoked command in '/Drone_Sim/ros_ws/build/px4_ros_com' returned '0': AMENT_PREFIX_PATH=/Drone_Sim/ros_ws/install/px4_msgs:${AMENT_PREFIX_PATH} CMAKE_PREFIX_PATH=/Drone_Sim/ros_ws/install/px4_msgs:/opt/ros/humble LD_LIBRARY_PATH=/Drone_Sim/ros_ws/install/px4_msgs/lib:${LD_LIBRARY_PATH} PYTHONPATH=/Drone_Sim/ros_ws/install/px4_msgs/local/lib/python3.10/dist-packages:${PYTHONPATH} /usr/bin/cmake --install /Drone_Sim/ros_ws/build/px4_ros_com
