[0.967s] Invoking command in '/Drone_Sim/ros_ws/build/px4_microxrce_nav': AMENT_PREFIX_PATH=/Drone_Sim/ros_ws/install/px4_msgs:${AMENT_PREFIX_PATH} CMAKE_PREFIX_PATH=/Drone_Sim/ros_ws/install/px4_msgs LD_LIBRARY_PATH=/Drone_Sim/ros_ws/install/px4_msgs/lib:${LD_LIBRARY_PATH} PYTHONPATH=/Drone_Sim/ros_ws/build/px4_microxrce_nav/prefix_override:/usr/lib/python3/dist-packages/colcon_core/task/python/colcon_distutils_commands:/Drone_Sim/ros_ws/install/px4_microxrce_nav/lib/python3.10/site-packages:/Drone_Sim/ros_ws/install/px4_msgs/local/lib/python3.10/dist-packages:${PYTHONPATH} /usr/bin/python3 -W ignore:setup.py install is deprecated -W ignore:easy_install command is deprecated setup.py develop --editable --build-directory /Drone_Sim/ros_ws/build/px4_microxrce_nav/build --no-deps symlink_data
[1.153s] running develop
[1.255s] running egg_info
[1.256s] creating px4_microxrce_nav.egg-info
[1.256s] writing px4_microxrce_nav.egg-info/PKG-INFO
[1.256s] writing dependency_links to px4_microxrce_nav.egg-info/dependency_links.txt
[1.256s] writing entry points to px4_microxrce_nav.egg-info/entry_points.txt
[1.256s] writing requirements to px4_microxrce_nav.egg-info/requires.txt
[1.256s] writing top-level names to px4_microxrce_nav.egg-info/top_level.txt
[1.256s] writing manifest file 'px4_microxrce_nav.egg-info/SOURCES.txt'
[1.257s] reading manifest file 'px4_microxrce_nav.egg-info/SOURCES.txt'
[1.257s] writing manifest file 'px4_microxrce_nav.egg-info/SOURCES.txt'
[1.258s] running build_ext
[1.263s] Creating /Drone_Sim/ros_ws/install/px4_microxrce_nav/lib/python3.10/site-packages/px4-microxrce-nav.egg-link (link to .)
[1.263s] Installing autonomous_navigator script to /Drone_Sim/ros_ws/install/px4_microxrce_nav/lib/px4_microxrce_nav
[1.263s] 
[1.263s] Installed /Drone_Sim/ros_ws/build/px4_microxrce_nav
[1.263s] running symlink_data
[1.263s] creating /Drone_Sim/ros_ws/install/px4_microxrce_nav/share/ament_index
[1.263s] creating /Drone_Sim/ros_ws/install/px4_microxrce_nav/share/ament_index/resource_index
[1.263s] creating /Drone_Sim/ros_ws/install/px4_microxrce_nav/share/ament_index/resource_index/packages
[1.263s] symbolically linking /Drone_Sim/ros_ws/build/px4_microxrce_nav/resource/px4_microxrce_nav -> /Drone_Sim/ros_ws/install/px4_microxrce_nav/share/ament_index/resource_index/packages
[1.263s] symbolically linking /Drone_Sim/ros_ws/build/px4_microxrce_nav/package.xml -> /Drone_Sim/ros_ws/install/px4_microxrce_nav/share/px4_microxrce_nav
[1.284s] Invoked command in '/Drone_Sim/ros_ws/build/px4_microxrce_nav' returned '0': AMENT_PREFIX_PATH=/Drone_Sim/ros_ws/install/px4_msgs:${AMENT_PREFIX_PATH} CMAKE_PREFIX_PATH=/Drone_Sim/ros_ws/install/px4_msgs LD_LIBRARY_PATH=/Drone_Sim/ros_ws/install/px4_msgs/lib:${LD_LIBRARY_PATH} PYTHONPATH=/Drone_Sim/ros_ws/build/px4_microxrce_nav/prefix_override:/usr/lib/python3/dist-packages/colcon_core/task/python/colcon_distutils_commands:/Drone_Sim/ros_ws/install/px4_microxrce_nav/lib/python3.10/site-packages:/Drone_Sim/ros_ws/install/px4_msgs/local/lib/python3.10/dist-packages:${PYTHONPATH} /usr/bin/python3 -W ignore:setup.py install is deprecated -W ignore:easy_install command is deprecated setup.py develop --editable --build-directory /Drone_Sim/ros_ws/build/px4_microxrce_nav/build --no-deps symlink_data
