[0.678s] DEBUG:colcon:Command line arguments: ['/usr/bin/colcon', 'build', '--symlink-install']
[0.678s] DEBUG:colcon:Parsed command line arguments: Namespace(log_base=None, log_level=None, verb_name='build', build_base='build', install_base='install', merge_install=False, symlink_install=True, test_result_base=None, continue_on_error=False, executor='parallel', parallel_workers=8, event_handlers=None, ignore_user_meta=False, metas=['./colcon.meta'], base_paths=['.'], packages_ignore=None, packages_ignore_regex=None, paths=None, packages_up_to=None, packages_up_to_regex=None, packages_above=None, packages_above_and_dependencies=None, packages_above_depth=None, packages_select_by_dep=None, packages_skip_by_dep=None, packages_skip_up_to=None, packages_select_build_failed=False, packages_skip_build_finished=False, packages_select_test_failures=False, packages_skip_test_passed=False, packages_select=None, packages_skip=None, packages_select_regex=None, packages_skip_regex=None, packages_start=None, packages_end=None, cmake_args=None, cmake_target=None, cmake_target_skip_unavailable=False, cmake_clean_cache=False, cmake_clean_first=False, cmake_force_configure=False, ament_cmake_args=None, catkin_cmake_args=None, catkin_skip_building_tests=False, mixin_files=None, mixin=None, verb_parser=<colcon_mixin.mixin.mixin_argument.MixinArgumentDecorator object at 0x716a47709870>, verb_extension=<colcon_core.verb.build.BuildVerb object at 0x716a4781a740>, main=<bound method BuildVerb.main of <colcon_core.verb.build.BuildVerb object at 0x716a4781a740>>, mixin_verb=('build',))
[9.945s] Level 1:colcon.colcon_core.package_discovery:discover_packages(colcon_meta) check parameters
[9.945s] Level 1:colcon.colcon_core.package_discovery:discover_packages(recursive) check parameters
[9.945s] Level 1:colcon.colcon_core.package_discovery:discover_packages(ignore) check parameters
[9.946s] Level 1:colcon.colcon_core.package_discovery:discover_packages(path) check parameters
[9.946s] Level 1:colcon.colcon_core.package_discovery:discover_packages(colcon_meta) discover
[9.946s] Level 1:colcon.colcon_core.package_discovery:discover_packages(recursive) discover
[9.946s] INFO:colcon.colcon_core.package_discovery:Crawling recursively for packages in '/Drone_Sim/ros_ws'
[9.946s] Level 1:colcon.colcon_core.package_identification:_identify(.) by extensions ['ignore', 'ignore_ament_install']
[9.946s] Level 1:colcon.colcon_core.package_identification:_identify(.) by extension 'ignore'
[9.946s] Level 1:colcon.colcon_core.package_identification:_identify(.) by extension 'ignore_ament_install'
[9.946s] Level 1:colcon.colcon_core.package_identification:_identify(.) by extensions ['colcon_pkg']
[9.946s] Level 1:colcon.colcon_core.package_identification:_identify(.) by extension 'colcon_pkg'
[9.946s] Level 1:colcon.colcon_core.package_identification:_identify(.) by extensions ['colcon_meta']
[9.946s] Level 1:colcon.colcon_core.package_identification:_identify(.) by extension 'colcon_meta'
[9.946s] Level 1:colcon.colcon_core.package_identification:_identify(.) by extensions ['ros']
[9.946s] Level 1:colcon.colcon_core.package_identification:_identify(.) by extension 'ros'
[10.072s] Level 1:colcon.colcon_core.package_identification:_identify(.) by extensions ['cmake', 'python']
[10.072s] Level 1:colcon.colcon_core.package_identification:_identify(.) by extension 'cmake'
[10.072s] Level 1:colcon.colcon_core.package_identification:_identify(.) by extension 'python'
[10.072s] Level 1:colcon.colcon_core.package_identification:_identify(.) by extensions ['python_setup_py']
[10.073s] Level 1:colcon.colcon_core.package_identification:_identify(.) by extension 'python_setup_py'
[10.073s] Level 1:colcon.colcon_core.package_identification:_identify(build) by extensions ['ignore', 'ignore_ament_install']
[10.073s] Level 1:colcon.colcon_core.package_identification:_identify(build) by extension 'ignore'
[10.073s] Level 1:colcon.colcon_core.package_identification:_identify(build) ignored
[10.073s] Level 1:colcon.colcon_core.package_identification:_identify(install) by extensions ['ignore', 'ignore_ament_install']
[10.073s] Level 1:colcon.colcon_core.package_identification:_identify(install) by extension 'ignore'
[10.073s] Level 1:colcon.colcon_core.package_identification:_identify(install) ignored
[10.073s] Level 1:colcon.colcon_core.package_identification:_identify(log) by extensions ['ignore', 'ignore_ament_install']
[10.073s] Level 1:colcon.colcon_core.package_identification:_identify(log) by extension 'ignore'
[10.073s] Level 1:colcon.colcon_core.package_identification:_identify(log) ignored
[10.073s] Level 1:colcon.colcon_core.package_identification:_identify(src) by extensions ['ignore', 'ignore_ament_install']
[10.073s] Level 1:colcon.colcon_core.package_identification:_identify(src) by extension 'ignore'
[10.073s] Level 1:colcon.colcon_core.package_identification:_identify(src) by extension 'ignore_ament_install'
[10.073s] Level 1:colcon.colcon_core.package_identification:_identify(src) by extensions ['colcon_pkg']
[10.073s] Level 1:colcon.colcon_core.package_identification:_identify(src) by extension 'colcon_pkg'
[10.073s] Level 1:colcon.colcon_core.package_identification:_identify(src) by extensions ['colcon_meta']
[10.073s] Level 1:colcon.colcon_core.package_identification:_identify(src) by extension 'colcon_meta'
[10.073s] Level 1:colcon.colcon_core.package_identification:_identify(src) by extensions ['ros']
[10.073s] Level 1:colcon.colcon_core.package_identification:_identify(src) by extension 'ros'
[10.073s] Level 1:colcon.colcon_core.package_identification:_identify(src) by extensions ['cmake', 'python']
[10.073s] Level 1:colcon.colcon_core.package_identification:_identify(src) by extension 'cmake'
[10.073s] Level 1:colcon.colcon_core.package_identification:_identify(src) by extension 'python'
[10.073s] Level 1:colcon.colcon_core.package_identification:_identify(src) by extensions ['python_setup_py']
[10.073s] Level 1:colcon.colcon_core.package_identification:_identify(src) by extension 'python_setup_py'
[10.073s] Level 1:colcon.colcon_core.package_identification:_identify(src/ROS2_PX4_Offboard_Example) by extensions ['ignore', 'ignore_ament_install']
[10.073s] Level 1:colcon.colcon_core.package_identification:_identify(src/ROS2_PX4_Offboard_Example) by extension 'ignore'
[10.073s] Level 1:colcon.colcon_core.package_identification:_identify(src/ROS2_PX4_Offboard_Example) by extension 'ignore_ament_install'
[10.073s] Level 1:colcon.colcon_core.package_identification:_identify(src/ROS2_PX4_Offboard_Example) by extensions ['colcon_pkg']
[10.074s] Level 1:colcon.colcon_core.package_identification:_identify(src/ROS2_PX4_Offboard_Example) by extension 'colcon_pkg'
[10.074s] Level 1:colcon.colcon_core.package_identification:_identify(src/ROS2_PX4_Offboard_Example) by extensions ['colcon_meta']
[10.074s] Level 1:colcon.colcon_core.package_identification:_identify(src/ROS2_PX4_Offboard_Example) by extension 'colcon_meta'
[10.074s] Level 1:colcon.colcon_core.package_identification:_identify(src/ROS2_PX4_Offboard_Example) by extensions ['ros']
[10.074s] Level 1:colcon.colcon_core.package_identification:_identify(src/ROS2_PX4_Offboard_Example) by extension 'ros'
[10.074s] Level 1:colcon.colcon_core.package_identification:_identify(src/ROS2_PX4_Offboard_Example) by extensions ['cmake', 'python']
[10.074s] Level 1:colcon.colcon_core.package_identification:_identify(src/ROS2_PX4_Offboard_Example) by extension 'cmake'
[10.074s] Level 1:colcon.colcon_core.package_identification:_identify(src/ROS2_PX4_Offboard_Example) by extension 'python'
[10.074s] Level 1:colcon.colcon_core.package_identification:_identify(src/ROS2_PX4_Offboard_Example) by extensions ['python_setup_py']
[10.074s] Level 1:colcon.colcon_core.package_identification:_identify(src/ROS2_PX4_Offboard_Example) by extension 'python_setup_py'
[10.074s] Level 1:colcon.colcon_core.package_identification:_identify(src/ROS2_PX4_Offboard_Example/px4_offboard) by extensions ['ignore', 'ignore_ament_install']
[10.074s] Level 1:colcon.colcon_core.package_identification:_identify(src/ROS2_PX4_Offboard_Example/px4_offboard) by extension 'ignore'
[10.074s] Level 1:colcon.colcon_core.package_identification:_identify(src/ROS2_PX4_Offboard_Example/px4_offboard) by extension 'ignore_ament_install'
[10.074s] Level 1:colcon.colcon_core.package_identification:_identify(src/ROS2_PX4_Offboard_Example/px4_offboard) by extensions ['colcon_pkg']
[10.074s] Level 1:colcon.colcon_core.package_identification:_identify(src/ROS2_PX4_Offboard_Example/px4_offboard) by extension 'colcon_pkg'
[10.074s] Level 1:colcon.colcon_core.package_identification:_identify(src/ROS2_PX4_Offboard_Example/px4_offboard) by extensions ['colcon_meta']
[10.074s] Level 1:colcon.colcon_core.package_identification:_identify(src/ROS2_PX4_Offboard_Example/px4_offboard) by extension 'colcon_meta'
[10.074s] Level 1:colcon.colcon_core.package_identification:_identify(src/ROS2_PX4_Offboard_Example/px4_offboard) by extensions ['ros']
[10.074s] Level 1:colcon.colcon_core.package_identification:_identify(src/ROS2_PX4_Offboard_Example/px4_offboard) by extension 'ros'
[10.088s] DEBUG:colcon.colcon_core.package_identification:Package 'src/ROS2_PX4_Offboard_Example/px4_offboard' with type 'ros.ament_python' and name 'px4_offboard'
[10.124s] Level 1:colcon.colcon_core.package_identification:_identify(src/px4_msgs) by extensions ['ignore', 'ignore_ament_install']
[10.124s] Level 1:colcon.colcon_core.package_identification:_identify(src/px4_msgs) by extension 'ignore'
[10.124s] Level 1:colcon.colcon_core.package_identification:_identify(src/px4_msgs) by extension 'ignore_ament_install'
[10.124s] Level 1:colcon.colcon_core.package_identification:_identify(src/px4_msgs) by extensions ['colcon_pkg']
[10.124s] Level 1:colcon.colcon_core.package_identification:_identify(src/px4_msgs) by extension 'colcon_pkg'
[10.124s] Level 1:colcon.colcon_core.package_identification:_identify(src/px4_msgs) by extensions ['colcon_meta']
[10.124s] Level 1:colcon.colcon_core.package_identification:_identify(src/px4_msgs) by extension 'colcon_meta'
[10.124s] Level 1:colcon.colcon_core.package_identification:_identify(src/px4_msgs) by extensions ['ros']
[10.124s] Level 1:colcon.colcon_core.package_identification:_identify(src/px4_msgs) by extension 'ros'
[10.146s] DEBUG:colcon.colcon_core.package_identification:Package 'src/px4_msgs' with type 'ros.ament_cmake' and name 'px4_msgs'
[10.223s] Level 1:colcon.colcon_core.package_identification:_identify(src/px4_ros_com) by extensions ['ignore', 'ignore_ament_install']
[10.223s] Level 1:colcon.colcon_core.package_identification:_identify(src/px4_ros_com) by extension 'ignore'
[10.223s] Level 1:colcon.colcon_core.package_identification:_identify(src/px4_ros_com) by extension 'ignore_ament_install'
[10.223s] Level 1:colcon.colcon_core.package_identification:_identify(src/px4_ros_com) by extensions ['colcon_pkg']
[10.223s] Level 1:colcon.colcon_core.package_identification:_identify(src/px4_ros_com) by extension 'colcon_pkg'
[10.223s] Level 1:colcon.colcon_core.package_identification:_identify(src/px4_ros_com) by extensions ['colcon_meta']
[10.223s] Level 1:colcon.colcon_core.package_identification:_identify(src/px4_ros_com) by extension 'colcon_meta'
[10.223s] Level 1:colcon.colcon_core.package_identification:_identify(src/px4_ros_com) by extensions ['ros']
[10.223s] Level 1:colcon.colcon_core.package_identification:_identify(src/px4_ros_com) by extension 'ros'
[10.225s] DEBUG:colcon.colcon_core.package_identification:Package 'src/px4_ros_com' with type 'ros.ament_cmake' and name 'px4_ros_com'
[10.225s] Level 1:colcon.colcon_core.package_discovery:discover_packages(recursive) using defaults
[10.225s] Level 1:colcon.colcon_core.package_discovery:discover_packages(ignore) discover
[10.225s] Level 1:colcon.colcon_core.package_discovery:discover_packages(ignore) using defaults
[10.225s] Level 1:colcon.colcon_core.package_discovery:discover_packages(path) discover
[10.225s] Level 1:colcon.colcon_core.package_discovery:discover_packages(path) using defaults
[10.513s] Level 5:colcon.colcon_core.verb:set package 'px4_msgs' build argument 'cmake_args' from command line to 'None'
[10.513s] Level 5:colcon.colcon_core.verb:set package 'px4_msgs' build argument 'cmake_target' from command line to 'None'
[10.513s] Level 5:colcon.colcon_core.verb:set package 'px4_msgs' build argument 'cmake_target_skip_unavailable' from command line to 'False'
[10.513s] Level 5:colcon.colcon_core.verb:set package 'px4_msgs' build argument 'cmake_clean_cache' from command line to 'False'
[10.513s] Level 5:colcon.colcon_core.verb:set package 'px4_msgs' build argument 'cmake_clean_first' from command line to 'False'
[10.513s] Level 5:colcon.colcon_core.verb:set package 'px4_msgs' build argument 'cmake_force_configure' from command line to 'False'
[10.513s] Level 5:colcon.colcon_core.verb:set package 'px4_msgs' build argument 'ament_cmake_args' from command line to 'None'
[10.513s] Level 5:colcon.colcon_core.verb:set package 'px4_msgs' build argument 'catkin_cmake_args' from command line to 'None'
[10.513s] Level 5:colcon.colcon_core.verb:set package 'px4_msgs' build argument 'catkin_skip_building_tests' from command line to 'False'
[10.513s] DEBUG:colcon.colcon_core.verb:Building package 'px4_msgs' with the following arguments: {'ament_cmake_args': None, 'build_base': '/Drone_Sim/ros_ws/build/px4_msgs', 'catkin_cmake_args': None, 'catkin_skip_building_tests': False, 'cmake_args': None, 'cmake_clean_cache': False, 'cmake_clean_first': False, 'cmake_force_configure': False, 'cmake_target': None, 'cmake_target_skip_unavailable': False, 'install_base': '/Drone_Sim/ros_ws/install/px4_msgs', 'merge_install': False, 'path': '/Drone_Sim/ros_ws/src/px4_msgs', 'symlink_install': True, 'test_result_base': None}
[10.513s] Level 5:colcon.colcon_core.verb:set package 'px4_offboard' build argument 'cmake_args' from command line to 'None'
[10.513s] Level 5:colcon.colcon_core.verb:set package 'px4_offboard' build argument 'cmake_target' from command line to 'None'
[10.513s] Level 5:colcon.colcon_core.verb:set package 'px4_offboard' build argument 'cmake_target_skip_unavailable' from command line to 'False'
[10.513s] Level 5:colcon.colcon_core.verb:set package 'px4_offboard' build argument 'cmake_clean_cache' from command line to 'False'
[10.513s] Level 5:colcon.colcon_core.verb:set package 'px4_offboard' build argument 'cmake_clean_first' from command line to 'False'
[10.513s] Level 5:colcon.colcon_core.verb:set package 'px4_offboard' build argument 'cmake_force_configure' from command line to 'False'
[10.513s] Level 5:colcon.colcon_core.verb:set package 'px4_offboard' build argument 'ament_cmake_args' from command line to 'None'
[10.513s] Level 5:colcon.colcon_core.verb:set package 'px4_offboard' build argument 'catkin_cmake_args' from command line to 'None'
[10.513s] Level 5:colcon.colcon_core.verb:set package 'px4_offboard' build argument 'catkin_skip_building_tests' from command line to 'False'
[10.513s] DEBUG:colcon.colcon_core.verb:Building package 'px4_offboard' with the following arguments: {'ament_cmake_args': None, 'build_base': '/Drone_Sim/ros_ws/build/px4_offboard', 'catkin_cmake_args': None, 'catkin_skip_building_tests': False, 'cmake_args': None, 'cmake_clean_cache': False, 'cmake_clean_first': False, 'cmake_force_configure': False, 'cmake_target': None, 'cmake_target_skip_unavailable': False, 'install_base': '/Drone_Sim/ros_ws/install/px4_offboard', 'merge_install': False, 'path': '/Drone_Sim/ros_ws/src/ROS2_PX4_Offboard_Example/px4_offboard', 'symlink_install': True, 'test_result_base': None}
[10.513s] Level 5:colcon.colcon_core.verb:set package 'px4_ros_com' build argument 'cmake_args' from command line to 'None'
[10.514s] Level 5:colcon.colcon_core.verb:set package 'px4_ros_com' build argument 'cmake_target' from command line to 'None'
[10.514s] Level 5:colcon.colcon_core.verb:set package 'px4_ros_com' build argument 'cmake_target_skip_unavailable' from command line to 'False'
[10.514s] Level 5:colcon.colcon_core.verb:set package 'px4_ros_com' build argument 'cmake_clean_cache' from command line to 'False'
[10.514s] Level 5:colcon.colcon_core.verb:set package 'px4_ros_com' build argument 'cmake_clean_first' from command line to 'False'
[10.514s] Level 5:colcon.colcon_core.verb:set package 'px4_ros_com' build argument 'cmake_force_configure' from command line to 'False'
[10.514s] Level 5:colcon.colcon_core.verb:set package 'px4_ros_com' build argument 'ament_cmake_args' from command line to 'None'
[10.514s] Level 5:colcon.colcon_core.verb:set package 'px4_ros_com' build argument 'catkin_cmake_args' from command line to 'None'
[10.514s] Level 5:colcon.colcon_core.verb:set package 'px4_ros_com' build argument 'catkin_skip_building_tests' from command line to 'False'
[10.514s] DEBUG:colcon.colcon_core.verb:Building package 'px4_ros_com' with the following arguments: {'ament_cmake_args': None, 'build_base': '/Drone_Sim/ros_ws/build/px4_ros_com', 'catkin_cmake_args': None, 'catkin_skip_building_tests': False, 'cmake_args': None, 'cmake_clean_cache': False, 'cmake_clean_first': False, 'cmake_force_configure': False, 'cmake_target': None, 'cmake_target_skip_unavailable': False, 'install_base': '/Drone_Sim/ros_ws/install/px4_ros_com', 'merge_install': False, 'path': '/Drone_Sim/ros_ws/src/px4_ros_com', 'symlink_install': True, 'test_result_base': None}
[10.514s] INFO:colcon.colcon_core.executor:Executing jobs using 'parallel' executor
[10.514s] DEBUG:colcon.colcon_parallel_executor.executor.parallel:run_until_complete
[10.514s] INFO:colcon.colcon_ros.task.ament_cmake.build:Building ROS package in '/Drone_Sim/ros_ws/src/px4_msgs' with build type 'ament_cmake'
[10.515s] INFO:colcon.colcon_cmake.task.cmake.build:Building CMake package in '/Drone_Sim/ros_ws/src/px4_msgs'
[10.596s] INFO:colcon.colcon_core.plugin_system:Skipping extension 'colcon_core.shell.bat': Not used on non-Windows systems
[10.596s] INFO:colcon.colcon_core.shell:Skip shell extension 'powershell' for command environment: Not usable outside of PowerShell
[10.596s] DEBUG:colcon.colcon_core.shell:Skip shell extension 'dsv' for command environment
[10.698s] DEBUG:colcon.colcon_core.event_handler.log_command:Invoking command in '/Drone_Sim/ros_ws/build/px4_msgs': CMAKE_PREFIX_PATH=/opt/ros/humble /usr/bin/cmake --build /Drone_Sim/ros_ws/build/px4_msgs -- -j8 -l8
[14.119s] DEBUG:colcon.colcon_core.event_handler.log_command:Invoked command in '/Drone_Sim/ros_ws/build/px4_msgs' returned '0': CMAKE_PREFIX_PATH=/opt/ros/humble /usr/bin/cmake --build /Drone_Sim/ros_ws/build/px4_msgs -- -j8 -l8
[14.167s] DEBUG:colcon.colcon_core.event_handler.log_command:Invoking command in '/Drone_Sim/ros_ws/build/px4_msgs': CMAKE_PREFIX_PATH=/opt/ros/humble /usr/bin/cmake --install /Drone_Sim/ros_ws/build/px4_msgs
[15.373s] Level 1:colcon.colcon_core.environment:create_environment_scripts_only(px4_msgs)
[15.374s] DEBUG:colcon.colcon_core.event_handler.log_command:Invoked command in '/Drone_Sim/ros_ws/build/px4_msgs' returned '0': CMAKE_PREFIX_PATH=/opt/ros/humble /usr/bin/cmake --install /Drone_Sim/ros_ws/build/px4_msgs
[15.601s] Level 1:colcon.colcon_core.environment:checking '/Drone_Sim/ros_ws/install/px4_msgs' for CMake module files
[15.602s] Level 1:colcon.colcon_core.environment:checking '/Drone_Sim/ros_ws/install/px4_msgs' for CMake config files
[15.854s] Level 1:colcon.colcon_core.shell:create_environment_hook('px4_msgs', 'cmake_prefix_path')
[15.855s] INFO:colcon.colcon_core.shell:Creating environment hook '/Drone_Sim/ros_ws/install/px4_msgs/share/px4_msgs/hook/cmake_prefix_path.ps1'
[15.869s] INFO:colcon.colcon_core.shell:Creating environment descriptor '/Drone_Sim/ros_ws/install/px4_msgs/share/px4_msgs/hook/cmake_prefix_path.dsv'
[15.880s] INFO:colcon.colcon_core.shell:Creating environment hook '/Drone_Sim/ros_ws/install/px4_msgs/share/px4_msgs/hook/cmake_prefix_path.sh'
[15.881s] Level 1:colcon.colcon_core.environment:checking '/Drone_Sim/ros_ws/install/px4_msgs/lib'
[15.881s] Level 1:colcon.colcon_core.shell:create_environment_hook('px4_msgs', 'ld_library_path_lib')
[15.881s] INFO:colcon.colcon_core.shell:Creating environment hook '/Drone_Sim/ros_ws/install/px4_msgs/share/px4_msgs/hook/ld_library_path_lib.ps1'
[15.881s] INFO:colcon.colcon_core.shell:Creating environment descriptor '/Drone_Sim/ros_ws/install/px4_msgs/share/px4_msgs/hook/ld_library_path_lib.dsv'
[15.881s] INFO:colcon.colcon_core.shell:Creating environment hook '/Drone_Sim/ros_ws/install/px4_msgs/share/px4_msgs/hook/ld_library_path_lib.sh'
[15.882s] Level 1:colcon.colcon_core.environment:checking '/Drone_Sim/ros_ws/install/px4_msgs/bin'
[15.882s] Level 1:colcon.colcon_core.environment:checking '/Drone_Sim/ros_ws/install/px4_msgs/lib/pkgconfig/px4_msgs.pc'
[15.893s] Level 1:colcon.colcon_core.environment:checking '/Drone_Sim/ros_ws/install/px4_msgs/lib/python3.10/site-packages'
[15.893s] Level 1:colcon.colcon_core.environment:checking '/Drone_Sim/ros_ws/install/px4_msgs/bin'
[15.893s] INFO:colcon.colcon_core.shell:Creating package script '/Drone_Sim/ros_ws/install/px4_msgs/share/px4_msgs/package.ps1'
[15.894s] INFO:colcon.colcon_core.shell:Creating package descriptor '/Drone_Sim/ros_ws/install/px4_msgs/share/px4_msgs/package.dsv'
[15.902s] INFO:colcon.colcon_core.shell:Creating package script '/Drone_Sim/ros_ws/install/px4_msgs/share/px4_msgs/package.sh'
[15.903s] INFO:colcon.colcon_core.shell:Creating package script '/Drone_Sim/ros_ws/install/px4_msgs/share/px4_msgs/package.bash'
[15.911s] INFO:colcon.colcon_core.shell:Creating package script '/Drone_Sim/ros_ws/install/px4_msgs/share/px4_msgs/package.zsh'
[15.914s] Level 1:colcon.colcon_core.environment:create_file_with_runtime_dependencies(/Drone_Sim/ros_ws/install/px4_msgs/share/colcon-core/packages/px4_msgs)
[15.914s] Level 1:colcon.colcon_core.environment:create_environment_scripts_only(px4_msgs)
[15.914s] Level 1:colcon.colcon_core.environment:checking '/Drone_Sim/ros_ws/install/px4_msgs' for CMake module files
[15.915s] Level 1:colcon.colcon_core.environment:checking '/Drone_Sim/ros_ws/install/px4_msgs' for CMake config files
[15.925s] Level 1:colcon.colcon_core.shell:create_environment_hook('px4_msgs', 'cmake_prefix_path')
[15.925s] INFO:colcon.colcon_core.shell:Creating environment hook '/Drone_Sim/ros_ws/install/px4_msgs/share/px4_msgs/hook/cmake_prefix_path.ps1'
[15.926s] INFO:colcon.colcon_core.shell:Creating environment descriptor '/Drone_Sim/ros_ws/install/px4_msgs/share/px4_msgs/hook/cmake_prefix_path.dsv'
[15.926s] INFO:colcon.colcon_core.shell:Creating environment hook '/Drone_Sim/ros_ws/install/px4_msgs/share/px4_msgs/hook/cmake_prefix_path.sh'
[15.927s] Level 1:colcon.colcon_core.environment:checking '/Drone_Sim/ros_ws/install/px4_msgs/lib'
[15.927s] Level 1:colcon.colcon_core.shell:create_environment_hook('px4_msgs', 'ld_library_path_lib')
[15.927s] INFO:colcon.colcon_core.shell:Creating environment hook '/Drone_Sim/ros_ws/install/px4_msgs/share/px4_msgs/hook/ld_library_path_lib.ps1'
[15.927s] INFO:colcon.colcon_core.shell:Creating environment descriptor '/Drone_Sim/ros_ws/install/px4_msgs/share/px4_msgs/hook/ld_library_path_lib.dsv'
[15.927s] INFO:colcon.colcon_core.shell:Creating environment hook '/Drone_Sim/ros_ws/install/px4_msgs/share/px4_msgs/hook/ld_library_path_lib.sh'
[15.928s] Level 1:colcon.colcon_core.environment:checking '/Drone_Sim/ros_ws/install/px4_msgs/bin'
[15.928s] Level 1:colcon.colcon_core.environment:checking '/Drone_Sim/ros_ws/install/px4_msgs/lib/pkgconfig/px4_msgs.pc'
[15.928s] Level 1:colcon.colcon_core.environment:checking '/Drone_Sim/ros_ws/install/px4_msgs/lib/python3.10/site-packages'
[15.928s] Level 1:colcon.colcon_core.environment:checking '/Drone_Sim/ros_ws/install/px4_msgs/bin'
[15.928s] INFO:colcon.colcon_core.shell:Creating package script '/Drone_Sim/ros_ws/install/px4_msgs/share/px4_msgs/package.ps1'
[15.929s] INFO:colcon.colcon_core.shell:Creating package descriptor '/Drone_Sim/ros_ws/install/px4_msgs/share/px4_msgs/package.dsv'
[15.929s] INFO:colcon.colcon_core.shell:Creating package script '/Drone_Sim/ros_ws/install/px4_msgs/share/px4_msgs/package.sh'
[15.929s] INFO:colcon.colcon_core.shell:Creating package script '/Drone_Sim/ros_ws/install/px4_msgs/share/px4_msgs/package.bash'
[15.930s] INFO:colcon.colcon_core.shell:Creating package script '/Drone_Sim/ros_ws/install/px4_msgs/share/px4_msgs/package.zsh'
[15.930s] Level 1:colcon.colcon_core.environment:create_file_with_runtime_dependencies(/Drone_Sim/ros_ws/install/px4_msgs/share/colcon-core/packages/px4_msgs)
[15.930s] INFO:colcon.colcon_ros.task.ament_python.build:Building ROS package in '/Drone_Sim/ros_ws/src/ROS2_PX4_Offboard_Example/px4_offboard' with build type 'ament_python'
[15.930s] Level 1:colcon.colcon_core.shell:create_environment_hook('px4_offboard', 'ament_prefix_path')
[15.930s] INFO:colcon.colcon_core.shell:Creating environment hook '/Drone_Sim/ros_ws/install/px4_offboard/share/px4_offboard/hook/ament_prefix_path.ps1'
[15.931s] INFO:colcon.colcon_core.shell:Creating environment descriptor '/Drone_Sim/ros_ws/install/px4_offboard/share/px4_offboard/hook/ament_prefix_path.dsv'
[15.931s] INFO:colcon.colcon_core.shell:Creating environment hook '/Drone_Sim/ros_ws/install/px4_offboard/share/px4_offboard/hook/ament_prefix_path.sh'
[15.931s] INFO:colcon.colcon_core.shell:Skip shell extension 'powershell' for command environment: Not usable outside of PowerShell
[15.931s] DEBUG:colcon.colcon_core.shell:Skip shell extension 'dsv' for command environment
[15.934s] INFO:colcon.colcon_ros.task.ament_cmake.build:Building ROS package in '/Drone_Sim/ros_ws/src/px4_ros_com' with build type 'ament_cmake'
[15.934s] INFO:colcon.colcon_cmake.task.cmake.build:Building CMake package in '/Drone_Sim/ros_ws/src/px4_ros_com'
[15.934s] INFO:colcon.colcon_core.shell:Skip shell extension 'powershell' for command environment: Not usable outside of PowerShell
[15.934s] DEBUG:colcon.colcon_core.shell:Skip shell extension 'dsv' for command environment
[16.103s] DEBUG:colcon.colcon_core.event_handler.log_command:Invoking command in '/Drone_Sim/ros_ws/build/px4_ros_com': AMENT_PREFIX_PATH=/Drone_Sim/ros_ws/install/px4_msgs:${AMENT_PREFIX_PATH} CMAKE_PREFIX_PATH=/Drone_Sim/ros_ws/install/px4_msgs:/opt/ros/humble LD_LIBRARY_PATH=/Drone_Sim/ros_ws/install/px4_msgs/lib:${LD_LIBRARY_PATH} PYTHONPATH=/Drone_Sim/ros_ws/install/px4_msgs/local/lib/python3.10/dist-packages:${PYTHONPATH} /usr/bin/cmake --build /Drone_Sim/ros_ws/build/px4_ros_com -- -j8 -l8
[16.299s] INFO:colcon.colcon_core.task.python.build:Building Python package in '/Drone_Sim/ros_ws/src/ROS2_PX4_Offboard_Example/px4_offboard'
[16.299s] INFO:colcon.colcon_core.shell:Skip shell extension 'powershell' for command environment: Not usable outside of PowerShell
[16.299s] DEBUG:colcon.colcon_core.shell:Skip shell extension 'dsv' for command environment
[16.947s] DEBUG:colcon.colcon_core.event_handler.log_command:Invoked command in '/Drone_Sim/ros_ws/build/px4_ros_com' returned '0': AMENT_PREFIX_PATH=/Drone_Sim/ros_ws/install/px4_msgs:${AMENT_PREFIX_PATH} CMAKE_PREFIX_PATH=/Drone_Sim/ros_ws/install/px4_msgs:/opt/ros/humble LD_LIBRARY_PATH=/Drone_Sim/ros_ws/install/px4_msgs/lib:${LD_LIBRARY_PATH} PYTHONPATH=/Drone_Sim/ros_ws/install/px4_msgs/local/lib/python3.10/dist-packages:${PYTHONPATH} /usr/bin/cmake --build /Drone_Sim/ros_ws/build/px4_ros_com -- -j8 -l8
[16.949s] DEBUG:colcon.colcon_core.event_handler.log_command:Invoking command in '/Drone_Sim/ros_ws/build/px4_ros_com': AMENT_PREFIX_PATH=/Drone_Sim/ros_ws/install/px4_msgs:${AMENT_PREFIX_PATH} CMAKE_PREFIX_PATH=/Drone_Sim/ros_ws/install/px4_msgs:/opt/ros/humble LD_LIBRARY_PATH=/Drone_Sim/ros_ws/install/px4_msgs/lib:${LD_LIBRARY_PATH} PYTHONPATH=/Drone_Sim/ros_ws/install/px4_msgs/local/lib/python3.10/dist-packages:${PYTHONPATH} /usr/bin/cmake --install /Drone_Sim/ros_ws/build/px4_ros_com
[17.053s] Level 1:colcon.colcon_core.environment:create_environment_scripts_only(px4_ros_com)
[17.053s] Level 1:colcon.colcon_core.environment:checking '/Drone_Sim/ros_ws/install/px4_ros_com' for CMake module files
[17.054s] DEBUG:colcon.colcon_core.event_handler.log_command:Invoked command in '/Drone_Sim/ros_ws/build/px4_ros_com' returned '0': AMENT_PREFIX_PATH=/Drone_Sim/ros_ws/install/px4_msgs:${AMENT_PREFIX_PATH} CMAKE_PREFIX_PATH=/Drone_Sim/ros_ws/install/px4_msgs:/opt/ros/humble LD_LIBRARY_PATH=/Drone_Sim/ros_ws/install/px4_msgs/lib:${LD_LIBRARY_PATH} PYTHONPATH=/Drone_Sim/ros_ws/install/px4_msgs/local/lib/python3.10/dist-packages:${PYTHONPATH} /usr/bin/cmake --install /Drone_Sim/ros_ws/build/px4_ros_com
[17.054s] Level 1:colcon.colcon_core.environment:checking '/Drone_Sim/ros_ws/install/px4_ros_com' for CMake config files
[17.072s] Level 1:colcon.colcon_core.shell:create_environment_hook('px4_ros_com', 'cmake_prefix_path')
[17.072s] INFO:colcon.colcon_core.shell:Creating environment hook '/Drone_Sim/ros_ws/install/px4_ros_com/share/px4_ros_com/hook/cmake_prefix_path.ps1'
[17.073s] INFO:colcon.colcon_core.shell:Creating environment descriptor '/Drone_Sim/ros_ws/install/px4_ros_com/share/px4_ros_com/hook/cmake_prefix_path.dsv'
[17.073s] INFO:colcon.colcon_core.shell:Creating environment hook '/Drone_Sim/ros_ws/install/px4_ros_com/share/px4_ros_com/hook/cmake_prefix_path.sh'
[17.073s] Level 1:colcon.colcon_core.environment:checking '/Drone_Sim/ros_ws/install/px4_ros_com/lib'
[17.073s] Level 1:colcon.colcon_core.shell:create_environment_hook('px4_ros_com', 'ld_library_path_lib')
[17.074s] INFO:colcon.colcon_core.shell:Creating environment hook '/Drone_Sim/ros_ws/install/px4_ros_com/share/px4_ros_com/hook/ld_library_path_lib.ps1'
[17.074s] INFO:colcon.colcon_core.shell:Creating environment descriptor '/Drone_Sim/ros_ws/install/px4_ros_com/share/px4_ros_com/hook/ld_library_path_lib.dsv'
[17.074s] INFO:colcon.colcon_core.shell:Creating environment hook '/Drone_Sim/ros_ws/install/px4_ros_com/share/px4_ros_com/hook/ld_library_path_lib.sh'
[17.074s] Level 1:colcon.colcon_core.environment:checking '/Drone_Sim/ros_ws/install/px4_ros_com/bin'
[17.074s] Level 1:colcon.colcon_core.environment:checking '/Drone_Sim/ros_ws/install/px4_ros_com/lib/pkgconfig/px4_ros_com.pc'
[17.075s] Level 1:colcon.colcon_core.environment:checking '/Drone_Sim/ros_ws/install/px4_ros_com/lib/python3.10/site-packages'
[17.075s] Level 1:colcon.colcon_core.environment:checking '/Drone_Sim/ros_ws/install/px4_ros_com/bin'
[17.075s] INFO:colcon.colcon_core.shell:Creating package script '/Drone_Sim/ros_ws/install/px4_ros_com/share/px4_ros_com/package.ps1'
[17.075s] INFO:colcon.colcon_core.shell:Creating package descriptor '/Drone_Sim/ros_ws/install/px4_ros_com/share/px4_ros_com/package.dsv'
[17.076s] INFO:colcon.colcon_core.shell:Creating package script '/Drone_Sim/ros_ws/install/px4_ros_com/share/px4_ros_com/package.sh'
[17.076s] INFO:colcon.colcon_core.shell:Creating package script '/Drone_Sim/ros_ws/install/px4_ros_com/share/px4_ros_com/package.bash'
[17.076s] INFO:colcon.colcon_core.shell:Creating package script '/Drone_Sim/ros_ws/install/px4_ros_com/share/px4_ros_com/package.zsh'
[17.076s] Level 1:colcon.colcon_core.environment:create_file_with_runtime_dependencies(/Drone_Sim/ros_ws/install/px4_ros_com/share/colcon-core/packages/px4_ros_com)
[17.077s] Level 1:colcon.colcon_core.environment:create_environment_scripts_only(px4_ros_com)
[17.077s] Level 1:colcon.colcon_core.environment:checking '/Drone_Sim/ros_ws/install/px4_ros_com' for CMake module files
[17.077s] Level 1:colcon.colcon_core.environment:checking '/Drone_Sim/ros_ws/install/px4_ros_com' for CMake config files
[17.077s] Level 1:colcon.colcon_core.shell:create_environment_hook('px4_ros_com', 'cmake_prefix_path')
[17.078s] INFO:colcon.colcon_core.shell:Creating environment hook '/Drone_Sim/ros_ws/install/px4_ros_com/share/px4_ros_com/hook/cmake_prefix_path.ps1'
[17.078s] INFO:colcon.colcon_core.shell:Creating environment descriptor '/Drone_Sim/ros_ws/install/px4_ros_com/share/px4_ros_com/hook/cmake_prefix_path.dsv'
[17.078s] INFO:colcon.colcon_core.shell:Creating environment hook '/Drone_Sim/ros_ws/install/px4_ros_com/share/px4_ros_com/hook/cmake_prefix_path.sh'
[17.078s] Level 1:colcon.colcon_core.environment:checking '/Drone_Sim/ros_ws/install/px4_ros_com/lib'
[17.078s] Level 1:colcon.colcon_core.shell:create_environment_hook('px4_ros_com', 'ld_library_path_lib')
[17.079s] INFO:colcon.colcon_core.shell:Creating environment hook '/Drone_Sim/ros_ws/install/px4_ros_com/share/px4_ros_com/hook/ld_library_path_lib.ps1'
[17.079s] INFO:colcon.colcon_core.shell:Creating environment descriptor '/Drone_Sim/ros_ws/install/px4_ros_com/share/px4_ros_com/hook/ld_library_path_lib.dsv'
[17.079s] INFO:colcon.colcon_core.shell:Creating environment hook '/Drone_Sim/ros_ws/install/px4_ros_com/share/px4_ros_com/hook/ld_library_path_lib.sh'
[17.079s] Level 1:colcon.colcon_core.environment:checking '/Drone_Sim/ros_ws/install/px4_ros_com/bin'
[17.079s] Level 1:colcon.colcon_core.environment:checking '/Drone_Sim/ros_ws/install/px4_ros_com/lib/pkgconfig/px4_ros_com.pc'
[17.079s] Level 1:colcon.colcon_core.environment:checking '/Drone_Sim/ros_ws/install/px4_ros_com/lib/python3.10/site-packages'
[17.080s] Level 1:colcon.colcon_core.environment:checking '/Drone_Sim/ros_ws/install/px4_ros_com/bin'
[17.080s] INFO:colcon.colcon_core.shell:Creating package script '/Drone_Sim/ros_ws/install/px4_ros_com/share/px4_ros_com/package.ps1'
[17.080s] INFO:colcon.colcon_core.shell:Creating package descriptor '/Drone_Sim/ros_ws/install/px4_ros_com/share/px4_ros_com/package.dsv'
[17.080s] INFO:colcon.colcon_core.shell:Creating package script '/Drone_Sim/ros_ws/install/px4_ros_com/share/px4_ros_com/package.sh'
[17.081s] INFO:colcon.colcon_core.shell:Creating package script '/Drone_Sim/ros_ws/install/px4_ros_com/share/px4_ros_com/package.bash'
[17.081s] INFO:colcon.colcon_core.shell:Creating package script '/Drone_Sim/ros_ws/install/px4_ros_com/share/px4_ros_com/package.zsh'
[17.081s] Level 1:colcon.colcon_core.environment:create_file_with_runtime_dependencies(/Drone_Sim/ros_ws/install/px4_ros_com/share/colcon-core/packages/px4_ros_com)
[17.360s] DEBUG:colcon.colcon_core.event_handler.log_command:Invoking command in '/Drone_Sim/ros_ws/build/px4_offboard': AMENT_PREFIX_PATH=/Drone_Sim/ros_ws/install/px4_msgs:${AMENT_PREFIX_PATH} CMAKE_PREFIX_PATH=/Drone_Sim/ros_ws/install/px4_msgs LD_LIBRARY_PATH=/Drone_Sim/ros_ws/install/px4_msgs/lib:${LD_LIBRARY_PATH} PYTHONPATH=/Drone_Sim/ros_ws/build/px4_offboard/prefix_override:/usr/lib/python3/dist-packages/colcon_core/task/python/colcon_distutils_commands:/Drone_Sim/ros_ws/install/px4_offboard/lib/python3.10/site-packages:/Drone_Sim/ros_ws/install/px4_msgs/local/lib/python3.10/dist-packages:${PYTHONPATH} /usr/bin/python3 -W ignore:setup.py install is deprecated -W ignore:easy_install command is deprecated setup.py develop --editable --build-directory /Drone_Sim/ros_ws/build/px4_offboard/build --no-deps symlink_data
[17.788s] Level 1:colcon.colcon_core.shell:create_environment_hook('px4_offboard', 'pythonpath_develop')
[17.788s] INFO:colcon.colcon_core.shell:Creating environment hook '/Drone_Sim/ros_ws/build/px4_offboard/share/px4_offboard/hook/pythonpath_develop.ps1'
[17.788s] DEBUG:colcon.colcon_core.event_handler.log_command:Invoked command in '/Drone_Sim/ros_ws/build/px4_offboard' returned '0': AMENT_PREFIX_PATH=/Drone_Sim/ros_ws/install/px4_msgs:${AMENT_PREFIX_PATH} CMAKE_PREFIX_PATH=/Drone_Sim/ros_ws/install/px4_msgs LD_LIBRARY_PATH=/Drone_Sim/ros_ws/install/px4_msgs/lib:${LD_LIBRARY_PATH} PYTHONPATH=/Drone_Sim/ros_ws/build/px4_offboard/prefix_override:/usr/lib/python3/dist-packages/colcon_core/task/python/colcon_distutils_commands:/Drone_Sim/ros_ws/install/px4_offboard/lib/python3.10/site-packages:/Drone_Sim/ros_ws/install/px4_msgs/local/lib/python3.10/dist-packages:${PYTHONPATH} /usr/bin/python3 -W ignore:setup.py install is deprecated -W ignore:easy_install command is deprecated setup.py develop --editable --build-directory /Drone_Sim/ros_ws/build/px4_offboard/build --no-deps symlink_data
[17.789s] INFO:colcon.colcon_core.shell:Creating environment descriptor '/Drone_Sim/ros_ws/build/px4_offboard/share/px4_offboard/hook/pythonpath_develop.dsv'
[17.789s] INFO:colcon.colcon_core.shell:Creating environment hook '/Drone_Sim/ros_ws/build/px4_offboard/share/px4_offboard/hook/pythonpath_develop.sh'
[17.789s] Level 1:colcon.colcon_core.environment:checking '/Drone_Sim/ros_ws/install/px4_offboard' for CMake module files
[17.790s] Level 1:colcon.colcon_core.environment:checking '/Drone_Sim/ros_ws/install/px4_offboard' for CMake config files
[17.792s] Level 1:colcon.colcon_core.environment:checking '/Drone_Sim/ros_ws/install/px4_offboard/lib'
[17.792s] Level 1:colcon.colcon_core.environment:checking '/Drone_Sim/ros_ws/install/px4_offboard/bin'
[17.792s] Level 1:colcon.colcon_core.environment:checking '/Drone_Sim/ros_ws/install/px4_offboard/lib/pkgconfig/px4_offboard.pc'
[17.792s] Level 1:colcon.colcon_core.environment:checking '/Drone_Sim/ros_ws/install/px4_offboard/lib/python3.10/site-packages'
[17.792s] Level 1:colcon.colcon_core.shell:create_environment_hook('px4_offboard', 'pythonpath')
[17.792s] INFO:colcon.colcon_core.shell:Creating environment hook '/Drone_Sim/ros_ws/install/px4_offboard/share/px4_offboard/hook/pythonpath.ps1'
[17.792s] INFO:colcon.colcon_core.shell:Creating environment descriptor '/Drone_Sim/ros_ws/install/px4_offboard/share/px4_offboard/hook/pythonpath.dsv'
[17.792s] INFO:colcon.colcon_core.shell:Creating environment hook '/Drone_Sim/ros_ws/install/px4_offboard/share/px4_offboard/hook/pythonpath.sh'
[17.793s] Level 1:colcon.colcon_core.environment:checking '/Drone_Sim/ros_ws/install/px4_offboard/bin'
[17.793s] Level 1:colcon.colcon_core.environment:create_environment_scripts_only(px4_offboard)
[17.793s] INFO:colcon.colcon_core.shell:Creating package script '/Drone_Sim/ros_ws/install/px4_offboard/share/px4_offboard/package.ps1'
[17.793s] INFO:colcon.colcon_core.shell:Creating package descriptor '/Drone_Sim/ros_ws/install/px4_offboard/share/px4_offboard/package.dsv'
[17.794s] INFO:colcon.colcon_core.shell:Creating package script '/Drone_Sim/ros_ws/install/px4_offboard/share/px4_offboard/package.sh'
[17.794s] INFO:colcon.colcon_core.shell:Creating package script '/Drone_Sim/ros_ws/install/px4_offboard/share/px4_offboard/package.bash'
[17.794s] INFO:colcon.colcon_core.shell:Creating package script '/Drone_Sim/ros_ws/install/px4_offboard/share/px4_offboard/package.zsh'
[17.794s] Level 1:colcon.colcon_core.environment:create_file_with_runtime_dependencies(/Drone_Sim/ros_ws/install/px4_offboard/share/colcon-core/packages/px4_offboard)
[17.795s] DEBUG:colcon.colcon_parallel_executor.executor.parallel:closing loop
[17.795s] DEBUG:colcon.colcon_parallel_executor.executor.parallel:loop closed
[17.795s] DEBUG:colcon.colcon_parallel_executor.executor.parallel:run_until_complete finished with '0'
[17.795s] DEBUG:colcon.colcon_core.event_reactor:joining thread
[17.925s] INFO:colcon.colcon_core.plugin_system:Skipping extension 'colcon_notification.desktop_notification.notify_send': Could not find 'notify-send'
[17.926s] INFO:colcon.colcon_core.plugin_system:Skipping extension 'colcon_notification.desktop_notification.terminal_notifier': Not used on non-Darwin systems
[17.926s] INFO:colcon.colcon_core.plugin_system:Skipping extension 'colcon_notification.desktop_notification.win32': Not used on non-Windows systems
[17.926s] INFO:colcon.colcon_notification.desktop_notification:Sending desktop notification using 'notify2'
[17.934s] DEBUG:colcon.colcon_notification.desktop_notification.notify2:Failed to initialize notify2: org.freedesktop.DBus.Error.ServiceUnknown: The name org.freedesktop.Notifications was not provided by any .service files
[17.934s] DEBUG:colcon.colcon_core.event_reactor:joined thread
[17.935s] INFO:colcon.colcon_core.shell:Creating prefix script '/Drone_Sim/ros_ws/install/local_setup.ps1'
[17.936s] INFO:colcon.colcon_core.shell:Creating prefix util module '/Drone_Sim/ros_ws/install/_local_setup_util_ps1.py'
[17.971s] INFO:colcon.colcon_core.shell:Creating prefix chain script '/Drone_Sim/ros_ws/install/setup.ps1'
[17.973s] INFO:colcon.colcon_core.shell:Creating prefix script '/Drone_Sim/ros_ws/install/local_setup.sh'
[17.981s] INFO:colcon.colcon_core.shell:Creating prefix util module '/Drone_Sim/ros_ws/install/_local_setup_util_sh.py'
[17.982s] INFO:colcon.colcon_core.shell:Creating prefix chain script '/Drone_Sim/ros_ws/install/setup.sh'
[17.983s] INFO:colcon.colcon_core.shell:Creating prefix script '/Drone_Sim/ros_ws/install/local_setup.bash'
[17.984s] INFO:colcon.colcon_core.shell:Creating prefix chain script '/Drone_Sim/ros_ws/install/setup.bash'
[17.986s] INFO:colcon.colcon_core.shell:Creating prefix script '/Drone_Sim/ros_ws/install/local_setup.zsh'
[17.986s] INFO:colcon.colcon_core.shell:Creating prefix chain script '/Drone_Sim/ros_ws/install/setup.zsh'
