[1.984s] Invoking command in '/Drone_Sim/ros_ws/build/autonomous_waypoint_nav': AMENT_PREFIX_PATH=/Drone_Sim/ros_ws/install/px4_msgs:${AMENT_PREFIX_PATH} CMAKE_PREFIX_PATH=/Drone_Sim/ros_ws/install/px4_msgs LD_LIBRARY_PATH=/Drone_Sim/ros_ws/install/px4_msgs/lib:${LD_LIBRARY_PATH} PYTHONPATH=/Drone_Sim/ros_ws/build/autonomous_waypoint_nav/prefix_override:/usr/lib/python3/dist-packages/colcon_core/task/python/colcon_distutils_commands:/Drone_Sim/ros_ws/install/autonomous_waypoint_nav/lib/python3.10/site-packages:/Drone_Sim/ros_ws/install/px4_msgs/local/lib/python3.10/dist-packages:${PYTHONPATH} /usr/bin/python3 -W ignore:setup.py install is deprecated -W ignore:easy_install command is deprecated setup.py develop --editable --build-directory /Drone_Sim/ros_ws/build/autonomous_waypoint_nav/build --no-deps symlink_data
[2.188s] running develop
[2.290s] running egg_info
[2.290s] creating autonomous_waypoint_nav.egg-info
[2.290s] writing autonomous_waypoint_nav.egg-info/PKG-INFO
[2.290s] writing dependency_links to autonomous_waypoint_nav.egg-info/dependency_links.txt
[2.290s] writing entry points to autonomous_waypoint_nav.egg-info/entry_points.txt
[2.290s] writing requirements to autonomous_waypoint_nav.egg-info/requires.txt
[2.290s] writing top-level names to autonomous_waypoint_nav.egg-info/top_level.txt
[2.290s] writing manifest file 'autonomous_waypoint_nav.egg-info/SOURCES.txt'
[2.291s] reading manifest file 'autonomous_waypoint_nav.egg-info/SOURCES.txt'
[2.292s] writing manifest file 'autonomous_waypoint_nav.egg-info/SOURCES.txt'
[2.293s] running build_ext
[2.293s] Creating /Drone_Sim/ros_ws/install/autonomous_waypoint_nav/lib/python3.10/site-packages/autonomous-waypoint-nav.egg-link (link to .)
[2.294s] Installing navigate script to /Drone_Sim/ros_ws/install/autonomous_waypoint_nav/lib/autonomous_waypoint_nav
[2.294s] 
[2.295s] Installed /Drone_Sim/ros_ws/build/autonomous_waypoint_nav
[2.295s] running symlink_data
[2.295s] creating /Drone_Sim/ros_ws/install/autonomous_waypoint_nav/share/ament_index
[2.295s] creating /Drone_Sim/ros_ws/install/autonomous_waypoint_nav/share/ament_index/resource_index
[2.295s] creating /Drone_Sim/ros_ws/install/autonomous_waypoint_nav/share/ament_index/resource_index/packages
[2.295s] symbolically linking /Drone_Sim/ros_ws/build/autonomous_waypoint_nav/resource/autonomous_waypoint_nav -> /Drone_Sim/ros_ws/install/autonomous_waypoint_nav/share/ament_index/resource_index/packages
[2.295s] symbolically linking /Drone_Sim/ros_ws/build/autonomous_waypoint_nav/package.xml -> /Drone_Sim/ros_ws/install/autonomous_waypoint_nav/share/autonomous_waypoint_nav
[2.322s] Invoked command in '/Drone_Sim/ros_ws/build/autonomous_waypoint_nav' returned '0': AMENT_PREFIX_PATH=/Drone_Sim/ros_ws/install/px4_msgs:${AMENT_PREFIX_PATH} CMAKE_PREFIX_PATH=/Drone_Sim/ros_ws/install/px4_msgs LD_LIBRARY_PATH=/Drone_Sim/ros_ws/install/px4_msgs/lib:${LD_LIBRARY_PATH} PYTHONPATH=/Drone_Sim/ros_ws/build/autonomous_waypoint_nav/prefix_override:/usr/lib/python3/dist-packages/colcon_core/task/python/colcon_distutils_commands:/Drone_Sim/ros_ws/install/autonomous_waypoint_nav/lib/python3.10/site-packages:/Drone_Sim/ros_ws/install/px4_msgs/local/lib/python3.10/dist-packages:${PYTHONPATH} /usr/bin/python3 -W ignore:setup.py install is deprecated -W ignore:easy_install command is deprecated setup.py develop --editable --build-directory /Drone_Sim/ros_ws/build/autonomous_waypoint_nav/build --no-deps symlink_data
