[0.692s] Invoking command in '/Drone_Sim/ros_ws/build/px4_ros_com': CMAKE_PREFIX_PATH=/Drone_Sim/ros_ws/install/px4_msgs:/Drone_Sim/ros_ws/install/px4_ros_com:/Drone_Sim/ros_ws/install/px4_offboard:/Drone_Sim/ros_ws/install/px4_microxrce_nav:/Drone_Sim/ros_ws/install/my_px4_package:/Drone_Sim/ros_ws/install/autonomous_waypoint_nav:/opt/ros/humble LD_LIBRARY_PATH=/Drone_Sim/ros_ws/install/px4_msgs/lib:/Drone_Sim/ros_ws/install/px4_ros_com/lib:/opt/ros/humble/opt/rviz_ogre_vendor/lib:/opt/ros/humble/lib/x86_64-linux-gnu:/opt/ros/humble/lib /usr/bin/cmake --build /Drone_Sim/ros_ws/build/px4_ros_com -- -j8 -l8
[0.786s] [ 16%] Built target frame_transforms
[0.786s] [ 33%] Built target sensor_combined_listener
[0.796s] [ 50%] Built target vehicle_gps_position_listener
[0.798s] [ 66%] Built target debug_vect_advertiser
[0.798s] [ 83%] Built target offboard_control_srv
[0.801s] [100%] Built target offboard_control
[0.810s] [100%] Built target ament_cmake_python_symlink_px4_ros_com
[1.125s] running egg_info
[1.126s] writing px4_ros_com.egg-info/PKG-INFO
[1.126s] writing dependency_links to px4_ros_com.egg-info/dependency_links.txt
[1.126s] writing top-level names to px4_ros_com.egg-info/top_level.txt
[1.129s] reading manifest file 'px4_ros_com.egg-info/SOURCES.txt'
[1.195s] writing manifest file 'px4_ros_com.egg-info/SOURCES.txt'
[1.237s] [100%] Built target ament_cmake_python_build_px4_ros_com_egg
[1.250s] Invoked command in '/Drone_Sim/ros_ws/build/px4_ros_com' returned '0': CMAKE_PREFIX_PATH=/Drone_Sim/ros_ws/install/px4_msgs:/Drone_Sim/ros_ws/install/px4_ros_com:/Drone_Sim/ros_ws/install/px4_offboard:/Drone_Sim/ros_ws/install/px4_microxrce_nav:/Drone_Sim/ros_ws/install/my_px4_package:/Drone_Sim/ros_ws/install/autonomous_waypoint_nav:/opt/ros/humble LD_LIBRARY_PATH=/Drone_Sim/ros_ws/install/px4_msgs/lib:/Drone_Sim/ros_ws/install/px4_ros_com/lib:/opt/ros/humble/opt/rviz_ogre_vendor/lib:/opt/ros/humble/lib/x86_64-linux-gnu:/opt/ros/humble/lib /usr/bin/cmake --build /Drone_Sim/ros_ws/build/px4_ros_com -- -j8 -l8
[1.252s] Invoking command in '/Drone_Sim/ros_ws/build/px4_ros_com': CMAKE_PREFIX_PATH=/Drone_Sim/ros_ws/install/px4_msgs:/Drone_Sim/ros_ws/install/px4_ros_com:/Drone_Sim/ros_ws/install/px4_offboard:/Drone_Sim/ros_ws/install/px4_microxrce_nav:/Drone_Sim/ros_ws/install/my_px4_package:/Drone_Sim/ros_ws/install/autonomous_waypoint_nav:/opt/ros/humble LD_LIBRARY_PATH=/Drone_Sim/ros_ws/install/px4_msgs/lib:/Drone_Sim/ros_ws/install/px4_ros_com/lib:/opt/ros/humble/opt/rviz_ogre_vendor/lib:/opt/ros/humble/lib/x86_64-linux-gnu:/opt/ros/humble/lib /usr/bin/cmake --install /Drone_Sim/ros_ws/build/px4_ros_com
[1.260s] -- Install configuration: ""
[1.260s] -- Execute custom install script
[1.260s] -- Up-to-date symlink: /Drone_Sim/ros_ws/install/px4_ros_com/lib/px4_ros_com/sensor_combined_listener
[1.261s] -- Up-to-date symlink: /Drone_Sim/ros_ws/install/px4_ros_com/lib/px4_ros_com/vehicle_gps_position_listener
[1.261s] -- Up-to-date symlink: /Drone_Sim/ros_ws/install/px4_ros_com/lib/px4_ros_com/debug_vect_advertiser
[1.261s] -- Up-to-date symlink: /Drone_Sim/ros_ws/install/px4_ros_com/lib/px4_ros_com/offboard_control
[1.261s] -- Up-to-date symlink: /Drone_Sim/ros_ws/install/px4_ros_com/lib/px4_ros_com/offboard_control_srv
[1.261s] -- Up-to-date symlink: /Drone_Sim/ros_ws/install/px4_ros_com/share/px4_ros_com/environment/library_path.sh
[1.261s] -- Up-to-date symlink: /Drone_Sim/ros_ws/install/px4_ros_com/share/px4_ros_com/environment/library_path.dsv
[1.262s] -- Up-to-date symlink: /Drone_Sim/ros_ws/install/px4_ros_com/include/px4_ros_com/frame_transforms.h
[1.262s] -- Up-to-date symlink: /Drone_Sim/ros_ws/install/px4_ros_com/share/px4_ros_com//launch/offboard_control_launch.yaml
[1.262s] -- Up-to-date symlink: /Drone_Sim/ros_ws/install/px4_ros_com/share/px4_ros_com//launch/sensor_combined_listener.launch.py
[1.262s] -- Up-to-date symlink: /Drone_Sim/ros_ws/install/px4_ros_com/share/px4_ros_com//test/__init__.py
[1.262s] -- Up-to-date symlink: /Drone_Sim/ros_ws/install/px4_ros_com/share/px4_ros_com//test/pipeline_io_test.py
[1.263s] -- Up-to-date symlink: /Drone_Sim/ros_ws/install/px4_ros_com/share/px4_ros_com//test/test_input.py
[1.263s] -- Up-to-date symlink: /Drone_Sim/ros_ws/install/px4_ros_com/share/px4_ros_com//test/test_output.py
[1.263s] -- Up-to-date symlink: /Drone_Sim/ros_ws/install/px4_ros_com/share/px4_ros_com/environment/pythonpath.sh
[1.263s] -- Up-to-date symlink: /Drone_Sim/ros_ws/install/px4_ros_com/share/px4_ros_com/environment/pythonpath.dsv
[1.263s] -- Up-to-date symlink: /Drone_Sim/ros_ws/install/px4_ros_com/local/lib/python3.10/dist-packages/px4_ros_com-0.1.0-py3.10.egg-info/PKG-INFO
[1.263s] -- Up-to-date symlink: /Drone_Sim/ros_ws/install/px4_ros_com/local/lib/python3.10/dist-packages/px4_ros_com-0.1.0-py3.10.egg-info/SOURCES.txt
[1.263s] -- Up-to-date symlink: /Drone_Sim/ros_ws/install/px4_ros_com/local/lib/python3.10/dist-packages/px4_ros_com-0.1.0-py3.10.egg-info/dependency_links.txt
[1.263s] -- Up-to-date symlink: /Drone_Sim/ros_ws/install/px4_ros_com/local/lib/python3.10/dist-packages/px4_ros_com-0.1.0-py3.10.egg-info/top_level.txt
[1.265s] -- Up-to-date symlink: /Drone_Sim/ros_ws/install/px4_ros_com/local/lib/python3.10/dist-packages/px4_ros_com/__init__.py
[1.265s] -- Up-to-date symlink: /Drone_Sim/ros_ws/install/px4_ros_com/local/lib/python3.10/dist-packages/px4_ros_com/module_to_import.py
[1.265s] -- Up-to-date symlink: /Drone_Sim/ros_ws/install/px4_ros_com/lib/px4_ros_com/offboard_control.py
[1.265s] -- Up-to-date symlink: /Drone_Sim/ros_ws/install/px4_ros_com/share/ament_index/resource_index/package_run_dependencies/px4_ros_com
[1.265s] -- Up-to-date symlink: /Drone_Sim/ros_ws/install/px4_ros_com/share/ament_index/resource_index/parent_prefix_path/px4_ros_com
[1.265s] -- Up-to-date symlink: /Drone_Sim/ros_ws/install/px4_ros_com/share/px4_ros_com/environment/ament_prefix_path.sh
[1.265s] -- Up-to-date symlink: /Drone_Sim/ros_ws/install/px4_ros_com/share/px4_ros_com/environment/ament_prefix_path.dsv
[1.266s] -- Up-to-date symlink: /Drone_Sim/ros_ws/install/px4_ros_com/share/px4_ros_com/environment/path.sh
[1.266s] -- Up-to-date symlink: /Drone_Sim/ros_ws/install/px4_ros_com/share/px4_ros_com/environment/path.dsv
[1.266s] -- Up-to-date symlink: /Drone_Sim/ros_ws/install/px4_ros_com/share/px4_ros_com/local_setup.bash
[1.266s] -- Up-to-date symlink: /Drone_Sim/ros_ws/install/px4_ros_com/share/px4_ros_com/local_setup.sh
[1.266s] -- Up-to-date symlink: /Drone_Sim/ros_ws/install/px4_ros_com/share/px4_ros_com/local_setup.zsh
[1.266s] -- Up-to-date symlink: /Drone_Sim/ros_ws/install/px4_ros_com/share/px4_ros_com/local_setup.dsv
[1.266s] -- Symlinking: /Drone_Sim/ros_ws/install/px4_ros_com/share/px4_ros_com/package.dsv
[1.276s] -- Up-to-date symlink: /Drone_Sim/ros_ws/install/px4_ros_com/share/ament_index/resource_index/packages/px4_ros_com
[1.276s] -- Up-to-date symlink: /Drone_Sim/ros_ws/install/px4_ros_com/share/px4_ros_com/cmake/ament_cmake_export_dependencies-extras.cmake
[1.276s] -- Up-to-date symlink: /Drone_Sim/ros_ws/install/px4_ros_com/share/px4_ros_com/cmake/ament_cmake_export_targets-extras.cmake
[1.276s] -- Up-to-date symlink: /Drone_Sim/ros_ws/install/px4_ros_com/share/px4_ros_com/cmake/ament_cmake_export_include_directories-extras.cmake
[1.277s] -- Up-to-date symlink: /Drone_Sim/ros_ws/install/px4_ros_com/share/px4_ros_com/cmake/ament_cmake_export_libraries-extras.cmake
[1.277s] -- Up-to-date symlink: /Drone_Sim/ros_ws/install/px4_ros_com/share/px4_ros_com/cmake/px4_ros_comConfig.cmake
[1.277s] -- Up-to-date symlink: /Drone_Sim/ros_ws/install/px4_ros_com/share/px4_ros_com/cmake/px4_ros_comConfig-version.cmake
[1.277s] -- Up-to-date symlink: /Drone_Sim/ros_ws/install/px4_ros_com/share/px4_ros_com/package.xml
[1.277s] -- Up-to-date: /Drone_Sim/ros_ws/install/px4_ros_com/lib/libframe_transforms.so
[1.315s] Listing '/Drone_Sim/ros_ws/install/px4_ros_com/local/lib/python3.10/dist-packages/px4_ros_com'...
[1.321s] -- Up-to-date: /Drone_Sim/ros_ws/install/px4_ros_com/share/px4_ros_com/cmake/export_frame_transformsExport.cmake
[1.321s] -- Up-to-date: /Drone_Sim/ros_ws/install/px4_ros_com/share/px4_ros_com/cmake/export_frame_transformsExport-noconfig.cmake
[1.326s] Invoked command in '/Drone_Sim/ros_ws/build/px4_ros_com' returned '0': CMAKE_PREFIX_PATH=/Drone_Sim/ros_ws/install/px4_msgs:/Drone_Sim/ros_ws/install/px4_ros_com:/Drone_Sim/ros_ws/install/px4_offboard:/Drone_Sim/ros_ws/install/px4_microxrce_nav:/Drone_Sim/ros_ws/install/my_px4_package:/Drone_Sim/ros_ws/install/autonomous_waypoint_nav:/opt/ros/humble LD_LIBRARY_PATH=/Drone_Sim/ros_ws/install/px4_msgs/lib:/Drone_Sim/ros_ws/install/px4_ros_com/lib:/opt/ros/humble/opt/rviz_ogre_vendor/lib:/opt/ros/humble/lib/x86_64-linux-gnu:/opt/ros/humble/lib /usr/bin/cmake --install /Drone_Sim/ros_ws/build/px4_ros_com
