[1.682s] Invoking command in '/Drone_Sim/ros_ws/build/my_px4_package': CMAKE_PREFIX_PATH=/Drone_Sim/ros_ws/install/px4_msgs:/Drone_Sim/ros_ws/install/px4_ros_com LD_LIBRARY_PATH=/Drone_Sim/ros_ws/install/px4_msgs/lib:/Drone_Sim/ros_ws/install/px4_ros_com/lib:/opt/ros/humble/opt/rviz_ogre_vendor/lib:/opt/ros/humble/lib/x86_64-linux-gnu:/opt/ros/humble/lib PYTHONPATH=/Drone_Sim/ros_ws/build/my_px4_package/prefix_override:/usr/lib/python3/dist-packages/colcon_core/task/python/colcon_distutils_commands:/Drone_Sim/ros_ws/install/my_px4_package/lib/python3.10/site-packages:${PYTHONPATH} /usr/bin/python3 -W ignore:setup.py install is deprecated -W ignore:easy_install command is deprecated setup.py develop --editable --build-directory /Drone_Sim/ros_ws/build/my_px4_package/build --no-deps symlink_data
[2.695s] running develop
[2.984s] running egg_info
[2.984s] creating my_px4_package.egg-info
[2.984s] writing my_px4_package.egg-info/PKG-INFO
[2.984s] writing dependency_links to my_px4_package.egg-info/dependency_links.txt
[2.985s] writing entry points to my_px4_package.egg-info/entry_points.txt
[2.985s] writing requirements to my_px4_package.egg-info/requires.txt
[2.985s] writing top-level names to my_px4_package.egg-info/top_level.txt
[2.986s] writing manifest file 'my_px4_package.egg-info/SOURCES.txt'
[2.990s] reading manifest file 'my_px4_package.egg-info/SOURCES.txt'
[2.991s] writing manifest file 'my_px4_package.egg-info/SOURCES.txt'
[2.994s] running build_ext
[2.994s] Creating /Drone_Sim/ros_ws/install/my_px4_package/lib/python3.10/site-packages/my-px4-package.egg-link (link to .)
[2.997s] Installing twist_to_trajectory script to /Drone_Sim/ros_ws/install/my_px4_package/lib/my_px4_package
[2.998s] 
[2.998s] Installed /Drone_Sim/ros_ws/build/my_px4_package
[2.998s] running symlink_data
[2.998s] creating /Drone_Sim/ros_ws/install/my_px4_package/share/ament_index
[2.998s] creating /Drone_Sim/ros_ws/install/my_px4_package/share/ament_index/resource_index
[2.999s] creating /Drone_Sim/ros_ws/install/my_px4_package/share/ament_index/resource_index/packages
[2.999s] symbolically linking /Drone_Sim/ros_ws/build/my_px4_package/resource/my_px4_package -> /Drone_Sim/ros_ws/install/my_px4_package/share/ament_index/resource_index/packages
[2.999s] symbolically linking /Drone_Sim/ros_ws/build/my_px4_package/package.xml -> /Drone_Sim/ros_ws/install/my_px4_package/share/my_px4_package
[3.048s] Invoked command in '/Drone_Sim/ros_ws/build/my_px4_package' returned '0': CMAKE_PREFIX_PATH=/Drone_Sim/ros_ws/install/px4_msgs:/Drone_Sim/ros_ws/install/px4_ros_com LD_LIBRARY_PATH=/Drone_Sim/ros_ws/install/px4_msgs/lib:/Drone_Sim/ros_ws/install/px4_ros_com/lib:/opt/ros/humble/opt/rviz_ogre_vendor/lib:/opt/ros/humble/lib/x86_64-linux-gnu:/opt/ros/humble/lib PYTHONPATH=/Drone_Sim/ros_ws/build/my_px4_package/prefix_override:/usr/lib/python3/dist-packages/colcon_core/task/python/colcon_distutils_commands:/Drone_Sim/ros_ws/install/my_px4_package/lib/python3.10/site-packages:${PYTHONPATH} /usr/bin/python3 -W ignore:setup.py install is deprecated -W ignore:easy_install command is deprecated setup.py develop --editable --build-directory /Drone_Sim/ros_ws/build/my_px4_package/build --no-deps symlink_data
